[+] Containers:
 |- [+] Container: /Game/Maps/room_move___down1
 |   |- [+] ActorDescs:
 |   |   |- Guid:0B9F10FC4E59CCABEA0BEA86E45D8FBC BaseClass: NativeClass:/Script/Engine.PointLight Name:PointLight_UAID_E8808871396DF32002_2007658085 Label:PointLight3 SpatiallyLoaded:1 Bounds:IsValid=true, Min=(X=-1750.000 Y=-2450.000 Z=-1700.000), Max=(X=2250.000 Y=1550.000 Z=2300.000) RuntimeGrid:None EditorOnly:0 RuntimeOnly:0 HLODRelevant:0 ListedInSceneOutliner:1 IsMainWorldOnly:0
 |   |   |- Guid:0C9784814F70DD3A82C854B1652328F3 BaseClass: NativeClass:/Script/Engine.StaticMeshActor Name:StaticMeshActor_UAID_E8808871396DF32002_1109962059 Label:SM_Bld_Castle_Floor_Stone_3 SpatiallyLoaded:1 Bounds:IsValid=true, Min=(X=-0.104 Y=500.000 Z=-25.000), Max=(X=500.000 Y=750.000 Z=3.480) RuntimeGrid:None EditorOnly:0 RuntimeOnly:0 HLODRelevant:1 ListedInSceneOutliner:1 IsMainWorldOnly:0
 |   |   |- Guid:157B855C415D6ACA06F2238360AB08A1 BaseClass: NativeClass:/Script/Engine.StaticMeshActor Name:StaticMeshActor_UAID_E8808871396DF42002_1216147265 Label:SM_Prop_Torch_6 SpatiallyLoaded:1 Bounds:IsValid=true, Min=(X=238.016 Y=-482.917 Z=270.200), Max=(X=261.984 Y=-441.812 Z=334.904) RuntimeGrid:None EditorOnly:0 RuntimeOnly:0 HLODRelevant:1 ListedInSceneOutliner:1 IsMainWorldOnly:0
 |   |   |- Guid:17D061C4487C11F7A207BE9730BD1636 BaseClass: NativeClass:/Script/Engine.StaticMeshActor Name:StaticMeshActor_UAID_E8808871396DF42002_1164479263 Label:SM_Prop_Torch_5 SpatiallyLoaded:1 Bounds:IsValid=true, Min=(X=461.812 Y=738.016 Z=220.200), Max=(X=502.917 Y=761.984 Z=284.904) RuntimeGrid:None EditorOnly:0 RuntimeOnly:0 HLODRelevant:1 ListedInSceneOutliner:1 IsMainWorldOnly:0
 |   |   |- Guid:186EE6664FF0808D2CA060AA8154279B BaseClass:/Game/Blueprint/Portals/BP_Bounds.BP_Bounds_C NativeClass:/Script/Engine.Actor Name:BP_Bounds_C_UAID_0A002700000DF02102_1458306585 Label:BP_Bounds2 SpatiallyLoaded:1 Bounds:IsValid=true, Min=(X=275.308 Y=1061.280 Z=-255.360), Max=(X=564.692 Y=1098.720 Z=-44.640) RuntimeGrid:None EditorOnly:0 RuntimeOnly:0 HLODRelevant:0 ListedInSceneOutliner:1 IsMainWorldOnly:0
 |   |   |- Guid:19CF336F44DB2D44FA94F5B9EB9760A3 BaseClass: NativeClass:/Script/Engine.PointLight Name:PointLight_UAID_E8808871396DF32002_1810998081 Label:PointLight2 SpatiallyLoaded:1 Bounds:IsValid=true, Min=(X=-1600.000 Y=-1250.000 Z=-1750.000), Max=(X=2400.000 Y=2750.000 Z=2250.000) RuntimeGrid:None EditorOnly:0 RuntimeOnly:0 HLODRelevant:0 ListedInSceneOutliner:1 IsMainWorldOnly:0
 |   |   |- Guid:1EF031D34FC0FD9BBD89CB8499824A30 BaseClass: NativeClass:/Script/Engine.StaticMeshActor Name:StaticMeshActor_UAID_E8808871396DF32002_1147579061 Label:SM_Bld_Castle_Floor_Stone_5 SpatiallyLoaded:1 Bounds:IsValid=true, Min=(X=496.520 Y=500.000 Z=-0.104), Max=(X=525.000 Y=1000.000 Z=500.000) RuntimeGrid:None EditorOnly:0 RuntimeOnly:0 HLODRelevant:1 ListedInSceneOutliner:1 IsMainWorldOnly:0
 |   |   |- Guid:1FC6FC03421241FA5E45CF90FA8CA702 BaseClass:/Game/Blueprint/Portals/BP_Bounds.BP_Bounds_C NativeClass:/Script/Engine.Actor Name:BP_Bounds_C_UAID_0A002700000DF02102_1231048583 Label:BP_Bounds SpatiallyLoaded:1 Bounds:IsValid=true, Min=(X=-29.575 Y=-479.120 Z=-17.840), Max=(X=9.575 Y=999.120 Z=537.840) RuntimeGrid:None EditorOnly:0 RuntimeOnly:0 HLODRelevant:0 ListedInSceneOutliner:1 IsMainWorldOnly:0
 |   |   |- Guid:34418D5943F2F3A80144AC8C14D61B8E BaseClass:/Game/Blueprint/Portals/portal/BP_Gate.BP_Gate_C NativeClass:/Script/Engine.Actor Name:BP_Gate_C_UAID_0A002700000D4C2202_1377776776 Label:BP_Gate2 SpatiallyLoaded:1 Bounds:IsValid=true, Min=(X=345.600 Y=864.640 Z=-33.360), Max=(X=494.400 Y=1035.360 Z=-26.640) RuntimeGrid:None EditorOnly:0 RuntimeOnly:0 HLODRelevant:0 ListedInSceneOutliner:1 IsMainWorldOnly:0
 |   |   |- Guid:34ACE0B841CD5C6007397982E602EFB7 BaseClass:/Game/Blueprint/Portals/BP_Bounds.BP_Bounds_C NativeClass:/Script/Engine.Actor Name:BP_Bounds_C_UAID_0A002700000DF02102_1512439586 Label:BP_Bounds3 SpatiallyLoaded:1 Bounds:IsValid=true, Min=(X=542.578 Y=686.200 Z=-222.560), Max=(X=557.422 Y=1063.800 Z=2.560) RuntimeGrid:None EditorOnly:0 RuntimeOnly:0 HLODRelevant:0 ListedInSceneOutliner:1 IsMainWorldOnly:0
 |   |   |- Guid:3C226FE54A57FEC6DEC6C380B40FDCD9 BaseClass: NativeClass:/Script/Engine.WorldDataLayers Name:WorldDataLayers Label:WorldDataLayers SpatiallyLoaded:0 Bounds:Invalid RuntimeGrid:None EditorOnly:0 RuntimeOnly:0 HLODRelevant:0 ListedInSceneOutliner:1 IsMainWorldOnly:1
 |   |   |- Guid:4B0F14B6458AE0E5C47C39862AA70FCD BaseClass: NativeClass:/Script/Engine.PointLight Name:PointLight_UAID_E8808871396DF42002_1181752264 Label:PointLight4 SpatiallyLoaded:1 Bounds:IsValid=true, Min=(X=-1750.000 Y=-1050.000 Z=-1700.000), Max=(X=2250.000 Y=2950.000 Z=2300.000) RuntimeGrid:None EditorOnly:0 RuntimeOnly:0 HLODRelevant:0 ListedInSceneOutliner:1 IsMainWorldOnly:0
 |   |   |- Guid:4F770623409966357FE8758080219AF6 BaseClass:/Game/Blueprint/Portals/Item/BP_RandomGenerator.BP_RandomGenerator_C NativeClass:/Script/Engine.Actor Name:BP_RandomGenerator_C_UAID_6C2408545297012302_1492954633 Label:BP_RandomGenerator SpatiallyLoaded:1 Bounds:IsValid=true, Min=(X=310.000 Y=880.000 Z=0.000), Max=(X=310.000 Y=880.000 Z=0.000) RuntimeGrid:None EditorOnly:0 RuntimeOnly:0 HLODRelevant:0 ListedInSceneOutliner:1 IsMainWorldOnly:0
 |   |   |- Guid:624A97C3421ACD2D6BA7978FC55C4AF7 BaseClass: NativeClass:/Script/Engine.StaticMeshActor Name:StaticMeshActor_UAID_E8808871396DF32002_1283261064 Label:SM_Bld_Castle_Door_Single_01 SpatiallyLoaded:1 Bounds:IsValid=true, Min=(X=199.491 Y=-512.889 Z=10.461), Max=(X=302.394 Y=-487.111 Z=244.968) RuntimeGrid:None EditorOnly:0 RuntimeOnly:0 HLODRelevant:1 ListedInSceneOutliner:1 IsMainWorldOnly:0
 |   |   |- Guid:6A185BA14B57F1B2589ED4A8439F01CC BaseClass: NativeClass:/Script/Engine.StaticMeshActor Name:StaticMeshActor_UAID_E8808871396DF42002_1461634269 Label:SM_Prop_Torch_8 SpatiallyLoaded:1 Bounds:IsValid=true, Min=(X=461.812 Y=-261.984 Z=220.200), Max=(X=502.917 Y=-238.016 Z=284.904) RuntimeGrid:None EditorOnly:0 RuntimeOnly:0 HLODRelevant:1 ListedInSceneOutliner:1 IsMainWorldOnly:0
 |   |   |- Guid:70686CF94D06C55B58C5EF8F74F77616 BaseClass: NativeClass:/Script/Engine.StaticMeshActor Name:StaticMeshActor_UAID_E8808871396DF32002_1100754058 Label:SM_Bld_Castle_Floor_Stone_2 SpatiallyLoaded:1 Bounds:IsValid=true, Min=(X=-0.104 Y=0.000 Z=-25.000), Max=(X=500.000 Y=500.000 Z=3.480) RuntimeGrid:None EditorOnly:0 RuntimeOnly:0 HLODRelevant:1 ListedInSceneOutliner:1 IsMainWorldOnly:0
 |   |   |- Guid:711E452C4A531D7F0E2A42A994048D62 BaseClass: NativeClass:/Script/Engine.StaticMeshActor Name:StaticMeshActor_UAID_E8808871396DF22002_1619271881 Label:SM_Bld_Castle_Floor_Stone_01 SpatiallyLoaded:1 Bounds:IsValid=true, Min=(X=-0.104 Y=-500.000 Z=-25.000), Max=(X=500.000 Y=0.000 Z=3.480) RuntimeGrid:None EditorOnly:0 RuntimeOnly:0 HLODRelevant:1 ListedInSceneOutliner:1 IsMainWorldOnly:0
 |   |   |- Guid:724950A744B010BCEFE0CABF9434BE5C BaseClass: NativeClass:/Script/Engine.PointLight Name:PointLight_UAID_E8808871396DF32002_1706056078 Label:PointLight SpatiallyLoaded:1 Bounds:IsValid=true, Min=(X=-1550.000 Y=-1750.000 Z=-1750.000), Max=(X=2450.000 Y=2250.000 Z=2250.000) RuntimeGrid:None EditorOnly:0 RuntimeOnly:0 HLODRelevant:0 ListedInSceneOutliner:1 IsMainWorldOnly:0
 |   |   |- Guid:75F31DDC4456455E4E022E9CCDDB8750 BaseClass: NativeClass:/Script/Engine.StaticMeshActor Name:StaticMeshActor_UAID_0A002700000DF02102_1362139584 Label:SM_Bld_Stairs_Straight_Wide_01 SpatiallyLoaded:1 Bounds:IsValid=true, Min=(X=348.999 Y=695.777 Z=-996.223), Max=(X=547.600 Y=1700.223 Z=8.223) RuntimeGrid:None EditorOnly:0 RuntimeOnly:0 HLODRelevant:1 ListedInSceneOutliner:1 IsMainWorldOnly:0
 |   |   |- Guid:812DD5BA4351A627939053861313A43D BaseClass: NativeClass:/Script/Engine.StaticMeshActor Name:StaticMeshActor_UAID_E8808871396DF52002_1161120450 Label:SM_Bld_Castle_Floor_Stone_4 SpatiallyLoaded:1 Bounds:IsValid=true, Min=(X=-0.073 Y=750.000 Z=-25.000), Max=(X=350.000 Y=1000.000 Z=3.480) RuntimeGrid:None EditorOnly:0 RuntimeOnly:0 HLODRelevant:1 ListedInSceneOutliner:1 IsMainWorldOnly:0
 |   |   |- Guid:8261BC6C4E1CC5A4E6EC08920897D0DF BaseClass: NativeClass:/Script/Engine.StaticMeshActor Name:StaticMeshActor_UAID_E8808871396DF32002_1173993062 Label:SM_Bld_Castle_Floor_Stone_6 SpatiallyLoaded:1 Bounds:IsValid=true, Min=(X=496.520 Y=0.000 Z=-0.104), Max=(X=525.000 Y=500.000 Z=500.000) RuntimeGrid:None EditorOnly:0 RuntimeOnly:0 HLODRelevant:1 ListedInSceneOutliner:1 IsMainWorldOnly:0
 |   |   |- Guid:868B275942A8D6A4CD7B548D56FEC0A5 BaseClass: NativeClass:/Script/Engine.StaticMeshActor Name:StaticMeshActor_UAID_E8808871396DF42002_1217964266 Label:SM_Prop_Torch_7 SpatiallyLoaded:1 Bounds:IsValid=true, Min=(X=238.016 Y=961.812 Z=270.200), Max=(X=261.984 Y=1002.917 Z=334.904) RuntimeGrid:None EditorOnly:0 RuntimeOnly:0 HLODRelevant:1 ListedInSceneOutliner:1 IsMainWorldOnly:0
 |   |   |- Guid:AEA13B47432285035E202FB32AF2787A BaseClass: NativeClass:/Script/Engine.StaticMeshActor Name:StaticMeshActor_UAID_E8808871396DF32002_1346531066 Label:SM_Bld_Castle_Wall_Door_2 SpatiallyLoaded:1 Bounds:IsValid=true, Min=(X=-0.001 Y=-531.271 Z=0.000), Max=(X=499.999 Y=-468.732 Z=500.000) RuntimeGrid:None EditorOnly:0 RuntimeOnly:0 HLODRelevant:1 ListedInSceneOutliner:1 IsMainWorldOnly:0
 |   |   |- Guid:AEFF20BF4336D0DC4900E181CA6178E0 BaseClass: NativeClass:/Script/Engine.PlayerStart Name:PlayerStart_UAID_0A002700000DF02102_1563295588 Label:PlayerStart SpatiallyLoaded:0 Bounds:IsValid=true, Min=(X=370.000 Y=580.000 Z=8.000), Max=(X=450.000 Y=660.000 Z=192.000) RuntimeGrid:None EditorOnly:0 RuntimeOnly:0 HLODRelevant:0 ListedInSceneOutliner:1 IsMainWorldOnly:0
 |   |   |- Guid:C12E8A19417C6CAE2226C996A50355A0 BaseClass: NativeClass:/Script/Engine.StaticMeshActor Name:StaticMeshActor_UAID_E8808871396DF32002_1670216077 Label:SM_Prop_Torch_3 SpatiallyLoaded:1 Bounds:IsValid=true, Min=(X=461.812 Y=238.016 Z=220.200), Max=(X=502.917 Y=261.984 Z=284.904) RuntimeGrid:None EditorOnly:0 RuntimeOnly:0 HLODRelevant:1 ListedInSceneOutliner:1 IsMainWorldOnly:0
 |   |   |- Guid:CA49B20E43188AEB4053738D81B7B265 BaseClass: NativeClass:/Script/Engine.StaticMeshActor Name:StaticMeshActor_UAID_E8808871396DF52002_1226008451 Label:SM_Bld_Castle_Floor_Stone_10 SpatiallyLoaded:1 Bounds:IsValid=true, Min=(X=-0.000 Y=996.520 Z=-0.104), Max=(X=500.000 Y=1025.000 Z=500.000) RuntimeGrid:None EditorOnly:0 RuntimeOnly:0 HLODRelevant:1 ListedInSceneOutliner:1 IsMainWorldOnly:0
 |   |   |- Guid:D02DB9A7472A9F59E034E99BE0851915 BaseClass: NativeClass:/Script/Engine.PointLight Name:PointLight_UAID_E8808871396DF42002_1447518268 Label:PointLight5 SpatiallyLoaded:1 Bounds:IsValid=true, Min=(X=-1550.000 Y=-2250.000 Z=-1750.000), Max=(X=2450.000 Y=1750.000 Z=2250.000) RuntimeGrid:None EditorOnly:0 RuntimeOnly:0 HLODRelevant:0 ListedInSceneOutliner:1 IsMainWorldOnly:0
 |   |   |- Guid:D6E3CBE4430EA68BF8BA718B0A75D0FC BaseClass:/Game/Blueprint/Portals/portal/BP_Gate.BP_Gate_C NativeClass:/Script/Engine.Actor Name:BP_Gate_C_UAID_0A002700000D1F2202_1481188879 Label:BP_Gate SpatiallyLoaded:1 Bounds:IsValid=true, Min=(X=192.960 Y=-502.320 Z=-2.160), Max=(X=307.040 Y=-477.680 Z=242.160) RuntimeGrid:None EditorOnly:0 RuntimeOnly:0 HLODRelevant:0 ListedInSceneOutliner:1 IsMainWorldOnly:0
 |   |   |- Guid:EDE269574EF6E2960171DD9786265B34 BaseClass: NativeClass:/Script/Engine.StaticMeshActor Name:StaticMeshActor_UAID_E8808871396DF42002_1288873267 Label:SM_Bld_Castle_Floor_Stone_11 SpatiallyLoaded:1 Bounds:IsValid=true, Min=(X=496.520 Y=-500.000 Z=-0.104), Max=(X=525.000 Y=0.000 Z=500.000) RuntimeGrid:None EditorOnly:0 RuntimeOnly:0 HLODRelevant:1 ListedInSceneOutliner:1 IsMainWorldOnly:0
 |   |   |- Guid:F3398737412BE91F6B94558A6A3B9A74 BaseClass:/Game/Blueprint/Portals/BP_Bounds.BP_Bounds_C NativeClass:/Script/Engine.Actor Name:BP_Bounds_C_UAID_0A002700000DF02102_1541812587 Label:BP_Bounds4 SpatiallyLoaded:1 Bounds:IsValid=true, Min=(X=332.578 Y=686.200 Z=-222.560), Max=(X=347.422 Y=1063.800 Z=2.560) RuntimeGrid:None EditorOnly:0 RuntimeOnly:0 HLODRelevant:0 ListedInSceneOutliner:1 IsMainWorldOnly:0
 |   |- [+] Clusters:
 |   |   |- [+] [  0]
 |   |   |   |- Guid:0B9F10FC4E59CCABEA0BEA86E45D8FBC BaseClass: NativeClass:/Script/Engine.PointLight Name:PointLight_UAID_E8808871396DF32002_2007658085 Label:PointLight3 SpatiallyLoaded:1 Bounds:IsValid=true, Min=(X=-1750.000 Y=-2450.000 Z=-1700.000), Max=(X=2250.000 Y=1550.000 Z=2300.000) RuntimeGrid:None EditorOnly:0 RuntimeOnly:0 HLODRelevant:0 ListedInSceneOutliner:1 IsMainWorldOnly:0
 |   |   |- [+] [  1]
 |   |   |   |- Guid:0C9784814F70DD3A82C854B1652328F3 BaseClass: NativeClass:/Script/Engine.StaticMeshActor Name:StaticMeshActor_UAID_E8808871396DF32002_1109962059 Label:SM_Bld_Castle_Floor_Stone_3 SpatiallyLoaded:1 Bounds:IsValid=true, Min=(X=-0.104 Y=500.000 Z=-25.000), Max=(X=500.000 Y=750.000 Z=3.480) RuntimeGrid:None EditorOnly:0 RuntimeOnly:0 HLODRelevant:1 ListedInSceneOutliner:1 IsMainWorldOnly:0
 |   |   |- [+] [  2]
 |   |   |   |- Guid:157B855C415D6ACA06F2238360AB08A1 BaseClass: NativeClass:/Script/Engine.StaticMeshActor Name:StaticMeshActor_UAID_E8808871396DF42002_1216147265 Label:SM_Prop_Torch_6 SpatiallyLoaded:1 Bounds:IsValid=true, Min=(X=238.016 Y=-482.917 Z=270.200), Max=(X=261.984 Y=-441.812 Z=334.904) RuntimeGrid:None EditorOnly:0 RuntimeOnly:0 HLODRelevant:1 ListedInSceneOutliner:1 IsMainWorldOnly:0
 |   |   |- [+] [  3]
 |   |   |   |- Guid:17D061C4487C11F7A207BE9730BD1636 BaseClass: NativeClass:/Script/Engine.StaticMeshActor Name:StaticMeshActor_UAID_E8808871396DF42002_1164479263 Label:SM_Prop_Torch_5 SpatiallyLoaded:1 Bounds:IsValid=true, Min=(X=461.812 Y=738.016 Z=220.200), Max=(X=502.917 Y=761.984 Z=284.904) RuntimeGrid:None EditorOnly:0 RuntimeOnly:0 HLODRelevant:1 ListedInSceneOutliner:1 IsMainWorldOnly:0
 |   |   |- [+] [  4]
 |   |   |   |- Guid:186EE6664FF0808D2CA060AA8154279B BaseClass:/Game/Blueprint/Portals/BP_Bounds.BP_Bounds_C NativeClass:/Script/Engine.Actor Name:BP_Bounds_C_UAID_0A002700000DF02102_1458306585 Label:BP_Bounds2 SpatiallyLoaded:1 Bounds:IsValid=true, Min=(X=275.308 Y=1061.280 Z=-255.360), Max=(X=564.692 Y=1098.720 Z=-44.640) RuntimeGrid:None EditorOnly:0 RuntimeOnly:0 HLODRelevant:0 ListedInSceneOutliner:1 IsMainWorldOnly:0
 |   |   |- [+] [  5]
 |   |   |   |- Guid:19CF336F44DB2D44FA94F5B9EB9760A3 BaseClass: NativeClass:/Script/Engine.PointLight Name:PointLight_UAID_E8808871396DF32002_1810998081 Label:PointLight2 SpatiallyLoaded:1 Bounds:IsValid=true, Min=(X=-1600.000 Y=-1250.000 Z=-1750.000), Max=(X=2400.000 Y=2750.000 Z=2250.000) RuntimeGrid:None EditorOnly:0 RuntimeOnly:0 HLODRelevant:0 ListedInSceneOutliner:1 IsMainWorldOnly:0
 |   |   |- [+] [  6]
 |   |   |   |- Guid:1EF031D34FC0FD9BBD89CB8499824A30 BaseClass: NativeClass:/Script/Engine.StaticMeshActor Name:StaticMeshActor_UAID_E8808871396DF32002_1147579061 Label:SM_Bld_Castle_Floor_Stone_5 SpatiallyLoaded:1 Bounds:IsValid=true, Min=(X=496.520 Y=500.000 Z=-0.104), Max=(X=525.000 Y=1000.000 Z=500.000) RuntimeGrid:None EditorOnly:0 RuntimeOnly:0 HLODRelevant:1 ListedInSceneOutliner:1 IsMainWorldOnly:0
 |   |   |- [+] [  7]
 |   |   |   |- Guid:1FC6FC03421241FA5E45CF90FA8CA702 BaseClass:/Game/Blueprint/Portals/BP_Bounds.BP_Bounds_C NativeClass:/Script/Engine.Actor Name:BP_Bounds_C_UAID_0A002700000DF02102_1231048583 Label:BP_Bounds SpatiallyLoaded:1 Bounds:IsValid=true, Min=(X=-29.575 Y=-479.120 Z=-17.840), Max=(X=9.575 Y=999.120 Z=537.840) RuntimeGrid:None EditorOnly:0 RuntimeOnly:0 HLODRelevant:0 ListedInSceneOutliner:1 IsMainWorldOnly:0
 |   |   |- [+] [  8]
 |   |   |   |- Guid:34418D5943F2F3A80144AC8C14D61B8E BaseClass:/Game/Blueprint/Portals/portal/BP_Gate.BP_Gate_C NativeClass:/Script/Engine.Actor Name:BP_Gate_C_UAID_0A002700000D4C2202_1377776776 Label:BP_Gate2 SpatiallyLoaded:1 Bounds:IsValid=true, Min=(X=345.600 Y=864.640 Z=-33.360), Max=(X=494.400 Y=1035.360 Z=-26.640) RuntimeGrid:None EditorOnly:0 RuntimeOnly:0 HLODRelevant:0 ListedInSceneOutliner:1 IsMainWorldOnly:0
 |   |   |- [+] [  9]
 |   |   |   |- Guid:34ACE0B841CD5C6007397982E602EFB7 BaseClass:/Game/Blueprint/Portals/BP_Bounds.BP_Bounds_C NativeClass:/Script/Engine.Actor Name:BP_Bounds_C_UAID_0A002700000DF02102_1512439586 Label:BP_Bounds3 SpatiallyLoaded:1 Bounds:IsValid=true, Min=(X=542.578 Y=686.200 Z=-222.560), Max=(X=557.422 Y=1063.800 Z=2.560) RuntimeGrid:None EditorOnly:0 RuntimeOnly:0 HLODRelevant:0 ListedInSceneOutliner:1 IsMainWorldOnly:0
 |   |   |- [+] [ 10]
 |   |   |   |- Guid:3C226FE54A57FEC6DEC6C380B40FDCD9 BaseClass: NativeClass:/Script/Engine.WorldDataLayers Name:WorldDataLayers Label:WorldDataLayers SpatiallyLoaded:0 Bounds:Invalid RuntimeGrid:None EditorOnly:0 RuntimeOnly:0 HLODRelevant:0 ListedInSceneOutliner:1 IsMainWorldOnly:1
 |   |   |- [+] [ 11]
 |   |   |   |- Guid:4B0F14B6458AE0E5C47C39862AA70FCD BaseClass: NativeClass:/Script/Engine.PointLight Name:PointLight_UAID_E8808871396DF42002_1181752264 Label:PointLight4 SpatiallyLoaded:1 Bounds:IsValid=true, Min=(X=-1750.000 Y=-1050.000 Z=-1700.000), Max=(X=2250.000 Y=2950.000 Z=2300.000) RuntimeGrid:None EditorOnly:0 RuntimeOnly:0 HLODRelevant:0 ListedInSceneOutliner:1 IsMainWorldOnly:0
 |   |   |- [+] [ 12]
 |   |   |   |- Guid:4F770623409966357FE8758080219AF6 BaseClass:/Game/Blueprint/Portals/Item/BP_RandomGenerator.BP_RandomGenerator_C NativeClass:/Script/Engine.Actor Name:BP_RandomGenerator_C_UAID_6C2408545297012302_1492954633 Label:BP_RandomGenerator SpatiallyLoaded:1 Bounds:IsValid=true, Min=(X=310.000 Y=880.000 Z=0.000), Max=(X=310.000 Y=880.000 Z=0.000) RuntimeGrid:None EditorOnly:0 RuntimeOnly:0 HLODRelevant:0 ListedInSceneOutliner:1 IsMainWorldOnly:0
 |   |   |- [+] [ 13]
 |   |   |   |- Guid:624A97C3421ACD2D6BA7978FC55C4AF7 BaseClass: NativeClass:/Script/Engine.StaticMeshActor Name:StaticMeshActor_UAID_E8808871396DF32002_1283261064 Label:SM_Bld_Castle_Door_Single_01 SpatiallyLoaded:1 Bounds:IsValid=true, Min=(X=199.491 Y=-512.889 Z=10.461), Max=(X=302.394 Y=-487.111 Z=244.968) RuntimeGrid:None EditorOnly:0 RuntimeOnly:0 HLODRelevant:1 ListedInSceneOutliner:1 IsMainWorldOnly:0
 |   |   |- [+] [ 14]
 |   |   |   |- Guid:6A185BA14B57F1B2589ED4A8439F01CC BaseClass: NativeClass:/Script/Engine.StaticMeshActor Name:StaticMeshActor_UAID_E8808871396DF42002_1461634269 Label:SM_Prop_Torch_8 SpatiallyLoaded:1 Bounds:IsValid=true, Min=(X=461.812 Y=-261.984 Z=220.200), Max=(X=502.917 Y=-238.016 Z=284.904) RuntimeGrid:None EditorOnly:0 RuntimeOnly:0 HLODRelevant:1 ListedInSceneOutliner:1 IsMainWorldOnly:0
 |   |   |- [+] [ 15]
 |   |   |   |- Guid:70686CF94D06C55B58C5EF8F74F77616 BaseClass: NativeClass:/Script/Engine.StaticMeshActor Name:StaticMeshActor_UAID_E8808871396DF32002_1100754058 Label:SM_Bld_Castle_Floor_Stone_2 SpatiallyLoaded:1 Bounds:IsValid=true, Min=(X=-0.104 Y=0.000 Z=-25.000), Max=(X=500.000 Y=500.000 Z=3.480) RuntimeGrid:None EditorOnly:0 RuntimeOnly:0 HLODRelevant:1 ListedInSceneOutliner:1 IsMainWorldOnly:0
 |   |   |- [+] [ 16]
 |   |   |   |- Guid:711E452C4A531D7F0E2A42A994048D62 BaseClass: NativeClass:/Script/Engine.StaticMeshActor Name:StaticMeshActor_UAID_E8808871396DF22002_1619271881 Label:SM_Bld_Castle_Floor_Stone_01 SpatiallyLoaded:1 Bounds:IsValid=true, Min=(X=-0.104 Y=-500.000 Z=-25.000), Max=(X=500.000 Y=0.000 Z=3.480) RuntimeGrid:None EditorOnly:0 RuntimeOnly:0 HLODRelevant:1 ListedInSceneOutliner:1 IsMainWorldOnly:0
 |   |   |- [+] [ 17]
 |   |   |   |- Guid:724950A744B010BCEFE0CABF9434BE5C BaseClass: NativeClass:/Script/Engine.PointLight Name:PointLight_UAID_E8808871396DF32002_1706056078 Label:PointLight SpatiallyLoaded:1 Bounds:IsValid=true, Min=(X=-1550.000 Y=-1750.000 Z=-1750.000), Max=(X=2450.000 Y=2250.000 Z=2250.000) RuntimeGrid:None EditorOnly:0 RuntimeOnly:0 HLODRelevant:0 ListedInSceneOutliner:1 IsMainWorldOnly:0
 |   |   |- [+] [ 18]
 |   |   |   |- Guid:75F31DDC4456455E4E022E9CCDDB8750 BaseClass: NativeClass:/Script/Engine.StaticMeshActor Name:StaticMeshActor_UAID_0A002700000DF02102_1362139584 Label:SM_Bld_Stairs_Straight_Wide_01 SpatiallyLoaded:1 Bounds:IsValid=true, Min=(X=348.999 Y=695.777 Z=-996.223), Max=(X=547.600 Y=1700.223 Z=8.223) RuntimeGrid:None EditorOnly:0 RuntimeOnly:0 HLODRelevant:1 ListedInSceneOutliner:1 IsMainWorldOnly:0
 |   |   |- [+] [ 19]
 |   |   |   |- Guid:812DD5BA4351A627939053861313A43D BaseClass: NativeClass:/Script/Engine.StaticMeshActor Name:StaticMeshActor_UAID_E8808871396DF52002_1161120450 Label:SM_Bld_Castle_Floor_Stone_4 SpatiallyLoaded:1 Bounds:IsValid=true, Min=(X=-0.073 Y=750.000 Z=-25.000), Max=(X=350.000 Y=1000.000 Z=3.480) RuntimeGrid:None EditorOnly:0 RuntimeOnly:0 HLODRelevant:1 ListedInSceneOutliner:1 IsMainWorldOnly:0
 |   |   |- [+] [ 20]
 |   |   |   |- Guid:8261BC6C4E1CC5A4E6EC08920897D0DF BaseClass: NativeClass:/Script/Engine.StaticMeshActor Name:StaticMeshActor_UAID_E8808871396DF32002_1173993062 Label:SM_Bld_Castle_Floor_Stone_6 SpatiallyLoaded:1 Bounds:IsValid=true, Min=(X=496.520 Y=0.000 Z=-0.104), Max=(X=525.000 Y=500.000 Z=500.000) RuntimeGrid:None EditorOnly:0 RuntimeOnly:0 HLODRelevant:1 ListedInSceneOutliner:1 IsMainWorldOnly:0
 |   |   |- [+] [ 21]
 |   |   |   |- Guid:868B275942A8D6A4CD7B548D56FEC0A5 BaseClass: NativeClass:/Script/Engine.StaticMeshActor Name:StaticMeshActor_UAID_E8808871396DF42002_1217964266 Label:SM_Prop_Torch_7 SpatiallyLoaded:1 Bounds:IsValid=true, Min=(X=238.016 Y=961.812 Z=270.200), Max=(X=261.984 Y=1002.917 Z=334.904) RuntimeGrid:None EditorOnly:0 RuntimeOnly:0 HLODRelevant:1 ListedInSceneOutliner:1 IsMainWorldOnly:0
 |   |   |- [+] [ 22]
 |   |   |   |- Guid:AEA13B47432285035E202FB32AF2787A BaseClass: NativeClass:/Script/Engine.StaticMeshActor Name:StaticMeshActor_UAID_E8808871396DF32002_1346531066 Label:SM_Bld_Castle_Wall_Door_2 SpatiallyLoaded:1 Bounds:IsValid=true, Min=(X=-0.001 Y=-531.271 Z=0.000), Max=(X=499.999 Y=-468.732 Z=500.000) RuntimeGrid:None EditorOnly:0 RuntimeOnly:0 HLODRelevant:1 ListedInSceneOutliner:1 IsMainWorldOnly:0
 |   |   |- [+] [ 23]
 |   |   |   |- Guid:AEFF20BF4336D0DC4900E181CA6178E0 BaseClass: NativeClass:/Script/Engine.PlayerStart Name:PlayerStart_UAID_0A002700000DF02102_1563295588 Label:PlayerStart SpatiallyLoaded:0 Bounds:IsValid=true, Min=(X=370.000 Y=580.000 Z=8.000), Max=(X=450.000 Y=660.000 Z=192.000) RuntimeGrid:None EditorOnly:0 RuntimeOnly:0 HLODRelevant:0 ListedInSceneOutliner:1 IsMainWorldOnly:0
 |   |   |- [+] [ 24]
 |   |   |   |- Guid:C12E8A19417C6CAE2226C996A50355A0 BaseClass: NativeClass:/Script/Engine.StaticMeshActor Name:StaticMeshActor_UAID_E8808871396DF32002_1670216077 Label:SM_Prop_Torch_3 SpatiallyLoaded:1 Bounds:IsValid=true, Min=(X=461.812 Y=238.016 Z=220.200), Max=(X=502.917 Y=261.984 Z=284.904) RuntimeGrid:None EditorOnly:0 RuntimeOnly:0 HLODRelevant:1 ListedInSceneOutliner:1 IsMainWorldOnly:0
 |   |   |- [+] [ 25]
 |   |   |   |- Guid:CA49B20E43188AEB4053738D81B7B265 BaseClass: NativeClass:/Script/Engine.StaticMeshActor Name:StaticMeshActor_UAID_E8808871396DF52002_1226008451 Label:SM_Bld_Castle_Floor_Stone_10 SpatiallyLoaded:1 Bounds:IsValid=true, Min=(X=-0.000 Y=996.520 Z=-0.104), Max=(X=500.000 Y=1025.000 Z=500.000) RuntimeGrid:None EditorOnly:0 RuntimeOnly:0 HLODRelevant:1 ListedInSceneOutliner:1 IsMainWorldOnly:0
 |   |   |- [+] [ 26]
 |   |   |   |- Guid:D02DB9A7472A9F59E034E99BE0851915 BaseClass: NativeClass:/Script/Engine.PointLight Name:PointLight_UAID_E8808871396DF42002_1447518268 Label:PointLight5 SpatiallyLoaded:1 Bounds:IsValid=true, Min=(X=-1550.000 Y=-2250.000 Z=-1750.000), Max=(X=2450.000 Y=1750.000 Z=2250.000) RuntimeGrid:None EditorOnly:0 RuntimeOnly:0 HLODRelevant:0 ListedInSceneOutliner:1 IsMainWorldOnly:0
 |   |   |- [+] [ 27]
 |   |   |   |- Guid:D6E3CBE4430EA68BF8BA718B0A75D0FC BaseClass:/Game/Blueprint/Portals/portal/BP_Gate.BP_Gate_C NativeClass:/Script/Engine.Actor Name:BP_Gate_C_UAID_0A002700000D1F2202_1481188879 Label:BP_Gate SpatiallyLoaded:1 Bounds:IsValid=true, Min=(X=192.960 Y=-502.320 Z=-2.160), Max=(X=307.040 Y=-477.680 Z=242.160) RuntimeGrid:None EditorOnly:0 RuntimeOnly:0 HLODRelevant:0 ListedInSceneOutliner:1 IsMainWorldOnly:0
 |   |   |- [+] [ 28]
 |   |   |   |- Guid:EDE269574EF6E2960171DD9786265B34 BaseClass: NativeClass:/Script/Engine.StaticMeshActor Name:StaticMeshActor_UAID_E8808871396DF42002_1288873267 Label:SM_Bld_Castle_Floor_Stone_11 SpatiallyLoaded:1 Bounds:IsValid=true, Min=(X=496.520 Y=-500.000 Z=-0.104), Max=(X=525.000 Y=0.000 Z=500.000) RuntimeGrid:None EditorOnly:0 RuntimeOnly:0 HLODRelevant:1 ListedInSceneOutliner:1 IsMainWorldOnly:0
 |   |   |- [+] [ 29]
 |   |   |   |- Guid:F3398737412BE91F6B94558A6A3B9A74 BaseClass:/Game/Blueprint/Portals/BP_Bounds.BP_Bounds_C NativeClass:/Script/Engine.Actor Name:BP_Bounds_C_UAID_0A002700000DF02102_1541812587 Label:BP_Bounds4 SpatiallyLoaded:1 Bounds:IsValid=true, Min=(X=332.578 Y=686.200 Z=-222.560), Max=(X=347.422 Y=1063.800 Z=2.560) RuntimeGrid:None EditorOnly:0 RuntimeOnly:0 HLODRelevant:0 ListedInSceneOutliner:1 IsMainWorldOnly:0
 |- ContainerInstances:
 |- [+] MainContainer:
 |   |-        ID: 00000000000000000000000000000000
 |   |-  ParentID: 00000000000000000000000000000000
 |   |-    Bounds: IsValid=true, Min=(X=-1750.000 Y=-2450.000 Z=-1750.000), Max=(X=2450.000 Y=2950.000 Z=2300.000)
 |   |- Transform: 0.000000,0.000000,0.000000|0.000000,0.000000,-0.000000|1.000000,1.000000,1.000000
 |   |- Container: /Game/Maps/room_move___down1
----------------------------------------------------------------------------------------------------------------
room_move___down1 - Persistent Level
----------------------------------------------------------------------------------------------------------------
[+] Content of room_move___down1 Persistent Level
 |- Always loaded Actor Count: 2 
 |- Actor Path: /Game/Maps/room_move___down1.room_move___down1:PersistentLevel.PlayerStart_UAID_0A002700000DF02102_1563295588
 |- Actor Package: /Game/__ExternalActors__/Maps/room_move___down1/B/RH/7GC2X5OH5Z8PMEOKO98FCA
 |- Actor Path: /Game/Maps/room_move___down1.room_move___down1:PersistentLevel.WorldDataLayers
 |- Actor Package: /Game/__ExternalActors__/Maps/room_move___down1/B/4Q/ET6QUVYTY09R0TR1IN1GKZ

----------------------------------------------------------------------------------------------------------------
room_move___down1 - Runtime Hash Set
----------------------------------------------------------------------------------------------------------------
[+] Content of Cell room_move___down1_MainGrid_0_0_0_0 (5UOB6RCAJFFKIOL4514J9VGTC)
 |- Actor Count: 10
 |- [+] /Game/Maps/room_move___down1.room_move___down1:PersistentLevel.StaticMeshActor_UAID_E8808871396DF42002_1164479263
 |   |-         Package: /Game/__ExternalActors__/Maps/room_move___down1/0/DN/5VOZ7K3SK68REXUDPAHSV2
 |   |-     Editor Only: 0
 |   |-   Instance Guid: 17D061C4487C11F7A207BE9730BD1636
 |   |- [+] Container:
 |   |   |-        ID: 00000000000000000000000000000000
 |   |   |- Transform: 0.000000,0.000000,0.000000|0.000000,0.000000,-0.000000|1.000000,1.000000,1.000000
 |- [+] /Game/Maps/room_move___down1.room_move___down1:PersistentLevel.PointLight_UAID_E8808871396DF32002_1810998081
 |   |-         Package: /Game/__ExternalActors__/Maps/room_move___down1/A/MP/BYXAC77NIO40SJNL0IJB9Z
 |   |-     Editor Only: 0
 |   |-   Instance Guid: 19CF336F44DB2D44FA94F5B9EB9760A3
 |   |- [+] Container:
 |   |   |-        ID: 00000000000000000000000000000000
 |   |   |- Transform: 0.000000,0.000000,0.000000|0.000000,0.000000,-0.000000|1.000000,1.000000,1.000000
 |- [+] /Game/Maps/room_move___down1.room_move___down1:PersistentLevel.StaticMeshActor_UAID_E8808871396DF32002_1147579061
 |   |-         Package: /Game/__ExternalActors__/Maps/room_move___down1/3/NK/69OY0MLAYIEY80IDIKATAH
 |   |-     Editor Only: 0
 |   |-   Instance Guid: 1EF031D34FC0FD9BBD89CB8499824A30
 |   |- [+] Container:
 |   |   |-        ID: 00000000000000000000000000000000
 |   |   |- Transform: 0.000000,0.000000,0.000000|0.000000,0.000000,-0.000000|1.000000,1.000000,1.000000
 |- [+] /Game/Maps/room_move___down1.room_move___down1:PersistentLevel.PointLight_UAID_E8808871396DF42002_1181752264
 |   |-         Package: /Game/__ExternalActors__/Maps/room_move___down1/4/VM/7EGD4XSMEG4VK4I2EZUNVF
 |   |-     Editor Only: 0
 |   |-   Instance Guid: 4B0F14B6458AE0E5C47C39862AA70FCD
 |   |- [+] Container:
 |   |   |-        ID: 00000000000000000000000000000000
 |   |   |- Transform: 0.000000,0.000000,0.000000|0.000000,0.000000,-0.000000|1.000000,1.000000,1.000000
 |- [+] /Game/Maps/room_move___down1.room_move___down1:PersistentLevel.BP_RandomGenerator_C_UAID_6C2408545297012302_1492954633
 |   |-         Package: /Game/__ExternalActors__/Maps/room_move___down1/7/BX/1LUI1KZEKLVJ665XCNCORG
 |   |-     Editor Only: 0
 |   |-   Instance Guid: 4F770623409966357FE8758080219AF6
 |   |- [+] Container:
 |   |   |-        ID: 00000000000000000000000000000000
 |   |   |- Transform: 0.000000,0.000000,0.000000|0.000000,0.000000,-0.000000|1.000000,1.000000,1.000000
 |- [+] /Game/Maps/room_move___down1.room_move___down1:PersistentLevel.PointLight_UAID_E8808871396DF32002_1706056078
 |   |-         Package: /Game/__ExternalActors__/Maps/room_move___down1/E/CM/OLDN4255G9HH52TQM7WN75
 |   |-     Editor Only: 0
 |   |-   Instance Guid: 724950A744B010BCEFE0CABF9434BE5C
 |   |- [+] Container:
 |   |   |-        ID: 00000000000000000000000000000000
 |   |   |- Transform: 0.000000,0.000000,0.000000|0.000000,0.000000,-0.000000|1.000000,1.000000,1.000000
 |- [+] /Game/Maps/room_move___down1.room_move___down1:PersistentLevel.StaticMeshActor_UAID_E8808871396DF32002_1173993062
 |   |-         Package: /Game/__ExternalActors__/Maps/room_move___down1/A/C0/3XF2HDJC1ER8IRBDM06JZD
 |   |-     Editor Only: 0
 |   |-   Instance Guid: 8261BC6C4E1CC5A4E6EC08920897D0DF
 |   |- [+] Container:
 |   |   |-        ID: 00000000000000000000000000000000
 |   |   |- Transform: 0.000000,0.000000,0.000000|0.000000,0.000000,-0.000000|1.000000,1.000000,1.000000
 |- [+] /Game/Maps/room_move___down1.room_move___down1:PersistentLevel.StaticMeshActor_UAID_E8808871396DF42002_1217964266
 |   |-         Package: /Game/__ExternalActors__/Maps/room_move___down1/5/X9/JMW0TJZGBH0Q13IF9M8ZID
 |   |-     Editor Only: 0
 |   |-   Instance Guid: 868B275942A8D6A4CD7B548D56FEC0A5
 |   |- [+] Container:
 |   |   |-        ID: 00000000000000000000000000000000
 |   |   |- Transform: 0.000000,0.000000,0.000000|0.000000,0.000000,-0.000000|1.000000,1.000000,1.000000
 |- [+] /Game/Maps/room_move___down1.room_move___down1:PersistentLevel.StaticMeshActor_UAID_E8808871396DF32002_1670216077
 |   |-         Package: /Game/__ExternalActors__/Maps/room_move___down1/0/8U/XDY5NZN14SWIKTMJRFCRYX
 |   |-     Editor Only: 0
 |   |-   Instance Guid: C12E8A19417C6CAE2226C996A50355A0
 |   |- [+] Container:
 |   |   |-        ID: 00000000000000000000000000000000
 |   |   |- Transform: 0.000000,0.000000,0.000000|0.000000,0.000000,-0.000000|1.000000,1.000000,1.000000
 |- [+] /Game/Maps/room_move___down1.room_move___down1:PersistentLevel.StaticMeshActor_UAID_E8808871396DF52002_1226008451
 |   |-         Package: /Game/__ExternalActors__/Maps/room_move___down1/4/9I/YBQSCO0VPQNA3DBQTYH1HD
 |   |-     Editor Only: 0
 |   |-   Instance Guid: CA49B20E43188AEB4053738D81B7B265
 |   |- [+] Container:
 |   |   |-        ID: 00000000000000000000000000000000
 |   |   |- Transform: 0.000000,0.000000,0.000000|0.000000,0.000000,-0.000000|1.000000,1.000000,1.000000
[+] Content of Cell room_move___down1_MainGrid_-1_0_0_0 (6LE5OWXCI9OV05KV58OXUIU1F)
 |- Actor Count: 1
 |- [+] /Game/Maps/room_move___down1.room_move___down1:PersistentLevel.BP_Bounds_C_UAID_0A002700000DF02102_1231048583
 |   |-         Package: /Game/__ExternalActors__/Maps/room_move___down1/8/15/NAB11QQJPFR4QGQ1H4L6X0
 |   |-     Editor Only: 0
 |   |-   Instance Guid: 1FC6FC03421241FA5E45CF90FA8CA702
 |   |- [+] Container:
 |   |   |-        ID: 00000000000000000000000000000000
 |   |   |- Transform: 0.000000,0.000000,0.000000|0.000000,0.000000,-0.000000|1.000000,1.000000,1.000000
[+] Content of Cell room_move___down1_MainGrid_0_-1_0_0 (7V4CMQHO898WL9UCL3YZFMYH4)
 |- Actor Count: 8
 |- [+] /Game/Maps/room_move___down1.room_move___down1:PersistentLevel.PointLight_UAID_E8808871396DF32002_2007658085
 |   |-         Package: /Game/__ExternalActors__/Maps/room_move___down1/4/KU/1A9EKSGHQ74CWGGHSLOGMJ
 |   |-     Editor Only: 0
 |   |-   Instance Guid: 0B9F10FC4E59CCABEA0BEA86E45D8FBC
 |   |- [+] Container:
 |   |   |-        ID: 00000000000000000000000000000000
 |   |   |- Transform: 0.000000,0.000000,0.000000|0.000000,0.000000,-0.000000|1.000000,1.000000,1.000000
 |- [+] /Game/Maps/room_move___down1.room_move___down1:PersistentLevel.StaticMeshActor_UAID_E8808871396DF42002_1216147265
 |   |-         Package: /Game/__ExternalActors__/Maps/room_move___down1/5/5J/86GO90G58U866I3AG8FKLK
 |   |-     Editor Only: 0
 |   |-   Instance Guid: 157B855C415D6ACA06F2238360AB08A1
 |   |- [+] Container:
 |   |   |-        ID: 00000000000000000000000000000000
 |   |   |- Transform: 0.000000,0.000000,0.000000|0.000000,0.000000,-0.000000|1.000000,1.000000,1.000000
 |- [+] /Game/Maps/room_move___down1.room_move___down1:PersistentLevel.StaticMeshActor_UAID_E8808871396DF32002_1283261064
 |   |-         Package: /Game/__ExternalActors__/Maps/room_move___down1/4/4H/FGNJ61P0EN14EFIXXHMFCK
 |   |-     Editor Only: 0
 |   |-   Instance Guid: 624A97C3421ACD2D6BA7978FC55C4AF7
 |   |- [+] Container:
 |   |   |-        ID: 00000000000000000000000000000000
 |   |   |- Transform: 0.000000,0.000000,0.000000|0.000000,0.000000,-0.000000|1.000000,1.000000,1.000000
 |- [+] /Game/Maps/room_move___down1.room_move___down1:PersistentLevel.StaticMeshActor_UAID_E8808871396DF42002_1461634269
 |   |-         Package: /Game/__ExternalActors__/Maps/room_move___down1/C/Y7/E82EFFIMATUPODGT2XJVGE
 |   |-     Editor Only: 0
 |   |-   Instance Guid: 6A185BA14B57F1B2589ED4A8439F01CC
 |   |- [+] Container:
 |   |   |-        ID: 00000000000000000000000000000000
 |   |   |- Transform: 0.000000,0.000000,0.000000|0.000000,0.000000,-0.000000|1.000000,1.000000,1.000000
 |- [+] /Game/Maps/room_move___down1.room_move___down1:PersistentLevel.StaticMeshActor_UAID_E8808871396DF32002_1346531066
 |   |-         Package: /Game/__ExternalActors__/Maps/room_move___down1/D/8P/DTUP30NWHLDFMTTYDTBRS4
 |   |-     Editor Only: 0
 |   |-   Instance Guid: AEA13B47432285035E202FB32AF2787A
 |   |- [+] Container:
 |   |   |-        ID: 00000000000000000000000000000000
 |   |   |- Transform: 0.000000,0.000000,0.000000|0.000000,0.000000,-0.000000|1.000000,1.000000,1.000000
 |- [+] /Game/Maps/room_move___down1.room_move___down1:PersistentLevel.PointLight_UAID_E8808871396DF42002_1447518268
 |   |-         Package: /Game/__ExternalActors__/Maps/room_move___down1/B/EU/EKJ90UBEXE76S9M05P42N6
 |   |-     Editor Only: 0
 |   |-   Instance Guid: D02DB9A7472A9F59E034E99BE0851915
 |   |- [+] Container:
 |   |   |-        ID: 00000000000000000000000000000000
 |   |   |- Transform: 0.000000,0.000000,0.000000|0.000000,0.000000,-0.000000|1.000000,1.000000,1.000000
 |- [+] /Game/Maps/room_move___down1.room_move___down1:PersistentLevel.BP_Gate_C_UAID_0A002700000D1F2202_1481188879
 |   |-         Package: /Game/__ExternalActors__/Maps/room_move___down1/3/VH/9RD0K4NOPNTRJXSKY25FHX
 |   |-     Editor Only: 0
 |   |-   Instance Guid: D6E3CBE4430EA68BF8BA718B0A75D0FC
 |   |- [+] Container:
 |   |   |-        ID: 00000000000000000000000000000000
 |   |   |- Transform: 0.000000,0.000000,0.000000|0.000000,0.000000,-0.000000|1.000000,1.000000,1.000000
 |- [+] /Game/Maps/room_move___down1.room_move___down1:PersistentLevel.StaticMeshActor_UAID_E8808871396DF42002_1288873267
 |   |-         Package: /Game/__ExternalActors__/Maps/room_move___down1/2/FZ/M02XIFTM6CMZEBEMKXJ96J
 |   |-     Editor Only: 0
 |   |-   Instance Guid: EDE269574EF6E2960171DD9786265B34
 |   |- [+] Container:
 |   |   |-        ID: 00000000000000000000000000000000
 |   |   |- Transform: 0.000000,0.000000,0.000000|0.000000,0.000000,-0.000000|1.000000,1.000000,1.000000
[+] Content of Cell room_move___down1_MainGrid_0_-1_-1_0 (A2LUVVTNJ7I2IX223HJ090K1F)
 |- Actor Count: 1
 |- [+] /Game/Maps/room_move___down1.room_move___down1:PersistentLevel.StaticMeshActor_UAID_E8808871396DF22002_1619271881
 |   |-         Package: /Game/__ExternalActors__/Maps/room_move___down1/A/A8/V7LW2JNZW3TLTWEX7IWXAU
 |   |-     Editor Only: 0
 |   |-   Instance Guid: 711E452C4A531D7F0E2A42A994048D62
 |   |- [+] Container:
 |   |   |-        ID: 00000000000000000000000000000000
 |   |   |- Transform: 0.000000,0.000000,0.000000|0.000000,0.000000,-0.000000|1.000000,1.000000,1.000000
[+] Content of Cell room_move___down1_MainGrid_0_0_-1_0 (E3HWOCEMSOUMF8UHROT15TT5Q)
 |- Actor Count: 8
 |- [+] /Game/Maps/room_move___down1.room_move___down1:PersistentLevel.StaticMeshActor_UAID_E8808871396DF32002_1109962059
 |   |-         Package: /Game/__ExternalActors__/Maps/room_move___down1/1/E2/K33JZYQYJR96EYA0JOETUZ
 |   |-     Editor Only: 0
 |   |-   Instance Guid: 0C9784814F70DD3A82C854B1652328F3
 |   |- [+] Container:
 |   |   |-        ID: 00000000000000000000000000000000
 |   |   |- Transform: 0.000000,0.000000,0.000000|0.000000,0.000000,-0.000000|1.000000,1.000000,1.000000
 |- [+] /Game/Maps/room_move___down1.room_move___down1:PersistentLevel.BP_Bounds_C_UAID_0A002700000DF02102_1458306585
 |   |-         Package: /Game/__ExternalActors__/Maps/room_move___down1/8/D8/7XVLYFC07I3IBBA3A4V9HQ
 |   |-     Editor Only: 0
 |   |-   Instance Guid: 186EE6664FF0808D2CA060AA8154279B
 |   |- [+] Container:
 |   |   |-        ID: 00000000000000000000000000000000
 |   |   |- Transform: 0.000000,0.000000,0.000000|0.000000,0.000000,-0.000000|1.000000,1.000000,1.000000
 |- [+] /Game/Maps/room_move___down1.room_move___down1:PersistentLevel.BP_Gate_C_UAID_0A002700000D4C2202_1377776776
 |   |-         Package: /Game/__ExternalActors__/Maps/room_move___down1/C/DX/CF7V246YGB2AG1MA72GK9Y
 |   |-     Editor Only: 0
 |   |-   Instance Guid: 34418D5943F2F3A80144AC8C14D61B8E
 |   |- [+] Container:
 |   |   |-        ID: 00000000000000000000000000000000
 |   |   |- Transform: 0.000000,0.000000,0.000000|0.000000,0.000000,-0.000000|1.000000,1.000000,1.000000
 |- [+] /Game/Maps/room_move___down1.room_move___down1:PersistentLevel.BP_Bounds_C_UAID_0A002700000DF02102_1512439586
 |   |-         Package: /Game/__ExternalActors__/Maps/room_move___down1/0/IK/71I2RIEA10601XZB3ZMLJY
 |   |-     Editor Only: 0
 |   |-   Instance Guid: 34ACE0B841CD5C6007397982E602EFB7
 |   |- [+] Container:
 |   |   |-        ID: 00000000000000000000000000000000
 |   |   |- Transform: 0.000000,0.000000,0.000000|0.000000,0.000000,-0.000000|1.000000,1.000000,1.000000
 |- [+] /Game/Maps/room_move___down1.room_move___down1:PersistentLevel.StaticMeshActor_UAID_E8808871396DF32002_1100754058
 |   |-         Package: /Game/__ExternalActors__/Maps/room_move___down1/5/DP/IE0NEV02NEYNY66LTJ6X83
 |   |-     Editor Only: 0
 |   |-   Instance Guid: 70686CF94D06C55B58C5EF8F74F77616
 |   |- [+] Container:
 |   |   |-        ID: 00000000000000000000000000000000
 |   |   |- Transform: 0.000000,0.000000,0.000000|0.000000,0.000000,-0.000000|1.000000,1.000000,1.000000
 |- [+] /Game/Maps/room_move___down1.room_move___down1:PersistentLevel.StaticMeshActor_UAID_0A002700000DF02102_1362139584
 |   |-         Package: /Game/__ExternalActors__/Maps/room_move___down1/5/H1/8IGNGTB94MBYWQAS9QR2XM
 |   |-     Editor Only: 0
 |   |-   Instance Guid: 75F31DDC4456455E4E022E9CCDDB8750
 |   |- [+] Container:
 |   |   |-        ID: 00000000000000000000000000000000
 |   |   |- Transform: 0.000000,0.000000,0.000000|0.000000,0.000000,-0.000000|1.000000,1.000000,1.000000
 |- [+] /Game/Maps/room_move___down1.room_move___down1:PersistentLevel.StaticMeshActor_UAID_E8808871396DF52002_1161120450
 |   |-         Package: /Game/__ExternalActors__/Maps/room_move___down1/2/O0/MM174IANPQ6HCPRBC0O4OB
 |   |-     Editor Only: 0
 |   |-   Instance Guid: 812DD5BA4351A627939053861313A43D
 |   |- [+] Container:
 |   |   |-        ID: 00000000000000000000000000000000
 |   |   |- Transform: 0.000000,0.000000,0.000000|0.000000,0.000000,-0.000000|1.000000,1.000000,1.000000
 |- [+] /Game/Maps/room_move___down1.room_move___down1:PersistentLevel.BP_Bounds_C_UAID_0A002700000DF02102_1541812587
 |   |-         Package: /Game/__ExternalActors__/Maps/room_move___down1/9/4B/CTG5BS3MATPMOBFAAHBAL8
 |   |-     Editor Only: 0
 |   |-   Instance Guid: F3398737412BE91F6B94558A6A3B9A74
 |   |- [+] Container:
 |   |   |-        ID: 00000000000000000000000000000000
 |   |   |- Transform: 0.000000,0.000000,0.000000|0.000000,0.000000,-0.000000|1.000000,1.000000,1.000000

