[+] Containers:
 |- [+] Container: /Game/PolygonFantasyKingdom/Maps/room_up_move___down_move1
 |   |- [+] ActorDescs:
 |   |   |- Guid:04BF0D8046BF218A7E7E7A89FA3DF7D0 BaseClass: NativeClass:/Script/Engine.StaticMeshActor Name:StaticMeshActor_UAID_E8808871396DF32002_1670216077 Label:SM_Prop_Torch_3 SpatiallyLoaded:1 Bounds:IsValid=true, Min=(X=461.812 Y=238.016 Z=220.200), Max=(X=502.917 Y=261.984 Z=284.904) RuntimeGrid:None EditorOnly:0 RuntimeOnly:0 HLODRelevant:1 ListedInSceneOutliner:1 IsMainWorldOnly:0
 |   |   |- Guid:04DE1BE74DC1F119B735C080DEE0CB56 BaseClass: NativeClass:/Script/Engine.PointLight Name:PointLight_UAID_E8808871396DF32002_1706056078 Label:PointLight SpatiallyLoaded:1 Bounds:IsValid=true, Min=(X=-1550.000 Y=-1750.000 Z=-1750.000), Max=(X=2450.000 Y=2250.000 Z=2250.000) RuntimeGrid:None EditorOnly:0 RuntimeOnly:0 HLODRelevant:0 ListedInSceneOutliner:1 IsMainWorldOnly:0
 |   |   |- Guid:07383BE74C2F2218D28D70B08D4191A2 BaseClass: NativeClass:/Script/Engine.StaticMeshActor Name:StaticMeshActor_UAID_E8808871396DF32002_1602874074 Label:SM_Bld_Castle_Door_Single_2 SpatiallyLoaded:1 Bounds:IsValid=true, Min=(X=199.491 Y=987.111 Z=10.461), Max=(X=302.394 Y=1012.889 Z=244.968) RuntimeGrid:None EditorOnly:0 RuntimeOnly:0 HLODRelevant:1 ListedInSceneOutliner:1 IsMainWorldOnly:0
 |   |   |- Guid:08D70EB246DC9E25E45F05811C21E821 BaseClass: NativeClass:/Script/Engine.StaticMeshActor Name:StaticMeshActor_UAID_E8808871396DF32002_1147579061 Label:SM_Bld_Castle_Floor_Stone_5 SpatiallyLoaded:1 Bounds:IsValid=true, Min=(X=496.520 Y=500.000 Z=-0.104), Max=(X=525.000 Y=1000.000 Z=500.000) RuntimeGrid:None EditorOnly:0 RuntimeOnly:0 HLODRelevant:1 ListedInSceneOutliner:1 IsMainWorldOnly:0
 |   |   |- Guid:097DAFB24F073DF4D82DF5BE0051AF20 BaseClass: NativeClass:/Script/Engine.PointLight Name:PointLight_UAID_E8808871396DF32002_1810998081 Label:PointLight2 SpatiallyLoaded:1 Bounds:IsValid=true, Min=(X=-1600.000 Y=-1250.000 Z=-1750.000), Max=(X=2400.000 Y=2750.000 Z=2250.000) RuntimeGrid:None EditorOnly:0 RuntimeOnly:0 HLODRelevant:0 ListedInSceneOutliner:1 IsMainWorldOnly:0
 |   |   |- Guid:2900450D48FE926595948CBECC963E8F BaseClass: NativeClass:/Script/Engine.StaticMeshActor Name:StaticMeshActor_UAID_E8808871396DF32002_1602877075 Label:SM_Bld_Castle_Wall_Door_3 SpatiallyLoaded:1 Bounds:IsValid=true, Min=(X=-0.001 Y=968.729 Z=0.000), Max=(X=499.999 Y=1031.268 Z=500.000) RuntimeGrid:None EditorOnly:0 RuntimeOnly:0 HLODRelevant:1 ListedInSceneOutliner:1 IsMainWorldOnly:0
 |   |   |- Guid:3A44BA564CA83407AAFB05B2B4C0C207 BaseClass: NativeClass:/Script/Engine.StaticMeshActor Name:StaticMeshActor_UAID_E8808871396DF32002_1100754058 Label:SM_Bld_Castle_Floor_Stone_2 SpatiallyLoaded:1 Bounds:IsValid=true, Min=(X=-0.104 Y=0.000 Z=-25.000), Max=(X=500.000 Y=500.000 Z=3.480) RuntimeGrid:None EditorOnly:0 RuntimeOnly:0 HLODRelevant:1 ListedInSceneOutliner:1 IsMainWorldOnly:0
 |   |   |- Guid:3F94EA534E5BBC618F2FC1B582D103C0 BaseClass:/Game/PolygonFantasyKingdom/BP/Item/BP_RandomGenerator.BP_RandomGenerator_C NativeClass:/Script/Engine.Actor Name:BP_RandomGenerator_C_UAID_6C2408545297012302_1589223655 Label:BP_RandomGenerator SpatiallyLoaded:1 Bounds:IsValid=true, Min=(X=-30.000 Y=850.000 Z=90.000), Max=(X=-30.000 Y=850.000 Z=90.000) RuntimeGrid:None EditorOnly:0 RuntimeOnly:0 HLODRelevant:0 ListedInSceneOutliner:1 IsMainWorldOnly:0
 |   |   |- Guid:4B70027E4805E9E7D261788E556D635B BaseClass: NativeClass:/Script/Engine.StaticMeshActor Name:StaticMeshActor_UAID_E8808871396DF42002_1288873267 Label:SM_Bld_Castle_Floor_Stone_11 SpatiallyLoaded:1 Bounds:IsValid=true, Min=(X=496.520 Y=-500.000 Z=-0.104), Max=(X=525.000 Y=0.000 Z=500.000) RuntimeGrid:None EditorOnly:0 RuntimeOnly:0 HLODRelevant:1 ListedInSceneOutliner:1 IsMainWorldOnly:0
 |   |   |- Guid:4B8288D14D33F3C8BE0298858A43D48F BaseClass: NativeClass:/Script/Engine.PointLight Name:PointLight_UAID_E8808871396DF32002_2007658085 Label:PointLight3 SpatiallyLoaded:1 Bounds:IsValid=true, Min=(X=-1750.000 Y=-2450.000 Z=-1700.000), Max=(X=2250.000 Y=1550.000 Z=2300.000) RuntimeGrid:None EditorOnly:0 RuntimeOnly:0 HLODRelevant:0 ListedInSceneOutliner:1 IsMainWorldOnly:0
 |   |   |- Guid:4ED39EFB4AD4CCDD9CEF9997C48DD6F0 BaseClass: NativeClass:/Script/Engine.StaticMeshActor Name:StaticMeshActor_UAID_0A002700000D332202_1567838402 Label:SM_Bld_Stairs_Straight_Wide_2 SpatiallyLoaded:1 Bounds:IsValid=true, Min=(X=348.999 Y=695.777 Z=-996.223), Max=(X=547.600 Y=1700.223 Z=8.223) RuntimeGrid:None EditorOnly:0 RuntimeOnly:0 HLODRelevant:1 ListedInSceneOutliner:1 IsMainWorldOnly:0
 |   |   |- Guid:502D7B004663F457583091BB7AFD111B BaseClass: NativeClass:/Script/Engine.StaticMeshActor Name:StaticMeshActor_UAID_E8808871396DF22002_1619271881 Label:SM_Bld_Castle_Floor_Stone_01 SpatiallyLoaded:1 Bounds:IsValid=true, Min=(X=-0.104 Y=-500.000 Z=-25.000), Max=(X=500.000 Y=0.000 Z=3.480) RuntimeGrid:None EditorOnly:0 RuntimeOnly:0 HLODRelevant:1 ListedInSceneOutliner:1 IsMainWorldOnly:0
 |   |   |- Guid:5798524F4981B2C03A3A98B7B484FCF9 BaseClass:/Game/PolygonFantasyKingdom/BP/BP_Bounds.BP_Bounds_C NativeClass:/Script/Engine.Actor Name:BP_Bounds_C_UAID_0A002700000D1F2202_1519705888 Label:BP_Bounds SpatiallyLoaded:1 Bounds:IsValid=true, Min=(X=-29.575 Y=-479.120 Z=-17.840), Max=(X=9.575 Y=999.120 Z=537.840) RuntimeGrid:None EditorOnly:0 RuntimeOnly:0 HLODRelevant:0 ListedInSceneOutliner:1 IsMainWorldOnly:0
 |   |   |- Guid:6BD73FE1469364064DD5ADA3B8B6AC14 BaseClass: NativeClass:/Script/Engine.PointLight Name:PointLight_UAID_E8808871396DF42002_1181752264 Label:PointLight4 SpatiallyLoaded:1 Bounds:IsValid=true, Min=(X=-1750.000 Y=-1050.000 Z=-1700.000), Max=(X=2250.000 Y=2950.000 Z=2300.000) RuntimeGrid:None EditorOnly:0 RuntimeOnly:0 HLODRelevant:0 ListedInSceneOutliner:1 IsMainWorldOnly:0
 |   |   |- Guid:72B8D85948C0C7A74874BF84E9394A7F BaseClass: NativeClass:/Script/Engine.StaticMeshActor Name:StaticMeshActor_UAID_E8808871396DF32002_1109962059 Label:SM_Bld_Castle_Floor_Stone_3 SpatiallyLoaded:1 Bounds:IsValid=true, Min=(X=-0.104 Y=500.000 Z=-25.000), Max=(X=500.000 Y=750.000 Z=3.480) RuntimeGrid:None EditorOnly:0 RuntimeOnly:0 HLODRelevant:1 ListedInSceneOutliner:1 IsMainWorldOnly:0
 |   |   |- Guid:7A5940B8489FFDCD7D775793ED31A0A9 BaseClass: NativeClass:/Script/Engine.StaticMeshActor Name:StaticMeshActor_UAID_E8808871396DF42002_1216147265 Label:SM_Prop_Torch_6 SpatiallyLoaded:1 Bounds:IsValid=true, Min=(X=238.016 Y=-482.917 Z=270.200), Max=(X=261.984 Y=-441.812 Z=334.904) RuntimeGrid:None EditorOnly:0 RuntimeOnly:0 HLODRelevant:1 ListedInSceneOutliner:1 IsMainWorldOnly:0
 |   |   |- Guid:8177174C42276B52C07C9DA4219145EB BaseClass: NativeClass:/Script/Engine.StaticMeshActor Name:StaticMeshActor_UAID_0A002700000D332202_1482745376 Label:SM_Bld_Stairs_Straight_Wide_01 SpatiallyLoaded:1 Bounds:IsValid=true, Min=(X=349.999 Y=-552.223 Z=-502.223), Max=(X=548.600 Y=452.223 Z=502.223) RuntimeGrid:None EditorOnly:0 RuntimeOnly:0 HLODRelevant:1 ListedInSceneOutliner:1 IsMainWorldOnly:0
 |   |   |- Guid:94D5EA4547FCC9BB49CEC8858AF25526 BaseClass: NativeClass:/Script/Engine.StaticMeshActor Name:StaticMeshActor_UAID_E8808871396DF32002_1346531066 Label:SM_Bld_Castle_Wall_Door_2 SpatiallyLoaded:1 Bounds:IsValid=true, Min=(X=-0.001 Y=-531.271 Z=0.000), Max=(X=499.999 Y=-468.732 Z=500.000) RuntimeGrid:None EditorOnly:0 RuntimeOnly:0 HLODRelevant:1 ListedInSceneOutliner:1 IsMainWorldOnly:0
 |   |   |- Guid:97CC67074E799B32C8D859A177F9F781 BaseClass:/Game/PolygonFantasyKingdom/BP/BP_Bounds.BP_Bounds_C NativeClass:/Script/Engine.Actor Name:BP_Bounds_C_UAID_0A002700000D332202_1567840403 Label:BP_Bounds2 SpatiallyLoaded:1 Bounds:IsValid=true, Min=(X=275.308 Y=1061.280 Z=-255.360), Max=(X=564.692 Y=1098.720 Z=-44.640) RuntimeGrid:None EditorOnly:0 RuntimeOnly:0 HLODRelevant:0 ListedInSceneOutliner:1 IsMainWorldOnly:0
 |   |   |- Guid:9AFA9F854CA9AA3CB7A67D86A0153EB4 BaseClass: NativeClass:/Script/Engine.StaticMeshActor Name:StaticMeshActor_UAID_E8808871396DF32002_1283261064 Label:SM_Bld_Castle_Door_Single_01 SpatiallyLoaded:1 Bounds:IsValid=true, Min=(X=199.491 Y=-512.889 Z=10.461), Max=(X=302.394 Y=-487.111 Z=244.968) RuntimeGrid:None EditorOnly:0 RuntimeOnly:0 HLODRelevant:1 ListedInSceneOutliner:1 IsMainWorldOnly:0
 |   |   |- Guid:9CE214904F98070DBB65E6B0AB97541E BaseClass: NativeClass:/Script/Engine.StaticMeshActor Name:StaticMeshActor_UAID_E8808871396DF42002_1540529270 Label:SM_Bld_Castle_Floor_Stone_4 SpatiallyLoaded:1 Bounds:IsValid=true, Min=(X=-0.073 Y=750.000 Z=-25.000), Max=(X=350.000 Y=1000.000 Z=3.480) RuntimeGrid:None EditorOnly:0 RuntimeOnly:0 HLODRelevant:1 ListedInSceneOutliner:1 IsMainWorldOnly:0
 |   |   |- Guid:9E769B8843EF1745FD7A8A8DC6A66164 BaseClass:/Game/PolygonFantasyKingdom/BP/portal/BP_Gate.BP_Gate_C NativeClass:/Script/Engine.Actor Name:BP_Gate_C_UAID_0A002700000D4C2202_1861995817 Label:BP_Gate4 SpatiallyLoaded:1 Bounds:IsValid=true, Min=(X=339.440 Y=-488.800 Z=446.880), Max=(X=520.560 Y=8.800 Z=473.120) RuntimeGrid:None EditorOnly:0 RuntimeOnly:0 HLODRelevant:0 ListedInSceneOutliner:1 IsMainWorldOnly:0
 |   |   |- Guid:A8A2384046512085F5A49B804CF31F2A BaseClass: NativeClass:/Script/Engine.StaticMeshActor Name:StaticMeshActor_UAID_E8808871396DF32002_1173993062 Label:SM_Bld_Castle_Floor_Stone_6 SpatiallyLoaded:1 Bounds:IsValid=true, Min=(X=496.520 Y=0.000 Z=-0.104), Max=(X=525.000 Y=500.000 Z=500.000) RuntimeGrid:None EditorOnly:0 RuntimeOnly:0 HLODRelevant:1 ListedInSceneOutliner:1 IsMainWorldOnly:0
 |   |   |- Guid:B5188205430C6336BE2017A564FD6E19 BaseClass:/Game/PolygonFantasyKingdom/BP/BP_Bounds.BP_Bounds_C NativeClass:/Script/Engine.Actor Name:BP_Bounds_C_UAID_0A002700000D332202_1567842405 Label:BP_Bounds4 SpatiallyLoaded:1 Bounds:IsValid=true, Min=(X=332.578 Y=686.200 Z=-222.560), Max=(X=347.422 Y=1063.800 Z=2.560) RuntimeGrid:None EditorOnly:0 RuntimeOnly:0 HLODRelevant:0 ListedInSceneOutliner:1 IsMainWorldOnly:0
 |   |   |- Guid:B933C3CA42AFA640AAF81DA8FC3F58E6 BaseClass: NativeClass:/Script/Engine.StaticMeshActor Name:StaticMeshActor_UAID_E8808871396DF42002_1217964266 Label:SM_Prop_Torch_7 SpatiallyLoaded:1 Bounds:IsValid=true, Min=(X=238.016 Y=941.812 Z=270.200), Max=(X=261.984 Y=982.917 Z=334.904) RuntimeGrid:None EditorOnly:0 RuntimeOnly:0 HLODRelevant:1 ListedInSceneOutliner:1 IsMainWorldOnly:0
 |   |   |- Guid:BD5E72544EB41E00B64DC1BB1149E29F BaseClass: NativeClass:/Script/Engine.PlayerStart Name:PlayerStart_UAID_0A002700000D1E2202_1760851689 Label:PlayerStart SpatiallyLoaded:0 Bounds:IsValid=true, Min=(X=230.000 Y=790.000 Z=18.000), Max=(X=310.000 Y=870.000 Z=202.000) RuntimeGrid:None EditorOnly:0 RuntimeOnly:0 HLODRelevant:0 ListedInSceneOutliner:1 IsMainWorldOnly:0
 |   |   |- Guid:CC1AAFF149F6737627578D910029E2D7 BaseClass:/Game/PolygonFantasyKingdom/BP/BP_Bounds.BP_Bounds_C NativeClass:/Script/Engine.Actor Name:BP_Bounds_C_UAID_0A002700000D332202_1567841404 Label:BP_Bounds3 SpatiallyLoaded:1 Bounds:IsValid=true, Min=(X=542.578 Y=686.200 Z=-222.560), Max=(X=557.422 Y=1063.800 Z=2.560) RuntimeGrid:None EditorOnly:0 RuntimeOnly:0 HLODRelevant:0 ListedInSceneOutliner:1 IsMainWorldOnly:0
 |   |   |- Guid:CCF1BED14E810729F44DD495D27E99E4 BaseClass: NativeClass:/Script/Engine.WorldDataLayers Name:WorldDataLayers Label:WorldDataLayers SpatiallyLoaded:0 Bounds:Invalid RuntimeGrid:None EditorOnly:0 RuntimeOnly:0 HLODRelevant:0 ListedInSceneOutliner:1 IsMainWorldOnly:1
 |   |   |- Guid:D31F133C44AFDD3CBA3420987B67F706 BaseClass: NativeClass:/Script/Engine.StaticMeshActor Name:StaticMeshActor_UAID_E8808871396DF42002_1164479263 Label:SM_Prop_Torch_5 SpatiallyLoaded:1 Bounds:IsValid=true, Min=(X=461.812 Y=738.016 Z=220.200), Max=(X=502.917 Y=761.984 Z=284.904) RuntimeGrid:None EditorOnly:0 RuntimeOnly:0 HLODRelevant:1 ListedInSceneOutliner:1 IsMainWorldOnly:0
 |   |   |- Guid:DEE7CA1D4033C9A643840C8A7B9C9CD7 BaseClass:/Game/PolygonFantasyKingdom/BP/portal/BP_Gate.BP_Gate_C NativeClass:/Script/Engine.Actor Name:BP_Gate_C_UAID_0A002700000D1F2202_1417198870 Label:BP_Gate2 SpatiallyLoaded:1 Bounds:IsValid=true, Min=(X=192.960 Y=977.680 Z=-2.160), Max=(X=307.040 Y=1002.320 Z=242.160) RuntimeGrid:None EditorOnly:0 RuntimeOnly:0 HLODRelevant:0 ListedInSceneOutliner:1 IsMainWorldOnly:0
 |   |   |- Guid:F40BC440470AD5F2DB0B88B35E9D8FD0 BaseClass:/Game/PolygonFantasyKingdom/BP/portal/BP_Gate.BP_Gate_C NativeClass:/Script/Engine.Actor Name:BP_Gate_C_UAID_0A002700000D4C2202_1430623787 Label:BP_Gate3 SpatiallyLoaded:1 Bounds:IsValid=true, Min=(X=345.600 Y=864.640 Z=-33.360), Max=(X=494.400 Y=1035.360 Z=-26.640) RuntimeGrid:None EditorOnly:0 RuntimeOnly:0 HLODRelevant:0 ListedInSceneOutliner:1 IsMainWorldOnly:0
 |   |   |- Guid:F73C8DCB49B7B6CFFB804DAEA19B13F7 BaseClass:/Game/PolygonFantasyKingdom/BP/portal/BP_Gate.BP_Gate_C NativeClass:/Script/Engine.Actor Name:BP_Gate_C_UAID_0A002700000D1F2202_1415589869 Label:BP_Gate SpatiallyLoaded:1 Bounds:IsValid=true, Min=(X=192.960 Y=-502.320 Z=-2.160), Max=(X=307.040 Y=-477.680 Z=242.160) RuntimeGrid:None EditorOnly:0 RuntimeOnly:0 HLODRelevant:0 ListedInSceneOutliner:1 IsMainWorldOnly:0
 |   |- [+] Clusters:
 |   |   |- [+] [  0]
 |   |   |   |- Guid:04BF0D8046BF218A7E7E7A89FA3DF7D0 BaseClass: NativeClass:/Script/Engine.StaticMeshActor Name:StaticMeshActor_UAID_E8808871396DF32002_1670216077 Label:SM_Prop_Torch_3 SpatiallyLoaded:1 Bounds:IsValid=true, Min=(X=461.812 Y=238.016 Z=220.200), Max=(X=502.917 Y=261.984 Z=284.904) RuntimeGrid:None EditorOnly:0 RuntimeOnly:0 HLODRelevant:1 ListedInSceneOutliner:1 IsMainWorldOnly:0
 |   |   |- [+] [  1]
 |   |   |   |- Guid:04DE1BE74DC1F119B735C080DEE0CB56 BaseClass: NativeClass:/Script/Engine.PointLight Name:PointLight_UAID_E8808871396DF32002_1706056078 Label:PointLight SpatiallyLoaded:1 Bounds:IsValid=true, Min=(X=-1550.000 Y=-1750.000 Z=-1750.000), Max=(X=2450.000 Y=2250.000 Z=2250.000) RuntimeGrid:None EditorOnly:0 RuntimeOnly:0 HLODRelevant:0 ListedInSceneOutliner:1 IsMainWorldOnly:0
 |   |   |- [+] [  2]
 |   |   |   |- Guid:07383BE74C2F2218D28D70B08D4191A2 BaseClass: NativeClass:/Script/Engine.StaticMeshActor Name:StaticMeshActor_UAID_E8808871396DF32002_1602874074 Label:SM_Bld_Castle_Door_Single_2 SpatiallyLoaded:1 Bounds:IsValid=true, Min=(X=199.491 Y=987.111 Z=10.461), Max=(X=302.394 Y=1012.889 Z=244.968) RuntimeGrid:None EditorOnly:0 RuntimeOnly:0 HLODRelevant:1 ListedInSceneOutliner:1 IsMainWorldOnly:0
 |   |   |- [+] [  3]
 |   |   |   |- Guid:08D70EB246DC9E25E45F05811C21E821 BaseClass: NativeClass:/Script/Engine.StaticMeshActor Name:StaticMeshActor_UAID_E8808871396DF32002_1147579061 Label:SM_Bld_Castle_Floor_Stone_5 SpatiallyLoaded:1 Bounds:IsValid=true, Min=(X=496.520 Y=500.000 Z=-0.104), Max=(X=525.000 Y=1000.000 Z=500.000) RuntimeGrid:None EditorOnly:0 RuntimeOnly:0 HLODRelevant:1 ListedInSceneOutliner:1 IsMainWorldOnly:0
 |   |   |- [+] [  4]
 |   |   |   |- Guid:097DAFB24F073DF4D82DF5BE0051AF20 BaseClass: NativeClass:/Script/Engine.PointLight Name:PointLight_UAID_E8808871396DF32002_1810998081 Label:PointLight2 SpatiallyLoaded:1 Bounds:IsValid=true, Min=(X=-1600.000 Y=-1250.000 Z=-1750.000), Max=(X=2400.000 Y=2750.000 Z=2250.000) RuntimeGrid:None EditorOnly:0 RuntimeOnly:0 HLODRelevant:0 ListedInSceneOutliner:1 IsMainWorldOnly:0
 |   |   |- [+] [  5]
 |   |   |   |- Guid:2900450D48FE926595948CBECC963E8F BaseClass: NativeClass:/Script/Engine.StaticMeshActor Name:StaticMeshActor_UAID_E8808871396DF32002_1602877075 Label:SM_Bld_Castle_Wall_Door_3 SpatiallyLoaded:1 Bounds:IsValid=true, Min=(X=-0.001 Y=968.729 Z=0.000), Max=(X=499.999 Y=1031.268 Z=500.000) RuntimeGrid:None EditorOnly:0 RuntimeOnly:0 HLODRelevant:1 ListedInSceneOutliner:1 IsMainWorldOnly:0
 |   |   |- [+] [  6]
 |   |   |   |- Guid:3A44BA564CA83407AAFB05B2B4C0C207 BaseClass: NativeClass:/Script/Engine.StaticMeshActor Name:StaticMeshActor_UAID_E8808871396DF32002_1100754058 Label:SM_Bld_Castle_Floor_Stone_2 SpatiallyLoaded:1 Bounds:IsValid=true, Min=(X=-0.104 Y=0.000 Z=-25.000), Max=(X=500.000 Y=500.000 Z=3.480) RuntimeGrid:None EditorOnly:0 RuntimeOnly:0 HLODRelevant:1 ListedInSceneOutliner:1 IsMainWorldOnly:0
 |   |   |- [+] [  7]
 |   |   |   |- Guid:3F94EA534E5BBC618F2FC1B582D103C0 BaseClass:/Game/PolygonFantasyKingdom/BP/Item/BP_RandomGenerator.BP_RandomGenerator_C NativeClass:/Script/Engine.Actor Name:BP_RandomGenerator_C_UAID_6C2408545297012302_1589223655 Label:BP_RandomGenerator SpatiallyLoaded:1 Bounds:IsValid=true, Min=(X=-30.000 Y=850.000 Z=90.000), Max=(X=-30.000 Y=850.000 Z=90.000) RuntimeGrid:None EditorOnly:0 RuntimeOnly:0 HLODRelevant:0 ListedInSceneOutliner:1 IsMainWorldOnly:0
 |   |   |- [+] [  8]
 |   |   |   |- Guid:4B70027E4805E9E7D261788E556D635B BaseClass: NativeClass:/Script/Engine.StaticMeshActor Name:StaticMeshActor_UAID_E8808871396DF42002_1288873267 Label:SM_Bld_Castle_Floor_Stone_11 SpatiallyLoaded:1 Bounds:IsValid=true, Min=(X=496.520 Y=-500.000 Z=-0.104), Max=(X=525.000 Y=0.000 Z=500.000) RuntimeGrid:None EditorOnly:0 RuntimeOnly:0 HLODRelevant:1 ListedInSceneOutliner:1 IsMainWorldOnly:0
 |   |   |- [+] [  9]
 |   |   |   |- Guid:4B8288D14D33F3C8BE0298858A43D48F BaseClass: NativeClass:/Script/Engine.PointLight Name:PointLight_UAID_E8808871396DF32002_2007658085 Label:PointLight3 SpatiallyLoaded:1 Bounds:IsValid=true, Min=(X=-1750.000 Y=-2450.000 Z=-1700.000), Max=(X=2250.000 Y=1550.000 Z=2300.000) RuntimeGrid:None EditorOnly:0 RuntimeOnly:0 HLODRelevant:0 ListedInSceneOutliner:1 IsMainWorldOnly:0
 |   |   |- [+] [ 10]
 |   |   |   |- Guid:4ED39EFB4AD4CCDD9CEF9997C48DD6F0 BaseClass: NativeClass:/Script/Engine.StaticMeshActor Name:StaticMeshActor_UAID_0A002700000D332202_1567838402 Label:SM_Bld_Stairs_Straight_Wide_2 SpatiallyLoaded:1 Bounds:IsValid=true, Min=(X=348.999 Y=695.777 Z=-996.223), Max=(X=547.600 Y=1700.223 Z=8.223) RuntimeGrid:None EditorOnly:0 RuntimeOnly:0 HLODRelevant:1 ListedInSceneOutliner:1 IsMainWorldOnly:0
 |   |   |- [+] [ 11]
 |   |   |   |- Guid:502D7B004663F457583091BB7AFD111B BaseClass: NativeClass:/Script/Engine.StaticMeshActor Name:StaticMeshActor_UAID_E8808871396DF22002_1619271881 Label:SM_Bld_Castle_Floor_Stone_01 SpatiallyLoaded:1 Bounds:IsValid=true, Min=(X=-0.104 Y=-500.000 Z=-25.000), Max=(X=500.000 Y=0.000 Z=3.480) RuntimeGrid:None EditorOnly:0 RuntimeOnly:0 HLODRelevant:1 ListedInSceneOutliner:1 IsMainWorldOnly:0
 |   |   |- [+] [ 12]
 |   |   |   |- Guid:5798524F4981B2C03A3A98B7B484FCF9 BaseClass:/Game/PolygonFantasyKingdom/BP/BP_Bounds.BP_Bounds_C NativeClass:/Script/Engine.Actor Name:BP_Bounds_C_UAID_0A002700000D1F2202_1519705888 Label:BP_Bounds SpatiallyLoaded:1 Bounds:IsValid=true, Min=(X=-29.575 Y=-479.120 Z=-17.840), Max=(X=9.575 Y=999.120 Z=537.840) RuntimeGrid:None EditorOnly:0 RuntimeOnly:0 HLODRelevant:0 ListedInSceneOutliner:1 IsMainWorldOnly:0
 |   |   |- [+] [ 13]
 |   |   |   |- Guid:6BD73FE1469364064DD5ADA3B8B6AC14 BaseClass: NativeClass:/Script/Engine.PointLight Name:PointLight_UAID_E8808871396DF42002_1181752264 Label:PointLight4 SpatiallyLoaded:1 Bounds:IsValid=true, Min=(X=-1750.000 Y=-1050.000 Z=-1700.000), Max=(X=2250.000 Y=2950.000 Z=2300.000) RuntimeGrid:None EditorOnly:0 RuntimeOnly:0 HLODRelevant:0 ListedInSceneOutliner:1 IsMainWorldOnly:0
 |   |   |- [+] [ 14]
 |   |   |   |- Guid:72B8D85948C0C7A74874BF84E9394A7F BaseClass: NativeClass:/Script/Engine.StaticMeshActor Name:StaticMeshActor_UAID_E8808871396DF32002_1109962059 Label:SM_Bld_Castle_Floor_Stone_3 SpatiallyLoaded:1 Bounds:IsValid=true, Min=(X=-0.104 Y=500.000 Z=-25.000), Max=(X=500.000 Y=750.000 Z=3.480) RuntimeGrid:None EditorOnly:0 RuntimeOnly:0 HLODRelevant:1 ListedInSceneOutliner:1 IsMainWorldOnly:0
 |   |   |- [+] [ 15]
 |   |   |   |- Guid:7A5940B8489FFDCD7D775793ED31A0A9 BaseClass: NativeClass:/Script/Engine.StaticMeshActor Name:StaticMeshActor_UAID_E8808871396DF42002_1216147265 Label:SM_Prop_Torch_6 SpatiallyLoaded:1 Bounds:IsValid=true, Min=(X=238.016 Y=-482.917 Z=270.200), Max=(X=261.984 Y=-441.812 Z=334.904) RuntimeGrid:None EditorOnly:0 RuntimeOnly:0 HLODRelevant:1 ListedInSceneOutliner:1 IsMainWorldOnly:0
 |   |   |- [+] [ 16]
 |   |   |   |- Guid:8177174C42276B52C07C9DA4219145EB BaseClass: NativeClass:/Script/Engine.StaticMeshActor Name:StaticMeshActor_UAID_0A002700000D332202_1482745376 Label:SM_Bld_Stairs_Straight_Wide_01 SpatiallyLoaded:1 Bounds:IsValid=true, Min=(X=349.999 Y=-552.223 Z=-502.223), Max=(X=548.600 Y=452.223 Z=502.223) RuntimeGrid:None EditorOnly:0 RuntimeOnly:0 HLODRelevant:1 ListedInSceneOutliner:1 IsMainWorldOnly:0
 |   |   |- [+] [ 17]
 |   |   |   |- Guid:94D5EA4547FCC9BB49CEC8858AF25526 BaseClass: NativeClass:/Script/Engine.StaticMeshActor Name:StaticMeshActor_UAID_E8808871396DF32002_1346531066 Label:SM_Bld_Castle_Wall_Door_2 SpatiallyLoaded:1 Bounds:IsValid=true, Min=(X=-0.001 Y=-531.271 Z=0.000), Max=(X=499.999 Y=-468.732 Z=500.000) RuntimeGrid:None EditorOnly:0 RuntimeOnly:0 HLODRelevant:1 ListedInSceneOutliner:1 IsMainWorldOnly:0
 |   |   |- [+] [ 18]
 |   |   |   |- Guid:97CC67074E799B32C8D859A177F9F781 BaseClass:/Game/PolygonFantasyKingdom/BP/BP_Bounds.BP_Bounds_C NativeClass:/Script/Engine.Actor Name:BP_Bounds_C_UAID_0A002700000D332202_1567840403 Label:BP_Bounds2 SpatiallyLoaded:1 Bounds:IsValid=true, Min=(X=275.308 Y=1061.280 Z=-255.360), Max=(X=564.692 Y=1098.720 Z=-44.640) RuntimeGrid:None EditorOnly:0 RuntimeOnly:0 HLODRelevant:0 ListedInSceneOutliner:1 IsMainWorldOnly:0
 |   |   |- [+] [ 19]
 |   |   |   |- Guid:9AFA9F854CA9AA3CB7A67D86A0153EB4 BaseClass: NativeClass:/Script/Engine.StaticMeshActor Name:StaticMeshActor_UAID_E8808871396DF32002_1283261064 Label:SM_Bld_Castle_Door_Single_01 SpatiallyLoaded:1 Bounds:IsValid=true, Min=(X=199.491 Y=-512.889 Z=10.461), Max=(X=302.394 Y=-487.111 Z=244.968) RuntimeGrid:None EditorOnly:0 RuntimeOnly:0 HLODRelevant:1 ListedInSceneOutliner:1 IsMainWorldOnly:0
 |   |   |- [+] [ 20]
 |   |   |   |- Guid:9CE214904F98070DBB65E6B0AB97541E BaseClass: NativeClass:/Script/Engine.StaticMeshActor Name:StaticMeshActor_UAID_E8808871396DF42002_1540529270 Label:SM_Bld_Castle_Floor_Stone_4 SpatiallyLoaded:1 Bounds:IsValid=true, Min=(X=-0.073 Y=750.000 Z=-25.000), Max=(X=350.000 Y=1000.000 Z=3.480) RuntimeGrid:None EditorOnly:0 RuntimeOnly:0 HLODRelevant:1 ListedInSceneOutliner:1 IsMainWorldOnly:0
 |   |   |- [+] [ 21]
 |   |   |   |- Guid:9E769B8843EF1745FD7A8A8DC6A66164 BaseClass:/Game/PolygonFantasyKingdom/BP/portal/BP_Gate.BP_Gate_C NativeClass:/Script/Engine.Actor Name:BP_Gate_C_UAID_0A002700000D4C2202_1861995817 Label:BP_Gate4 SpatiallyLoaded:1 Bounds:IsValid=true, Min=(X=339.440 Y=-488.800 Z=446.880), Max=(X=520.560 Y=8.800 Z=473.120) RuntimeGrid:None EditorOnly:0 RuntimeOnly:0 HLODRelevant:0 ListedInSceneOutliner:1 IsMainWorldOnly:0
 |   |   |- [+] [ 22]
 |   |   |   |- Guid:A8A2384046512085F5A49B804CF31F2A BaseClass: NativeClass:/Script/Engine.StaticMeshActor Name:StaticMeshActor_UAID_E8808871396DF32002_1173993062 Label:SM_Bld_Castle_Floor_Stone_6 SpatiallyLoaded:1 Bounds:IsValid=true, Min=(X=496.520 Y=0.000 Z=-0.104), Max=(X=525.000 Y=500.000 Z=500.000) RuntimeGrid:None EditorOnly:0 RuntimeOnly:0 HLODRelevant:1 ListedInSceneOutliner:1 IsMainWorldOnly:0
 |   |   |- [+] [ 23]
 |   |   |   |- Guid:B5188205430C6336BE2017A564FD6E19 BaseClass:/Game/PolygonFantasyKingdom/BP/BP_Bounds.BP_Bounds_C NativeClass:/Script/Engine.Actor Name:BP_Bounds_C_UAID_0A002700000D332202_1567842405 Label:BP_Bounds4 SpatiallyLoaded:1 Bounds:IsValid=true, Min=(X=332.578 Y=686.200 Z=-222.560), Max=(X=347.422 Y=1063.800 Z=2.560) RuntimeGrid:None EditorOnly:0 RuntimeOnly:0 HLODRelevant:0 ListedInSceneOutliner:1 IsMainWorldOnly:0
 |   |   |- [+] [ 24]
 |   |   |   |- Guid:B933C3CA42AFA640AAF81DA8FC3F58E6 BaseClass: NativeClass:/Script/Engine.StaticMeshActor Name:StaticMeshActor_UAID_E8808871396DF42002_1217964266 Label:SM_Prop_Torch_7 SpatiallyLoaded:1 Bounds:IsValid=true, Min=(X=238.016 Y=941.812 Z=270.200), Max=(X=261.984 Y=982.917 Z=334.904) RuntimeGrid:None EditorOnly:0 RuntimeOnly:0 HLODRelevant:1 ListedInSceneOutliner:1 IsMainWorldOnly:0
 |   |   |- [+] [ 25]
 |   |   |   |- Guid:BD5E72544EB41E00B64DC1BB1149E29F BaseClass: NativeClass:/Script/Engine.PlayerStart Name:PlayerStart_UAID_0A002700000D1E2202_1760851689 Label:PlayerStart SpatiallyLoaded:0 Bounds:IsValid=true, Min=(X=230.000 Y=790.000 Z=18.000), Max=(X=310.000 Y=870.000 Z=202.000) RuntimeGrid:None EditorOnly:0 RuntimeOnly:0 HLODRelevant:0 ListedInSceneOutliner:1 IsMainWorldOnly:0
 |   |   |- [+] [ 26]
 |   |   |   |- Guid:CC1AAFF149F6737627578D910029E2D7 BaseClass:/Game/PolygonFantasyKingdom/BP/BP_Bounds.BP_Bounds_C NativeClass:/Script/Engine.Actor Name:BP_Bounds_C_UAID_0A002700000D332202_1567841404 Label:BP_Bounds3 SpatiallyLoaded:1 Bounds:IsValid=true, Min=(X=542.578 Y=686.200 Z=-222.560), Max=(X=557.422 Y=1063.800 Z=2.560) RuntimeGrid:None EditorOnly:0 RuntimeOnly:0 HLODRelevant:0 ListedInSceneOutliner:1 IsMainWorldOnly:0
 |   |   |- [+] [ 27]
 |   |   |   |- Guid:CCF1BED14E810729F44DD495D27E99E4 BaseClass: NativeClass:/Script/Engine.WorldDataLayers Name:WorldDataLayers Label:WorldDataLayers SpatiallyLoaded:0 Bounds:Invalid RuntimeGrid:None EditorOnly:0 RuntimeOnly:0 HLODRelevant:0 ListedInSceneOutliner:1 IsMainWorldOnly:1
 |   |   |- [+] [ 28]
 |   |   |   |- Guid:D31F133C44AFDD3CBA3420987B67F706 BaseClass: NativeClass:/Script/Engine.StaticMeshActor Name:StaticMeshActor_UAID_E8808871396DF42002_1164479263 Label:SM_Prop_Torch_5 SpatiallyLoaded:1 Bounds:IsValid=true, Min=(X=461.812 Y=738.016 Z=220.200), Max=(X=502.917 Y=761.984 Z=284.904) RuntimeGrid:None EditorOnly:0 RuntimeOnly:0 HLODRelevant:1 ListedInSceneOutliner:1 IsMainWorldOnly:0
 |   |   |- [+] [ 29]
 |   |   |   |- Guid:DEE7CA1D4033C9A643840C8A7B9C9CD7 BaseClass:/Game/PolygonFantasyKingdom/BP/portal/BP_Gate.BP_Gate_C NativeClass:/Script/Engine.Actor Name:BP_Gate_C_UAID_0A002700000D1F2202_1417198870 Label:BP_Gate2 SpatiallyLoaded:1 Bounds:IsValid=true, Min=(X=192.960 Y=977.680 Z=-2.160), Max=(X=307.040 Y=1002.320 Z=242.160) RuntimeGrid:None EditorOnly:0 RuntimeOnly:0 HLODRelevant:0 ListedInSceneOutliner:1 IsMainWorldOnly:0
 |   |   |- [+] [ 30]
 |   |   |   |- Guid:F40BC440470AD5F2DB0B88B35E9D8FD0 BaseClass:/Game/PolygonFantasyKingdom/BP/portal/BP_Gate.BP_Gate_C NativeClass:/Script/Engine.Actor Name:BP_Gate_C_UAID_0A002700000D4C2202_1430623787 Label:BP_Gate3 SpatiallyLoaded:1 Bounds:IsValid=true, Min=(X=345.600 Y=864.640 Z=-33.360), Max=(X=494.400 Y=1035.360 Z=-26.640) RuntimeGrid:None EditorOnly:0 RuntimeOnly:0 HLODRelevant:0 ListedInSceneOutliner:1 IsMainWorldOnly:0
 |   |   |- [+] [ 31]
 |   |   |   |- Guid:F73C8DCB49B7B6CFFB804DAEA19B13F7 BaseClass:/Game/PolygonFantasyKingdom/BP/portal/BP_Gate.BP_Gate_C NativeClass:/Script/Engine.Actor Name:BP_Gate_C_UAID_0A002700000D1F2202_1415589869 Label:BP_Gate SpatiallyLoaded:1 Bounds:IsValid=true, Min=(X=192.960 Y=-502.320 Z=-2.160), Max=(X=307.040 Y=-477.680 Z=242.160) RuntimeGrid:None EditorOnly:0 RuntimeOnly:0 HLODRelevant:0 ListedInSceneOutliner:1 IsMainWorldOnly:0
 |- ContainerInstances:
 |- [+] MainContainer:
 |   |-        ID: 00000000000000000000000000000000
 |   |-  ParentID: 00000000000000000000000000000000
 |   |-    Bounds: IsValid=true, Min=(X=-1750.000 Y=-2450.000 Z=-1750.000), Max=(X=2450.000 Y=2950.000 Z=2300.000)
 |   |- Transform: 0.000000,0.000000,0.000000|0.000000,0.000000,-0.000000|1.000000,1.000000,1.000000
 |   |- Container: /Game/PolygonFantasyKingdom/Maps/room_up_move___down_move1
----------------------------------------------------------------------------------------------------------------
room_up_move___down_move1 - Persistent Level
----------------------------------------------------------------------------------------------------------------
[+] Content of room_up_move___down_move1 Persistent Level
 |- Always loaded Actor Count: 2 
 |- Actor Path: /Game/PolygonFantasyKingdom/Maps/UEDPIE_0_room_up_move___down_move1.room_up_move___down_move1:PersistentLevel.PlayerStart_UAID_0A002700000D1E2202_1760851689
 |- Actor Package: /Game/PolygonFantasyKingdom/Maps/UEDPIE_0_room_up_move___down_move1_InstanceOf_/Game/__ExternalActors__/PolygonFantasyKingdom/Maps/room_up_move___down_move1/B/PR/ODL3SKHV5RTWVO9OTC8BTH
 |- Actor Path: /Game/PolygonFantasyKingdom/Maps/UEDPIE_0_room_up_move___down_move1.room_up_move___down_move1:PersistentLevel.WorldDataLayers
 |- Actor Package: /Game/__ExternalActors__/PolygonFantasyKingdom/Maps/room_up_move___down_move1/6/L9/QYK067D1XOKI9YZJJPZWZN

----------------------------------------------------------------------------------------------------------------
room_up_move___down_move1 - Runtime Hash Set
----------------------------------------------------------------------------------------------------------------
[+] Content of Cell room_up_move___down_move1_MainGrid_0_0_0_0 (25BRH1I2UE0Y9JX7DNY8W2J6M)
 |- Actor Count: 11
 |- [+] /Game/PolygonFantasyKingdom/Maps/UEDPIE_0_room_up_move___down_move1.room_up_move___down_move1:PersistentLevel.StaticMeshActor_UAID_E8808871396DF32002_1670216077
 |   |-         Package: /Game/__ExternalActors__/PolygonFantasyKingdom/Maps/room_up_move___down_move1/B/JJ/TKXFKFOR7DYL3QW2CF9MIH
 |   |-     Editor Only: 0
 |   |-   Instance Guid: 04BF0D8046BF218A7E7E7A89FA3DF7D0
 |   |- [+] Container:
 |   |   |-        ID: 00000000000000000000000000000000
 |   |   |- Transform: 0.000000,0.000000,0.000000|0.000000,0.000000,-0.000000|1.000000,1.000000,1.000000
 |- [+] /Game/PolygonFantasyKingdom/Maps/UEDPIE_0_room_up_move___down_move1.room_up_move___down_move1:PersistentLevel.PointLight_UAID_E8808871396DF32002_1706056078
 |   |-         Package: /Game/__ExternalActors__/PolygonFantasyKingdom/Maps/room_up_move___down_move1/0/F6/Y4W8PJQZ5K6XPYIHSFDGAQ
 |   |-     Editor Only: 0
 |   |-   Instance Guid: 04DE1BE74DC1F119B735C080DEE0CB56
 |   |- [+] Container:
 |   |   |-        ID: 00000000000000000000000000000000
 |   |   |- Transform: 0.000000,0.000000,0.000000|0.000000,0.000000,-0.000000|1.000000,1.000000,1.000000
 |- [+] /Game/PolygonFantasyKingdom/Maps/UEDPIE_0_room_up_move___down_move1.room_up_move___down_move1:PersistentLevel.StaticMeshActor_UAID_E8808871396DF32002_1602874074
 |   |-         Package: /Game/__ExternalActors__/PolygonFantasyKingdom/Maps/room_up_move___down_move1/5/9A/7TEECWKSRJ4CX956DFHTHY
 |   |-     Editor Only: 0
 |   |-   Instance Guid: 07383BE74C2F2218D28D70B08D4191A2
 |   |- [+] Container:
 |   |   |-        ID: 00000000000000000000000000000000
 |   |   |- Transform: 0.000000,0.000000,0.000000|0.000000,0.000000,-0.000000|1.000000,1.000000,1.000000
 |- [+] /Game/PolygonFantasyKingdom/Maps/UEDPIE_0_room_up_move___down_move1.room_up_move___down_move1:PersistentLevel.StaticMeshActor_UAID_E8808871396DF32002_1147579061
 |   |-         Package: /Game/__ExternalActors__/PolygonFantasyKingdom/Maps/room_up_move___down_move1/4/IF/5SQ3519QJ0TITJBDGDQQ8A
 |   |-     Editor Only: 0
 |   |-   Instance Guid: 08D70EB246DC9E25E45F05811C21E821
 |   |- [+] Container:
 |   |   |-        ID: 00000000000000000000000000000000
 |   |   |- Transform: 0.000000,0.000000,0.000000|0.000000,0.000000,-0.000000|1.000000,1.000000,1.000000
 |- [+] /Game/PolygonFantasyKingdom/Maps/UEDPIE_0_room_up_move___down_move1.room_up_move___down_move1:PersistentLevel.PointLight_UAID_E8808871396DF32002_1810998081
 |   |-         Package: /Game/__ExternalActors__/PolygonFantasyKingdom/Maps/room_up_move___down_move1/D/TV/B3DQYI8OMC4EQA0HFP46AD
 |   |-     Editor Only: 0
 |   |-   Instance Guid: 097DAFB24F073DF4D82DF5BE0051AF20
 |   |- [+] Container:
 |   |   |-        ID: 00000000000000000000000000000000
 |   |   |- Transform: 0.000000,0.000000,0.000000|0.000000,0.000000,-0.000000|1.000000,1.000000,1.000000
 |- [+] /Game/PolygonFantasyKingdom/Maps/UEDPIE_0_room_up_move___down_move1.room_up_move___down_move1:PersistentLevel.StaticMeshActor_UAID_E8808871396DF32002_1602877075
 |   |-         Package: /Game/__ExternalActors__/PolygonFantasyKingdom/Maps/room_up_move___down_move1/8/M8/6Q3EICBP7KMFASWCPJ9UXM
 |   |-     Editor Only: 0
 |   |-   Instance Guid: 2900450D48FE926595948CBECC963E8F
 |   |- [+] Container:
 |   |   |-        ID: 00000000000000000000000000000000
 |   |   |- Transform: 0.000000,0.000000,0.000000|0.000000,0.000000,-0.000000|1.000000,1.000000,1.000000
 |- [+] /Game/PolygonFantasyKingdom/Maps/UEDPIE_0_room_up_move___down_move1.room_up_move___down_move1:PersistentLevel.PointLight_UAID_E8808871396DF42002_1181752264
 |   |-         Package: /Game/__ExternalActors__/PolygonFantasyKingdom/Maps/room_up_move___down_move1/3/7R/GF474COW1KB9D0I7M0X3JH
 |   |-     Editor Only: 0
 |   |-   Instance Guid: 6BD73FE1469364064DD5ADA3B8B6AC14
 |   |- [+] Container:
 |   |   |-        ID: 00000000000000000000000000000000
 |   |   |- Transform: 0.000000,0.000000,0.000000|0.000000,0.000000,-0.000000|1.000000,1.000000,1.000000
 |- [+] /Game/PolygonFantasyKingdom/Maps/UEDPIE_0_room_up_move___down_move1.room_up_move___down_move1:PersistentLevel.StaticMeshActor_UAID_E8808871396DF32002_1173993062
 |   |-         Package: /Game/__ExternalActors__/PolygonFantasyKingdom/Maps/room_up_move___down_move1/8/1R/JM0Y0ABO8B6HBJOCQWEP9G
 |   |-     Editor Only: 0
 |   |-   Instance Guid: A8A2384046512085F5A49B804CF31F2A
 |   |- [+] Container:
 |   |   |-        ID: 00000000000000000000000000000000
 |   |   |- Transform: 0.000000,0.000000,0.000000|0.000000,0.000000,-0.000000|1.000000,1.000000,1.000000
 |- [+] /Game/PolygonFantasyKingdom/Maps/UEDPIE_0_room_up_move___down_move1.room_up_move___down_move1:PersistentLevel.StaticMeshActor_UAID_E8808871396DF42002_1217964266
 |   |-         Package: /Game/__ExternalActors__/PolygonFantasyKingdom/Maps/room_up_move___down_move1/2/EK/VCS4PPVFEULFQRB6OHUWMD
 |   |-     Editor Only: 0
 |   |-   Instance Guid: B933C3CA42AFA640AAF81DA8FC3F58E6
 |   |- [+] Container:
 |   |   |-        ID: 00000000000000000000000000000000
 |   |   |- Transform: 0.000000,0.000000,0.000000|0.000000,0.000000,-0.000000|1.000000,1.000000,1.000000
 |- [+] /Game/PolygonFantasyKingdom/Maps/UEDPIE_0_room_up_move___down_move1.room_up_move___down_move1:PersistentLevel.StaticMeshActor_UAID_E8808871396DF42002_1164479263
 |   |-         Package: /Game/__ExternalActors__/PolygonFantasyKingdom/Maps/room_up_move___down_move1/6/ZB/HWRSO9TYVGWOZP4Q2UW7G5
 |   |-     Editor Only: 0
 |   |-   Instance Guid: D31F133C44AFDD3CBA3420987B67F706
 |   |- [+] Container:
 |   |   |-        ID: 00000000000000000000000000000000
 |   |   |- Transform: 0.000000,0.000000,0.000000|0.000000,0.000000,-0.000000|1.000000,1.000000,1.000000
 |- [+] /Game/PolygonFantasyKingdom/Maps/UEDPIE_0_room_up_move___down_move1.room_up_move___down_move1:PersistentLevel.BP_Gate_C_UAID_0A002700000D1F2202_1417198870
 |   |-         Package: /Game/__ExternalActors__/PolygonFantasyKingdom/Maps/room_up_move___down_move1/A/00/WY4IGTLAGC3VZOH76HNLXB
 |   |-     Editor Only: 0
 |   |-   Instance Guid: DEE7CA1D4033C9A643840C8A7B9C9CD7
 |   |- [+] Container:
 |   |   |-        ID: 00000000000000000000000000000000
 |   |   |- Transform: 0.000000,0.000000,0.000000|0.000000,0.000000,-0.000000|1.000000,1.000000,1.000000
[+] Content of Cell room_up_move___down_move1_MainGrid_-1_0_0_0 (3U5X35X1WQZF09MX9DB96LNPF)
 |- Actor Count: 2
 |- [+] /Game/PolygonFantasyKingdom/Maps/UEDPIE_0_room_up_move___down_move1.room_up_move___down_move1:PersistentLevel.BP_RandomGenerator_C_UAID_6C2408545297012302_1589223655
 |   |-         Package: /Game/__ExternalActors__/PolygonFantasyKingdom/Maps/room_up_move___down_move1/0/BZ/BRRN0CEPGFDED8SW8IR20A
 |   |-     Editor Only: 0
 |   |-   Instance Guid: 3F94EA534E5BBC618F2FC1B582D103C0
 |   |- [+] Container:
 |   |   |-        ID: 00000000000000000000000000000000
 |   |   |- Transform: 0.000000,0.000000,0.000000|0.000000,0.000000,-0.000000|1.000000,1.000000,1.000000
 |- [+] /Game/PolygonFantasyKingdom/Maps/UEDPIE_0_room_up_move___down_move1.room_up_move___down_move1:PersistentLevel.BP_Bounds_C_UAID_0A002700000D1F2202_1519705888
 |   |-         Package: /Game/__ExternalActors__/PolygonFantasyKingdom/Maps/room_up_move___down_move1/9/9T/I2LHU5I392WT664UMJSS99
 |   |-     Editor Only: 0
 |   |-   Instance Guid: 5798524F4981B2C03A3A98B7B484FCF9
 |   |- [+] Container:
 |   |   |-        ID: 00000000000000000000000000000000
 |   |   |- Transform: 0.000000,0.000000,0.000000|0.000000,0.000000,-0.000000|1.000000,1.000000,1.000000
[+] Content of Cell room_up_move___down_move1_MainGrid_0_-1_-1_0 (55LLKCJLH2SK4YS0WZBC3VOL3)
 |- Actor Count: 1
 |- [+] /Game/PolygonFantasyKingdom/Maps/UEDPIE_0_room_up_move___down_move1.room_up_move___down_move1:PersistentLevel.StaticMeshActor_UAID_E8808871396DF22002_1619271881
 |   |-         Package: /Game/__ExternalActors__/PolygonFantasyKingdom/Maps/room_up_move___down_move1/9/5G/EBMIHV2G0IZ1SWBKIWJVRW
 |   |-     Editor Only: 0
 |   |-   Instance Guid: 502D7B004663F457583091BB7AFD111B
 |   |- [+] Container:
 |   |   |-        ID: 00000000000000000000000000000000
 |   |   |- Transform: 0.000000,0.000000,0.000000|0.000000,0.000000,-0.000000|1.000000,1.000000,1.000000
[+] Content of Cell room_up_move___down_move1_MainGrid_0_0_-1_0 (95D4MG2NXVXUHWYR9O0359YAS)
 |- Actor Count: 8
 |- [+] /Game/PolygonFantasyKingdom/Maps/UEDPIE_0_room_up_move___down_move1.room_up_move___down_move1:PersistentLevel.StaticMeshActor_UAID_E8808871396DF32002_1100754058
 |   |-         Package: /Game/__ExternalActors__/PolygonFantasyKingdom/Maps/room_up_move___down_move1/A/Z9/0JHJB5IDN9JT7BRWPOA8E6
 |   |-     Editor Only: 0
 |   |-   Instance Guid: 3A44BA564CA83407AAFB05B2B4C0C207
 |   |- [+] Container:
 |   |   |-        ID: 00000000000000000000000000000000
 |   |   |- Transform: 0.000000,0.000000,0.000000|0.000000,0.000000,-0.000000|1.000000,1.000000,1.000000
 |- [+] /Game/PolygonFantasyKingdom/Maps/UEDPIE_0_room_up_move___down_move1.room_up_move___down_move1:PersistentLevel.StaticMeshActor_UAID_0A002700000D332202_1567838402
 |   |-         Package: /Game/__ExternalActors__/PolygonFantasyKingdom/Maps/room_up_move___down_move1/3/4I/PPLF9TY8HZLSO10V69IR5E
 |   |-     Editor Only: 0
 |   |-   Instance Guid: 4ED39EFB4AD4CCDD9CEF9997C48DD6F0
 |   |- [+] Container:
 |   |   |-        ID: 00000000000000000000000000000000
 |   |   |- Transform: 0.000000,0.000000,0.000000|0.000000,0.000000,-0.000000|1.000000,1.000000,1.000000
 |- [+] /Game/PolygonFantasyKingdom/Maps/UEDPIE_0_room_up_move___down_move1.room_up_move___down_move1:PersistentLevel.StaticMeshActor_UAID_E8808871396DF32002_1109962059
 |   |-         Package: /Game/__ExternalActors__/PolygonFantasyKingdom/Maps/room_up_move___down_move1/6/HG/XUDTOEEMC423NO4MFRPB3B
 |   |-     Editor Only: 0
 |   |-   Instance Guid: 72B8D85948C0C7A74874BF84E9394A7F
 |   |- [+] Container:
 |   |   |-        ID: 00000000000000000000000000000000
 |   |   |- Transform: 0.000000,0.000000,0.000000|0.000000,0.000000,-0.000000|1.000000,1.000000,1.000000
 |- [+] /Game/PolygonFantasyKingdom/Maps/UEDPIE_0_room_up_move___down_move1.room_up_move___down_move1:PersistentLevel.BP_Bounds_C_UAID_0A002700000D332202_1567840403
 |   |-         Package: /Game/__ExternalActors__/PolygonFantasyKingdom/Maps/room_up_move___down_move1/6/WW/YXYYIUC86H0266OFXE1TZS
 |   |-     Editor Only: 0
 |   |-   Instance Guid: 97CC67074E799B32C8D859A177F9F781
 |   |- [+] Container:
 |   |   |-        ID: 00000000000000000000000000000000
 |   |   |- Transform: 0.000000,0.000000,0.000000|0.000000,0.000000,-0.000000|1.000000,1.000000,1.000000
 |- [+] /Game/PolygonFantasyKingdom/Maps/UEDPIE_0_room_up_move___down_move1.room_up_move___down_move1:PersistentLevel.StaticMeshActor_UAID_E8808871396DF42002_1540529270
 |   |-         Package: /Game/__ExternalActors__/PolygonFantasyKingdom/Maps/room_up_move___down_move1/3/T4/YSQDY51J4ND8ZWUZKMIO6Z
 |   |-     Editor Only: 0
 |   |-   Instance Guid: 9CE214904F98070DBB65E6B0AB97541E
 |   |- [+] Container:
 |   |   |-        ID: 00000000000000000000000000000000
 |   |   |- Transform: 0.000000,0.000000,0.000000|0.000000,0.000000,-0.000000|1.000000,1.000000,1.000000
 |- [+] /Game/PolygonFantasyKingdom/Maps/UEDPIE_0_room_up_move___down_move1.room_up_move___down_move1:PersistentLevel.BP_Bounds_C_UAID_0A002700000D332202_1567842405
 |   |-         Package: /Game/__ExternalActors__/PolygonFantasyKingdom/Maps/room_up_move___down_move1/7/V6/BJ1EYNIET6D4FTUE0YBBB3
 |   |-     Editor Only: 0
 |   |-   Instance Guid: B5188205430C6336BE2017A564FD6E19
 |   |- [+] Container:
 |   |   |-        ID: 00000000000000000000000000000000
 |   |   |- Transform: 0.000000,0.000000,0.000000|0.000000,0.000000,-0.000000|1.000000,1.000000,1.000000
 |- [+] /Game/PolygonFantasyKingdom/Maps/UEDPIE_0_room_up_move___down_move1.room_up_move___down_move1:PersistentLevel.BP_Bounds_C_UAID_0A002700000D332202_1567841404
 |   |-         Package: /Game/__ExternalActors__/PolygonFantasyKingdom/Maps/room_up_move___down_move1/B/25/VG8WURD9PYBC351LMWESLS
 |   |-     Editor Only: 0
 |   |-   Instance Guid: CC1AAFF149F6737627578D910029E2D7
 |   |- [+] Container:
 |   |   |-        ID: 00000000000000000000000000000000
 |   |   |- Transform: 0.000000,0.000000,0.000000|0.000000,0.000000,-0.000000|1.000000,1.000000,1.000000
 |- [+] /Game/PolygonFantasyKingdom/Maps/UEDPIE_0_room_up_move___down_move1.room_up_move___down_move1:PersistentLevel.BP_Gate_C_UAID_0A002700000D4C2202_1430623787
 |   |-         Package: /Game/__ExternalActors__/PolygonFantasyKingdom/Maps/room_up_move___down_move1/1/CX/3MQ54QN42XYDBQZA4YN2MB
 |   |-     Editor Only: 0
 |   |-   Instance Guid: F40BC440470AD5F2DB0B88B35E9D8FD0
 |   |- [+] Container:
 |   |   |-        ID: 00000000000000000000000000000000
 |   |   |- Transform: 0.000000,0.000000,0.000000|0.000000,0.000000,-0.000000|1.000000,1.000000,1.000000
[+] Content of Cell room_up_move___down_move1_MainGrid_0_-1_0_0 (9P0Q8O58M3JZ9ROJFCLJ2IK15)
 |- Actor Count: 8
 |- [+] /Game/PolygonFantasyKingdom/Maps/UEDPIE_0_room_up_move___down_move1.room_up_move___down_move1:PersistentLevel.StaticMeshActor_UAID_E8808871396DF42002_1288873267
 |   |-         Package: /Game/__ExternalActors__/PolygonFantasyKingdom/Maps/room_up_move___down_move1/0/MD/ME23S25CQ6A68T39NCIH06
 |   |-     Editor Only: 0
 |   |-   Instance Guid: 4B70027E4805E9E7D261788E556D635B
 |   |- [+] Container:
 |   |   |-        ID: 00000000000000000000000000000000
 |   |   |- Transform: 0.000000,0.000000,0.000000|0.000000,0.000000,-0.000000|1.000000,1.000000,1.000000
 |- [+] /Game/PolygonFantasyKingdom/Maps/UEDPIE_0_room_up_move___down_move1.room_up_move___down_move1:PersistentLevel.PointLight_UAID_E8808871396DF32002_2007658085
 |   |-         Package: /Game/__ExternalActors__/PolygonFantasyKingdom/Maps/room_up_move___down_move1/A/GM/C9MBDZD1KCJH1MN2598NDJ
 |   |-     Editor Only: 0
 |   |-   Instance Guid: 4B8288D14D33F3C8BE0298858A43D48F
 |   |- [+] Container:
 |   |   |-        ID: 00000000000000000000000000000000
 |   |   |- Transform: 0.000000,0.000000,0.000000|0.000000,0.000000,-0.000000|1.000000,1.000000,1.000000
 |- [+] /Game/PolygonFantasyKingdom/Maps/UEDPIE_0_room_up_move___down_move1.room_up_move___down_move1:PersistentLevel.StaticMeshActor_UAID_E8808871396DF42002_1216147265
 |   |-         Package: /Game/__ExternalActors__/PolygonFantasyKingdom/Maps/room_up_move___down_move1/A/09/5I33ELZSA9HSIF5TLY51E5
 |   |-     Editor Only: 0
 |   |-   Instance Guid: 7A5940B8489FFDCD7D775793ED31A0A9
 |   |- [+] Container:
 |   |   |-        ID: 00000000000000000000000000000000
 |   |   |- Transform: 0.000000,0.000000,0.000000|0.000000,0.000000,-0.000000|1.000000,1.000000,1.000000
 |- [+] /Game/PolygonFantasyKingdom/Maps/UEDPIE_0_room_up_move___down_move1.room_up_move___down_move1:PersistentLevel.StaticMeshActor_UAID_0A002700000D332202_1482745376
 |   |-         Package: /Game/__ExternalActors__/PolygonFantasyKingdom/Maps/room_up_move___down_move1/6/F6/4G4IADBE79RHIMWHWPQ2OR
 |   |-     Editor Only: 0
 |   |-   Instance Guid: 8177174C42276B52C07C9DA4219145EB
 |   |- [+] Container:
 |   |   |-        ID: 00000000000000000000000000000000
 |   |   |- Transform: 0.000000,0.000000,0.000000|0.000000,0.000000,-0.000000|1.000000,1.000000,1.000000
 |- [+] /Game/PolygonFantasyKingdom/Maps/UEDPIE_0_room_up_move___down_move1.room_up_move___down_move1:PersistentLevel.StaticMeshActor_UAID_E8808871396DF32002_1346531066
 |   |-         Package: /Game/__ExternalActors__/PolygonFantasyKingdom/Maps/room_up_move___down_move1/5/3U/BQLATRPOXKZHHRY4SQTCRJ
 |   |-     Editor Only: 0
 |   |-   Instance Guid: 94D5EA4547FCC9BB49CEC8858AF25526
 |   |- [+] Container:
 |   |   |-        ID: 00000000000000000000000000000000
 |   |   |- Transform: 0.000000,0.000000,0.000000|0.000000,0.000000,-0.000000|1.000000,1.000000,1.000000
 |- [+] /Game/PolygonFantasyKingdom/Maps/UEDPIE_0_room_up_move___down_move1.room_up_move___down_move1:PersistentLevel.StaticMeshActor_UAID_E8808871396DF32002_1283261064
 |   |-         Package: /Game/__ExternalActors__/PolygonFantasyKingdom/Maps/room_up_move___down_move1/5/VD/5LD7YRTY42UDWV5R7ZBXQM
 |   |-     Editor Only: 0
 |   |-   Instance Guid: 9AFA9F854CA9AA3CB7A67D86A0153EB4
 |   |- [+] Container:
 |   |   |-        ID: 00000000000000000000000000000000
 |   |   |- Transform: 0.000000,0.000000,0.000000|0.000000,0.000000,-0.000000|1.000000,1.000000,1.000000
 |- [+] /Game/PolygonFantasyKingdom/Maps/UEDPIE_0_room_up_move___down_move1.room_up_move___down_move1:PersistentLevel.BP_Gate_C_UAID_0A002700000D4C2202_1861995817
 |   |-         Package: /Game/__ExternalActors__/PolygonFantasyKingdom/Maps/room_up_move___down_move1/9/MF/NWHVUCQ8HQ1YTISV9D1UA0
 |   |-     Editor Only: 0
 |   |-   Instance Guid: 9E769B8843EF1745FD7A8A8DC6A66164
 |   |- [+] Container:
 |   |   |-        ID: 00000000000000000000000000000000
 |   |   |- Transform: 0.000000,0.000000,0.000000|0.000000,0.000000,-0.000000|1.000000,1.000000,1.000000
 |- [+] /Game/PolygonFantasyKingdom/Maps/UEDPIE_0_room_up_move___down_move1.room_up_move___down_move1:PersistentLevel.BP_Gate_C_UAID_0A002700000D1F2202_1415589869
 |   |-         Package: /Game/__ExternalActors__/PolygonFantasyKingdom/Maps/room_up_move___down_move1/2/IL/YRJK4EKYBY1KZLFCTDAPTP
 |   |-     Editor Only: 0
 |   |-   Instance Guid: F73C8DCB49B7B6CFFB804DAEA19B13F7
 |   |- [+] Container:
 |   |   |-        ID: 00000000000000000000000000000000
 |   |   |- Transform: 0.000000,0.000000,0.000000|0.000000,0.000000,-0.000000|1.000000,1.000000,1.000000

