[+] Containers:
 |- [+] Container: /Game/Maps/room_up_move___stop1
 |   |- [+] ActorDescs:
 |   |   |- Guid:0278443341485D550BF0DFBCD8C6939D BaseClass: NativeClass:/Script/Engine.StaticMeshActor Name:StaticMeshActor_UAID_E8808871396DF42002_1540529270 Label:SM_Bld_Castle_Floor_Stone_4 SpatiallyLoaded:1 Bounds:IsValid=true, Min=(X=-0.104 Y=750.000 Z=-25.000), Max=(X=500.000 Y=1000.000 Z=3.480) RuntimeGrid:None EditorOnly:0 RuntimeOnly:0 HLODRelevant:1 ListedInSceneOutliner:1 IsMainWorldOnly:0
 |   |   |- Guid:175F2D9D4BEBEF06AADC819A4F46A248 BaseClass: NativeClass:/Script/Engine.PlayerStart Name:PlayerStart_UAID_0A002700000DE02102_1528765768 Label:PlayerStart2 SpatiallyLoaded:0 Bounds:IsValid=true, Min=(X=300.000 Y=780.000 Z=0.000), Max=(X=380.000 Y=860.000 Z=184.000) RuntimeGrid:None EditorOnly:0 RuntimeOnly:0 HLODRelevant:0 ListedInSceneOutliner:1 IsMainWorldOnly:0
 |   |   |- Guid:23BC612F4DB95DADB8FEDA934A0BEAA0 BaseClass: NativeClass:/Script/Engine.StaticMeshActor Name:StaticMeshActor_UAID_E8808871396DF32002_1109962059 Label:SM_Bld_Castle_Floor_Stone_3 SpatiallyLoaded:1 Bounds:IsValid=true, Min=(X=-0.104 Y=500.000 Z=-25.000), Max=(X=500.000 Y=750.000 Z=3.480) RuntimeGrid:None EditorOnly:0 RuntimeOnly:0 HLODRelevant:1 ListedInSceneOutliner:1 IsMainWorldOnly:0
 |   |   |- Guid:285A91CE4768B2365DB1C48C2A3B37E2 BaseClass: NativeClass:/Script/Engine.StaticMeshActor Name:StaticMeshActor_UAID_E8808871396DF32002_1100754058 Label:SM_Bld_Castle_Floor_Stone_2 SpatiallyLoaded:1 Bounds:IsValid=true, Min=(X=-0.104 Y=0.000 Z=-25.000), Max=(X=500.000 Y=500.000 Z=3.480) RuntimeGrid:None EditorOnly:0 RuntimeOnly:0 HLODRelevant:1 ListedInSceneOutliner:1 IsMainWorldOnly:0
 |   |   |- Guid:30E96BDF40C95F913A2DFEB2107E4B00 BaseClass: NativeClass:/Script/Engine.PointLight Name:PointLight_UAID_E8808871396DF42002_1181752264 Label:PointLight4 SpatiallyLoaded:1 Bounds:IsValid=true, Min=(X=-1750.000 Y=-1050.000 Z=-1700.000), Max=(X=2250.000 Y=2950.000 Z=2300.000) RuntimeGrid:None EditorOnly:0 RuntimeOnly:0 HLODRelevant:0 ListedInSceneOutliner:1 IsMainWorldOnly:0
 |   |   |- Guid:37A8025A4F2922A18156BE9C41D8D1B9 BaseClass: NativeClass:/Script/Engine.StaticMeshActor Name:StaticMeshActor_UAID_E8808871396DF32002_1173993062 Label:SM_Bld_Castle_Floor_Stone_6 SpatiallyLoaded:1 Bounds:IsValid=true, Min=(X=496.520 Y=0.000 Z=-0.104), Max=(X=525.000 Y=500.000 Z=500.000) RuntimeGrid:None EditorOnly:0 RuntimeOnly:0 HLODRelevant:1 ListedInSceneOutliner:1 IsMainWorldOnly:0
 |   |   |- Guid:394F3F7844521630DB8370B179EC0CB8 BaseClass: NativeClass:/Script/Engine.StaticMeshActor Name:StaticMeshActor_UAID_E8808871396DF32002_1346531066 Label:SM_Bld_Castle_Wall_Door_2 SpatiallyLoaded:1 Bounds:IsValid=true, Min=(X=-0.001 Y=-531.271 Z=0.000), Max=(X=499.999 Y=-468.732 Z=500.000) RuntimeGrid:None EditorOnly:0 RuntimeOnly:0 HLODRelevant:1 ListedInSceneOutliner:1 IsMainWorldOnly:0
 |   |   |- Guid:3A92D95A44C0AECBD220AB9883D443C9 BaseClass: NativeClass:/Script/Engine.StaticMeshActor Name:StaticMeshActor_UAID_E8808871396DF42002_1288873267 Label:SM_Bld_Castle_Floor_Stone_11 SpatiallyLoaded:1 Bounds:IsValid=true, Min=(X=496.520 Y=-500.000 Z=-0.104), Max=(X=525.000 Y=0.000 Z=500.000) RuntimeGrid:None EditorOnly:0 RuntimeOnly:0 HLODRelevant:1 ListedInSceneOutliner:1 IsMainWorldOnly:0
 |   |   |- Guid:413CF0214CF103F3118914AFD76BFDD0 BaseClass: NativeClass:/Script/Engine.StaticMeshActor Name:StaticMeshActor_UAID_E8808871396DF42002_1216147265 Label:SM_Prop_Torch_6 SpatiallyLoaded:1 Bounds:IsValid=true, Min=(X=238.016 Y=-482.917 Z=270.200), Max=(X=261.984 Y=-441.812 Z=334.904) RuntimeGrid:None EditorOnly:0 RuntimeOnly:0 HLODRelevant:1 ListedInSceneOutliner:1 IsMainWorldOnly:0
 |   |   |- Guid:44D93A434CCDA014D6B4EA873E901F18 BaseClass: NativeClass:/Script/Engine.StaticMeshActor Name:StaticMeshActor_UAID_E8808871396DF32002_1147579061 Label:SM_Bld_Castle_Floor_Stone_5 SpatiallyLoaded:1 Bounds:IsValid=true, Min=(X=-0.000 Y=996.520 Z=-0.104), Max=(X=500.000 Y=1025.000 Z=500.000) RuntimeGrid:None EditorOnly:0 RuntimeOnly:0 HLODRelevant:1 ListedInSceneOutliner:1 IsMainWorldOnly:0
 |   |   |- Guid:4835F14841C335FD4A356A8C17542126 BaseClass: NativeClass:/Script/Engine.PointLight Name:PointLight_UAID_E8808871396DF32002_1706056078 Label:PointLight SpatiallyLoaded:1 Bounds:IsValid=true, Min=(X=-1550.000 Y=-1750.000 Z=-1750.000), Max=(X=2450.000 Y=2250.000 Z=2250.000) RuntimeGrid:None EditorOnly:0 RuntimeOnly:0 HLODRelevant:0 ListedInSceneOutliner:1 IsMainWorldOnly:0
 |   |   |- Guid:5919219A4898D861D425768C51D59343 BaseClass: NativeClass:/Script/Engine.StaticMeshActor Name:StaticMeshActor_UAID_E8808871396DF42002_1637844272 Label:SM_Bld_Castle_Floor_Stone_12 SpatiallyLoaded:1 Bounds:IsValid=true, Min=(X=496.520 Y=500.000 Z=-0.104), Max=(X=525.000 Y=1000.000 Z=500.000) RuntimeGrid:None EditorOnly:0 RuntimeOnly:0 HLODRelevant:1 ListedInSceneOutliner:1 IsMainWorldOnly:0
 |   |   |- Guid:595BC22F4525F6BD0EAFD190A9DA8750 BaseClass: NativeClass:/Script/Engine.StaticMeshActor Name:StaticMeshActor_UAID_E8808871396DF22002_1619271881 Label:SM_Bld_Castle_Floor_Stone_01 SpatiallyLoaded:1 Bounds:IsValid=true, Min=(X=-0.104 Y=-500.000 Z=-25.000), Max=(X=500.000 Y=0.000 Z=3.480) RuntimeGrid:None EditorOnly:0 RuntimeOnly:0 HLODRelevant:1 ListedInSceneOutliner:1 IsMainWorldOnly:0
 |   |   |- Guid:634C9EAF4066ABEC9A0EFA9EFABA0BFD BaseClass: NativeClass:/Script/Engine.PointLight Name:PointLight_UAID_E8808871396DF32002_1810998081 Label:PointLight2 SpatiallyLoaded:1 Bounds:IsValid=true, Min=(X=-1600.000 Y=-1250.000 Z=-1750.000), Max=(X=2400.000 Y=2750.000 Z=2250.000) RuntimeGrid:None EditorOnly:0 RuntimeOnly:0 HLODRelevant:0 ListedInSceneOutliner:1 IsMainWorldOnly:0
 |   |   |- Guid:6FB498F645363F53AC7FDF97518BFDA4 BaseClass: NativeClass:/Script/Engine.StaticMeshActor Name:StaticMeshActor_UAID_E8808871396DF32002_1404156067 Label:SM_Bld_Stairs_Straight_Wide_01 SpatiallyLoaded:1 Bounds:IsValid=true, Min=(X=349.999 Y=-552.223 Z=-502.223), Max=(X=548.600 Y=452.223 Z=502.223) RuntimeGrid:None EditorOnly:0 RuntimeOnly:0 HLODRelevant:1 ListedInSceneOutliner:1 IsMainWorldOnly:0
 |   |   |- Guid:89A7326E48A9EC241F0C52A1F4395A19 BaseClass:/Game/Blueprint/Portals/portal/BP_Gate.BP_Gate_C NativeClass:/Script/Engine.Actor Name:BP_Gate_C_UAID_0A002700000D4C2202_1822836811 Label:BP_Gate2 SpatiallyLoaded:1 Bounds:IsValid=true, Min=(X=339.440 Y=-488.800 Z=446.880), Max=(X=520.560 Y=8.800 Z=473.120) RuntimeGrid:None EditorOnly:0 RuntimeOnly:0 HLODRelevant:0 ListedInSceneOutliner:1 IsMainWorldOnly:0
 |   |   |- Guid:917F53A943374B592F9729BD23C9ED8A BaseClass:/Game/Blueprint/NPC/NPC5.NPC5_C NativeClass:/Script/Engine.Character Name:NPC5_C_UAID_6C24085452974F2202_1914464307 Label:NPC5 SpatiallyLoaded:1 Bounds:IsValid=true, Min=(X=213.686 Y=180.000 Z=0.000), Max=(X=301.530 Y=300.000 Z=256.385) RuntimeGrid:None EditorOnly:0 RuntimeOnly:0 HLODRelevant:0 ListedInSceneOutliner:1 IsMainWorldOnly:0
 |   |   |- Guid:9BD36EEF494CD34643A81488CD97FF39 BaseClass: NativeClass:/Script/Engine.StaticMeshActor Name:StaticMeshActor_UAID_E8808871396DF32002_1283261064 Label:SM_Bld_Castle_Door_Single_01 SpatiallyLoaded:1 Bounds:IsValid=true, Min=(X=199.491 Y=-512.889 Z=10.461), Max=(X=302.394 Y=-487.111 Z=244.968) RuntimeGrid:None EditorOnly:0 RuntimeOnly:0 HLODRelevant:1 ListedInSceneOutliner:1 IsMainWorldOnly:0
 |   |   |- Guid:9E6E313E420859F3F68F41841E32934A BaseClass: NativeClass:/Script/Engine.StaticMeshActor Name:StaticMeshActor_UAID_E8808871396DF32002_1670216077 Label:SM_Prop_Torch_3 SpatiallyLoaded:1 Bounds:IsValid=true, Min=(X=461.812 Y=238.016 Z=220.200), Max=(X=502.917 Y=261.984 Z=284.904) RuntimeGrid:None EditorOnly:0 RuntimeOnly:0 HLODRelevant:1 ListedInSceneOutliner:1 IsMainWorldOnly:0
 |   |   |- Guid:B848B27643D1DC1EA01D09B8B9A90C2B BaseClass:/Game/Blueprint/Portals/portal/BP_Gate.BP_Gate_C NativeClass:/Script/Engine.Actor Name:BP_Gate_C_UAID_0A002700000DEA2102_1510354528 Label:BP_Gate SpatiallyLoaded:1 Bounds:IsValid=true, Min=(X=192.960 Y=-502.320 Z=-2.160), Max=(X=307.040 Y=-477.680 Z=242.160) RuntimeGrid:None EditorOnly:0 RuntimeOnly:0 HLODRelevant:0 ListedInSceneOutliner:1 IsMainWorldOnly:0
 |   |   |- Guid:C0073ED04CA0615C6B5BA7B414F8836D BaseClass:/Game/Blueprint/Portals/BP_Bounds.BP_Bounds_C NativeClass:/Script/Engine.Actor Name:BP_Bounds_C_UAID_0A002700000DE42102_1361495471 Label:BP_Bounds SpatiallyLoaded:1 Bounds:IsValid=true, Min=(X=-37.962 Y=-559.320 Z=-360.640), Max=(X=3.962 Y=1069.320 Z=500.640) RuntimeGrid:None EditorOnly:0 RuntimeOnly:0 HLODRelevant:0 ListedInSceneOutliner:1 IsMainWorldOnly:0
 |   |   |- Guid:ED2F66F9406572338B9307B5A56197D4 BaseClass: NativeClass:/Script/Engine.PointLight Name:PointLight_UAID_E8808871396DF32002_2007658085 Label:PointLight3 SpatiallyLoaded:1 Bounds:IsValid=true, Min=(X=-1750.000 Y=-2450.000 Z=-1700.000), Max=(X=2250.000 Y=1550.000 Z=2300.000) RuntimeGrid:None EditorOnly:0 RuntimeOnly:0 HLODRelevant:0 ListedInSceneOutliner:1 IsMainWorldOnly:0
 |   |   |- Guid:F23DE17B464B5A807D03C1B1761DEA18 BaseClass:/Game/Blueprint/Portals/Item/BP_RandomGenerator.BP_RandomGenerator_C NativeClass:/Script/Engine.Actor Name:BP_RandomGenerator_C_UAID_6C2408545297012302_1613991660 Label:BP_RandomGenerator SpatiallyLoaded:1 Bounds:IsValid=true, Min=(X=500.000 Y=490.000 Z=120.000), Max=(X=500.000 Y=490.000 Z=120.000) RuntimeGrid:None EditorOnly:0 RuntimeOnly:0 HLODRelevant:0 ListedInSceneOutliner:1 IsMainWorldOnly:0
 |   |   |- Guid:F6B8535D49BE559494C716B15FD945DB BaseClass: NativeClass:/Script/Engine.StaticMeshActor Name:StaticMeshActor_UAID_E8808871396DF42002_1164479263 Label:SM_Prop_Torch_5 SpatiallyLoaded:1 Bounds:IsValid=true, Min=(X=461.812 Y=738.016 Z=220.200), Max=(X=502.917 Y=761.984 Z=284.904) RuntimeGrid:None EditorOnly:0 RuntimeOnly:0 HLODRelevant:1 ListedInSceneOutliner:1 IsMainWorldOnly:0
 |   |   |- Guid:F6BEABD34A39D8CA7C82DF9902A6F168 BaseClass: NativeClass:/Script/Engine.StaticMeshActor Name:StaticMeshActor_UAID_E8808871396DF42002_1217964266 Label:SM_Prop_Torch_7 SpatiallyLoaded:1 Bounds:IsValid=true, Min=(X=238.016 Y=961.812 Z=270.200), Max=(X=261.984 Y=1002.917 Z=334.904) RuntimeGrid:None EditorOnly:0 RuntimeOnly:0 HLODRelevant:1 ListedInSceneOutliner:1 IsMainWorldOnly:0
 |   |   |- Guid:F8FC09F84EA07634ED37FEB40A0607B5 BaseClass: NativeClass:/Script/Engine.WorldDataLayers Name:WorldDataLayers Label:WorldDataLayers SpatiallyLoaded:0 Bounds:Invalid RuntimeGrid:None EditorOnly:0 RuntimeOnly:0 HLODRelevant:0 ListedInSceneOutliner:1 IsMainWorldOnly:1
 |   |- [+] Clusters:
 |   |   |- [+] [  0]
 |   |   |   |- Guid:0278443341485D550BF0DFBCD8C6939D BaseClass: NativeClass:/Script/Engine.StaticMeshActor Name:StaticMeshActor_UAID_E8808871396DF42002_1540529270 Label:SM_Bld_Castle_Floor_Stone_4 SpatiallyLoaded:1 Bounds:IsValid=true, Min=(X=-0.104 Y=750.000 Z=-25.000), Max=(X=500.000 Y=1000.000 Z=3.480) RuntimeGrid:None EditorOnly:0 RuntimeOnly:0 HLODRelevant:1 ListedInSceneOutliner:1 IsMainWorldOnly:0
 |   |   |- [+] [  1]
 |   |   |   |- Guid:175F2D9D4BEBEF06AADC819A4F46A248 BaseClass: NativeClass:/Script/Engine.PlayerStart Name:PlayerStart_UAID_0A002700000DE02102_1528765768 Label:PlayerStart2 SpatiallyLoaded:0 Bounds:IsValid=true, Min=(X=300.000 Y=780.000 Z=0.000), Max=(X=380.000 Y=860.000 Z=184.000) RuntimeGrid:None EditorOnly:0 RuntimeOnly:0 HLODRelevant:0 ListedInSceneOutliner:1 IsMainWorldOnly:0
 |   |   |- [+] [  2]
 |   |   |   |- Guid:23BC612F4DB95DADB8FEDA934A0BEAA0 BaseClass: NativeClass:/Script/Engine.StaticMeshActor Name:StaticMeshActor_UAID_E8808871396DF32002_1109962059 Label:SM_Bld_Castle_Floor_Stone_3 SpatiallyLoaded:1 Bounds:IsValid=true, Min=(X=-0.104 Y=500.000 Z=-25.000), Max=(X=500.000 Y=750.000 Z=3.480) RuntimeGrid:None EditorOnly:0 RuntimeOnly:0 HLODRelevant:1 ListedInSceneOutliner:1 IsMainWorldOnly:0
 |   |   |- [+] [  3]
 |   |   |   |- Guid:285A91CE4768B2365DB1C48C2A3B37E2 BaseClass: NativeClass:/Script/Engine.StaticMeshActor Name:StaticMeshActor_UAID_E8808871396DF32002_1100754058 Label:SM_Bld_Castle_Floor_Stone_2 SpatiallyLoaded:1 Bounds:IsValid=true, Min=(X=-0.104 Y=0.000 Z=-25.000), Max=(X=500.000 Y=500.000 Z=3.480) RuntimeGrid:None EditorOnly:0 RuntimeOnly:0 HLODRelevant:1 ListedInSceneOutliner:1 IsMainWorldOnly:0
 |   |   |- [+] [  4]
 |   |   |   |- Guid:30E96BDF40C95F913A2DFEB2107E4B00 BaseClass: NativeClass:/Script/Engine.PointLight Name:PointLight_UAID_E8808871396DF42002_1181752264 Label:PointLight4 SpatiallyLoaded:1 Bounds:IsValid=true, Min=(X=-1750.000 Y=-1050.000 Z=-1700.000), Max=(X=2250.000 Y=2950.000 Z=2300.000) RuntimeGrid:None EditorOnly:0 RuntimeOnly:0 HLODRelevant:0 ListedInSceneOutliner:1 IsMainWorldOnly:0
 |   |   |- [+] [  5]
 |   |   |   |- Guid:37A8025A4F2922A18156BE9C41D8D1B9 BaseClass: NativeClass:/Script/Engine.StaticMeshActor Name:StaticMeshActor_UAID_E8808871396DF32002_1173993062 Label:SM_Bld_Castle_Floor_Stone_6 SpatiallyLoaded:1 Bounds:IsValid=true, Min=(X=496.520 Y=0.000 Z=-0.104), Max=(X=525.000 Y=500.000 Z=500.000) RuntimeGrid:None EditorOnly:0 RuntimeOnly:0 HLODRelevant:1 ListedInSceneOutliner:1 IsMainWorldOnly:0
 |   |   |- [+] [  6]
 |   |   |   |- Guid:394F3F7844521630DB8370B179EC0CB8 BaseClass: NativeClass:/Script/Engine.StaticMeshActor Name:StaticMeshActor_UAID_E8808871396DF32002_1346531066 Label:SM_Bld_Castle_Wall_Door_2 SpatiallyLoaded:1 Bounds:IsValid=true, Min=(X=-0.001 Y=-531.271 Z=0.000), Max=(X=499.999 Y=-468.732 Z=500.000) RuntimeGrid:None EditorOnly:0 RuntimeOnly:0 HLODRelevant:1 ListedInSceneOutliner:1 IsMainWorldOnly:0
 |   |   |- [+] [  7]
 |   |   |   |- Guid:3A92D95A44C0AECBD220AB9883D443C9 BaseClass: NativeClass:/Script/Engine.StaticMeshActor Name:StaticMeshActor_UAID_E8808871396DF42002_1288873267 Label:SM_Bld_Castle_Floor_Stone_11 SpatiallyLoaded:1 Bounds:IsValid=true, Min=(X=496.520 Y=-500.000 Z=-0.104), Max=(X=525.000 Y=0.000 Z=500.000) RuntimeGrid:None EditorOnly:0 RuntimeOnly:0 HLODRelevant:1 ListedInSceneOutliner:1 IsMainWorldOnly:0
 |   |   |- [+] [  8]
 |   |   |   |- Guid:413CF0214CF103F3118914AFD76BFDD0 BaseClass: NativeClass:/Script/Engine.StaticMeshActor Name:StaticMeshActor_UAID_E8808871396DF42002_1216147265 Label:SM_Prop_Torch_6 SpatiallyLoaded:1 Bounds:IsValid=true, Min=(X=238.016 Y=-482.917 Z=270.200), Max=(X=261.984 Y=-441.812 Z=334.904) RuntimeGrid:None EditorOnly:0 RuntimeOnly:0 HLODRelevant:1 ListedInSceneOutliner:1 IsMainWorldOnly:0
 |   |   |- [+] [  9]
 |   |   |   |- Guid:44D93A434CCDA014D6B4EA873E901F18 BaseClass: NativeClass:/Script/Engine.StaticMeshActor Name:StaticMeshActor_UAID_E8808871396DF32002_1147579061 Label:SM_Bld_Castle_Floor_Stone_5 SpatiallyLoaded:1 Bounds:IsValid=true, Min=(X=-0.000 Y=996.520 Z=-0.104), Max=(X=500.000 Y=1025.000 Z=500.000) RuntimeGrid:None EditorOnly:0 RuntimeOnly:0 HLODRelevant:1 ListedInSceneOutliner:1 IsMainWorldOnly:0
 |   |   |- [+] [ 10]
 |   |   |   |- Guid:4835F14841C335FD4A356A8C17542126 BaseClass: NativeClass:/Script/Engine.PointLight Name:PointLight_UAID_E8808871396DF32002_1706056078 Label:PointLight SpatiallyLoaded:1 Bounds:IsValid=true, Min=(X=-1550.000 Y=-1750.000 Z=-1750.000), Max=(X=2450.000 Y=2250.000 Z=2250.000) RuntimeGrid:None EditorOnly:0 RuntimeOnly:0 HLODRelevant:0 ListedInSceneOutliner:1 IsMainWorldOnly:0
 |   |   |- [+] [ 11]
 |   |   |   |- Guid:5919219A4898D861D425768C51D59343 BaseClass: NativeClass:/Script/Engine.StaticMeshActor Name:StaticMeshActor_UAID_E8808871396DF42002_1637844272 Label:SM_Bld_Castle_Floor_Stone_12 SpatiallyLoaded:1 Bounds:IsValid=true, Min=(X=496.520 Y=500.000 Z=-0.104), Max=(X=525.000 Y=1000.000 Z=500.000) RuntimeGrid:None EditorOnly:0 RuntimeOnly:0 HLODRelevant:1 ListedInSceneOutliner:1 IsMainWorldOnly:0
 |   |   |- [+] [ 12]
 |   |   |   |- Guid:595BC22F4525F6BD0EAFD190A9DA8750 BaseClass: NativeClass:/Script/Engine.StaticMeshActor Name:StaticMeshActor_UAID_E8808871396DF22002_1619271881 Label:SM_Bld_Castle_Floor_Stone_01 SpatiallyLoaded:1 Bounds:IsValid=true, Min=(X=-0.104 Y=-500.000 Z=-25.000), Max=(X=500.000 Y=0.000 Z=3.480) RuntimeGrid:None EditorOnly:0 RuntimeOnly:0 HLODRelevant:1 ListedInSceneOutliner:1 IsMainWorldOnly:0
 |   |   |- [+] [ 13]
 |   |   |   |- Guid:634C9EAF4066ABEC9A0EFA9EFABA0BFD BaseClass: NativeClass:/Script/Engine.PointLight Name:PointLight_UAID_E8808871396DF32002_1810998081 Label:PointLight2 SpatiallyLoaded:1 Bounds:IsValid=true, Min=(X=-1600.000 Y=-1250.000 Z=-1750.000), Max=(X=2400.000 Y=2750.000 Z=2250.000) RuntimeGrid:None EditorOnly:0 RuntimeOnly:0 HLODRelevant:0 ListedInSceneOutliner:1 IsMainWorldOnly:0
 |   |   |- [+] [ 14]
 |   |   |   |- Guid:6FB498F645363F53AC7FDF97518BFDA4 BaseClass: NativeClass:/Script/Engine.StaticMeshActor Name:StaticMeshActor_UAID_E8808871396DF32002_1404156067 Label:SM_Bld_Stairs_Straight_Wide_01 SpatiallyLoaded:1 Bounds:IsValid=true, Min=(X=349.999 Y=-552.223 Z=-502.223), Max=(X=548.600 Y=452.223 Z=502.223) RuntimeGrid:None EditorOnly:0 RuntimeOnly:0 HLODRelevant:1 ListedInSceneOutliner:1 IsMainWorldOnly:0
 |   |   |- [+] [ 15]
 |   |   |   |- Guid:89A7326E48A9EC241F0C52A1F4395A19 BaseClass:/Game/Blueprint/Portals/portal/BP_Gate.BP_Gate_C NativeClass:/Script/Engine.Actor Name:BP_Gate_C_UAID_0A002700000D4C2202_1822836811 Label:BP_Gate2 SpatiallyLoaded:1 Bounds:IsValid=true, Min=(X=339.440 Y=-488.800 Z=446.880), Max=(X=520.560 Y=8.800 Z=473.120) RuntimeGrid:None EditorOnly:0 RuntimeOnly:0 HLODRelevant:0 ListedInSceneOutliner:1 IsMainWorldOnly:0
 |   |   |- [+] [ 16]
 |   |   |   |- Guid:917F53A943374B592F9729BD23C9ED8A BaseClass:/Game/Blueprint/NPC/NPC5.NPC5_C NativeClass:/Script/Engine.Character Name:NPC5_C_UAID_6C24085452974F2202_1914464307 Label:NPC5 SpatiallyLoaded:1 Bounds:IsValid=true, Min=(X=213.686 Y=180.000 Z=0.000), Max=(X=301.530 Y=300.000 Z=256.385) RuntimeGrid:None EditorOnly:0 RuntimeOnly:0 HLODRelevant:0 ListedInSceneOutliner:1 IsMainWorldOnly:0
 |   |   |- [+] [ 17]
 |   |   |   |- Guid:9BD36EEF494CD34643A81488CD97FF39 BaseClass: NativeClass:/Script/Engine.StaticMeshActor Name:StaticMeshActor_UAID_E8808871396DF32002_1283261064 Label:SM_Bld_Castle_Door_Single_01 SpatiallyLoaded:1 Bounds:IsValid=true, Min=(X=199.491 Y=-512.889 Z=10.461), Max=(X=302.394 Y=-487.111 Z=244.968) RuntimeGrid:None EditorOnly:0 RuntimeOnly:0 HLODRelevant:1 ListedInSceneOutliner:1 IsMainWorldOnly:0
 |   |   |- [+] [ 18]
 |   |   |   |- Guid:9E6E313E420859F3F68F41841E32934A BaseClass: NativeClass:/Script/Engine.StaticMeshActor Name:StaticMeshActor_UAID_E8808871396DF32002_1670216077 Label:SM_Prop_Torch_3 SpatiallyLoaded:1 Bounds:IsValid=true, Min=(X=461.812 Y=238.016 Z=220.200), Max=(X=502.917 Y=261.984 Z=284.904) RuntimeGrid:None EditorOnly:0 RuntimeOnly:0 HLODRelevant:1 ListedInSceneOutliner:1 IsMainWorldOnly:0
 |   |   |- [+] [ 19]
 |   |   |   |- Guid:B848B27643D1DC1EA01D09B8B9A90C2B BaseClass:/Game/Blueprint/Portals/portal/BP_Gate.BP_Gate_C NativeClass:/Script/Engine.Actor Name:BP_Gate_C_UAID_0A002700000DEA2102_1510354528 Label:BP_Gate SpatiallyLoaded:1 Bounds:IsValid=true, Min=(X=192.960 Y=-502.320 Z=-2.160), Max=(X=307.040 Y=-477.680 Z=242.160) RuntimeGrid:None EditorOnly:0 RuntimeOnly:0 HLODRelevant:0 ListedInSceneOutliner:1 IsMainWorldOnly:0
 |   |   |- [+] [ 20]
 |   |   |   |- Guid:C0073ED04CA0615C6B5BA7B414F8836D BaseClass:/Game/Blueprint/Portals/BP_Bounds.BP_Bounds_C NativeClass:/Script/Engine.Actor Name:BP_Bounds_C_UAID_0A002700000DE42102_1361495471 Label:BP_Bounds SpatiallyLoaded:1 Bounds:IsValid=true, Min=(X=-37.962 Y=-559.320 Z=-360.640), Max=(X=3.962 Y=1069.320 Z=500.640) RuntimeGrid:None EditorOnly:0 RuntimeOnly:0 HLODRelevant:0 ListedInSceneOutliner:1 IsMainWorldOnly:0
 |   |   |- [+] [ 21]
 |   |   |   |- Guid:ED2F66F9406572338B9307B5A56197D4 BaseClass: NativeClass:/Script/Engine.PointLight Name:PointLight_UAID_E8808871396DF32002_2007658085 Label:PointLight3 SpatiallyLoaded:1 Bounds:IsValid=true, Min=(X=-1750.000 Y=-2450.000 Z=-1700.000), Max=(X=2250.000 Y=1550.000 Z=2300.000) RuntimeGrid:None EditorOnly:0 RuntimeOnly:0 HLODRelevant:0 ListedInSceneOutliner:1 IsMainWorldOnly:0
 |   |   |- [+] [ 22]
 |   |   |   |- Guid:F23DE17B464B5A807D03C1B1761DEA18 BaseClass:/Game/Blueprint/Portals/Item/BP_RandomGenerator.BP_RandomGenerator_C NativeClass:/Script/Engine.Actor Name:BP_RandomGenerator_C_UAID_6C2408545297012302_1613991660 Label:BP_RandomGenerator SpatiallyLoaded:1 Bounds:IsValid=true, Min=(X=500.000 Y=490.000 Z=120.000), Max=(X=500.000 Y=490.000 Z=120.000) RuntimeGrid:None EditorOnly:0 RuntimeOnly:0 HLODRelevant:0 ListedInSceneOutliner:1 IsMainWorldOnly:0
 |   |   |- [+] [ 23]
 |   |   |   |- Guid:F6B8535D49BE559494C716B15FD945DB BaseClass: NativeClass:/Script/Engine.StaticMeshActor Name:StaticMeshActor_UAID_E8808871396DF42002_1164479263 Label:SM_Prop_Torch_5 SpatiallyLoaded:1 Bounds:IsValid=true, Min=(X=461.812 Y=738.016 Z=220.200), Max=(X=502.917 Y=761.984 Z=284.904) RuntimeGrid:None EditorOnly:0 RuntimeOnly:0 HLODRelevant:1 ListedInSceneOutliner:1 IsMainWorldOnly:0
 |   |   |- [+] [ 24]
 |   |   |   |- Guid:F6BEABD34A39D8CA7C82DF9902A6F168 BaseClass: NativeClass:/Script/Engine.StaticMeshActor Name:StaticMeshActor_UAID_E8808871396DF42002_1217964266 Label:SM_Prop_Torch_7 SpatiallyLoaded:1 Bounds:IsValid=true, Min=(X=238.016 Y=961.812 Z=270.200), Max=(X=261.984 Y=1002.917 Z=334.904) RuntimeGrid:None EditorOnly:0 RuntimeOnly:0 HLODRelevant:1 ListedInSceneOutliner:1 IsMainWorldOnly:0
 |   |   |- [+] [ 25]
 |   |   |   |- Guid:F8FC09F84EA07634ED37FEB40A0607B5 BaseClass: NativeClass:/Script/Engine.WorldDataLayers Name:WorldDataLayers Label:WorldDataLayers SpatiallyLoaded:0 Bounds:Invalid RuntimeGrid:None EditorOnly:0 RuntimeOnly:0 HLODRelevant:0 ListedInSceneOutliner:1 IsMainWorldOnly:1
 |- ContainerInstances:
 |- [+] MainContainer:
 |   |-        ID: 00000000000000000000000000000000
 |   |-  ParentID: 00000000000000000000000000000000
 |   |-    Bounds: IsValid=true, Min=(X=-1750.000 Y=-2450.000 Z=-1750.000), Max=(X=2450.000 Y=2950.000 Z=2300.000)
 |   |- Transform: 0.000000,0.000000,0.000000|0.000000,0.000000,-0.000000|1.000000,1.000000,1.000000
 |   |- Container: /Game/Maps/room_up_move___stop1
----------------------------------------------------------------------------------------------------------------
room_up_move___stop1 - Persistent Level
----------------------------------------------------------------------------------------------------------------
[+] Content of room_up_move___stop1 Persistent Level
 |- Always loaded Actor Count: 2 
 |- Actor Path: /Game/Maps/room_up_move___stop1.room_up_move___stop1:PersistentLevel.PlayerStart_UAID_0A002700000DE02102_1528765768
 |- Actor Package: /Game/__ExternalActors__/Maps/room_up_move___stop1/5/K3/73DAV5KCAI043196J5VS6E
 |- Actor Path: /Game/Maps/room_up_move___stop1.room_up_move___stop1:PersistentLevel.WorldDataLayers
 |- Actor Package: /Game/__ExternalActors__/Maps/room_up_move___stop1/1/VX/TV8XBBSIZXANX2VA9CTXED

----------------------------------------------------------------------------------------------------------------
room_up_move___stop1 - Runtime Hash Set
----------------------------------------------------------------------------------------------------------------
[+] Content of Cell room_up_move___stop1_MainGrid_0_-1_0_0 (2SWE2V2DE8JFK3SL20K13D84D)
 |- Actor Count: 8
 |- [+] /Game/Maps/room_up_move___stop1.room_up_move___stop1:PersistentLevel.StaticMeshActor_UAID_E8808871396DF32002_1346531066
 |   |-         Package: /Game/__ExternalActors__/Maps/room_up_move___stop1/A/Y8/R435ZD21WSXY111F0ZPWO6
 |   |-     Editor Only: 0
 |   |-   Instance Guid: 394F3F7844521630DB8370B179EC0CB8
 |   |- [+] Container:
 |   |   |-        ID: 00000000000000000000000000000000
 |   |   |- Transform: 0.000000,0.000000,0.000000|0.000000,0.000000,-0.000000|1.000000,1.000000,1.000000
 |- [+] /Game/Maps/room_up_move___stop1.room_up_move___stop1:PersistentLevel.StaticMeshActor_UAID_E8808871396DF42002_1288873267
 |   |-         Package: /Game/__ExternalActors__/Maps/room_up_move___stop1/E/WB/FJVJ99TFU58CBQWBNLA9LH
 |   |-     Editor Only: 0
 |   |-   Instance Guid: 3A92D95A44C0AECBD220AB9883D443C9
 |   |- [+] Container:
 |   |   |-        ID: 00000000000000000000000000000000
 |   |   |- Transform: 0.000000,0.000000,0.000000|0.000000,0.000000,-0.000000|1.000000,1.000000,1.000000
 |- [+] /Game/Maps/room_up_move___stop1.room_up_move___stop1:PersistentLevel.StaticMeshActor_UAID_E8808871396DF42002_1216147265
 |   |-         Package: /Game/__ExternalActors__/Maps/room_up_move___stop1/8/O1/W6N9LE6P884UMDNTL7PN0V
 |   |-     Editor Only: 0
 |   |-   Instance Guid: 413CF0214CF103F3118914AFD76BFDD0
 |   |- [+] Container:
 |   |   |-        ID: 00000000000000000000000000000000
 |   |   |- Transform: 0.000000,0.000000,0.000000|0.000000,0.000000,-0.000000|1.000000,1.000000,1.000000
 |- [+] /Game/Maps/room_up_move___stop1.room_up_move___stop1:PersistentLevel.StaticMeshActor_UAID_E8808871396DF32002_1404156067
 |   |-         Package: /Game/__ExternalActors__/Maps/room_up_move___stop1/A/7T/WV177RU0F9TEOYJSYO5TGT
 |   |-     Editor Only: 0
 |   |-   Instance Guid: 6FB498F645363F53AC7FDF97518BFDA4
 |   |- [+] Container:
 |   |   |-        ID: 00000000000000000000000000000000
 |   |   |- Transform: 0.000000,0.000000,0.000000|0.000000,0.000000,-0.000000|1.000000,1.000000,1.000000
 |- [+] /Game/Maps/room_up_move___stop1.room_up_move___stop1:PersistentLevel.BP_Gate_C_UAID_0A002700000D4C2202_1822836811
 |   |-         Package: /Game/__ExternalActors__/Maps/room_up_move___stop1/E/S4/163Q77IXKY7HCKG4258D07
 |   |-     Editor Only: 0
 |   |-   Instance Guid: 89A7326E48A9EC241F0C52A1F4395A19
 |   |- [+] Container:
 |   |   |-        ID: 00000000000000000000000000000000
 |   |   |- Transform: 0.000000,0.000000,0.000000|0.000000,0.000000,-0.000000|1.000000,1.000000,1.000000
 |- [+] /Game/Maps/room_up_move___stop1.room_up_move___stop1:PersistentLevel.StaticMeshActor_UAID_E8808871396DF32002_1283261064
 |   |-         Package: /Game/__ExternalActors__/Maps/room_up_move___stop1/6/FM/K2MQZBPYGO1JQJ3GKNCTIZ
 |   |-     Editor Only: 0
 |   |-   Instance Guid: 9BD36EEF494CD34643A81488CD97FF39
 |   |- [+] Container:
 |   |   |-        ID: 00000000000000000000000000000000
 |   |   |- Transform: 0.000000,0.000000,0.000000|0.000000,0.000000,-0.000000|1.000000,1.000000,1.000000
 |- [+] /Game/Maps/room_up_move___stop1.room_up_move___stop1:PersistentLevel.BP_Gate_C_UAID_0A002700000DEA2102_1510354528
 |   |-         Package: /Game/__ExternalActors__/Maps/room_up_move___stop1/B/D6/WWACGAIO6Z4AS84UOAB1ZW
 |   |-     Editor Only: 0
 |   |-   Instance Guid: B848B27643D1DC1EA01D09B8B9A90C2B
 |   |- [+] Container:
 |   |   |-        ID: 00000000000000000000000000000000
 |   |   |- Transform: 0.000000,0.000000,0.000000|0.000000,0.000000,-0.000000|1.000000,1.000000,1.000000
 |- [+] /Game/Maps/room_up_move___stop1.room_up_move___stop1:PersistentLevel.PointLight_UAID_E8808871396DF32002_2007658085
 |   |-         Package: /Game/__ExternalActors__/Maps/room_up_move___stop1/B/TL/F3AE4K02SD0WSR4MLDJXLO
 |   |-     Editor Only: 0
 |   |-   Instance Guid: ED2F66F9406572338B9307B5A56197D4
 |   |- [+] Container:
 |   |   |-        ID: 00000000000000000000000000000000
 |   |   |- Transform: 0.000000,0.000000,0.000000|0.000000,0.000000,-0.000000|1.000000,1.000000,1.000000
[+] Content of Cell room_up_move___stop1_MainGrid_0_-1_-1_0 (B1V4ZPUIVTDM8J441PLIQ8LFS)
 |- Actor Count: 1
 |- [+] /Game/Maps/room_up_move___stop1.room_up_move___stop1:PersistentLevel.StaticMeshActor_UAID_E8808871396DF22002_1619271881
 |   |-         Package: /Game/__ExternalActors__/Maps/room_up_move___stop1/4/DG/WPD45SPOCS0NUTT94P822J
 |   |-     Editor Only: 0
 |   |-   Instance Guid: 595BC22F4525F6BD0EAFD190A9DA8750
 |   |- [+] Container:
 |   |   |-        ID: 00000000000000000000000000000000
 |   |   |- Transform: 0.000000,0.000000,0.000000|0.000000,0.000000,-0.000000|1.000000,1.000000,1.000000
[+] Content of Cell room_up_move___stop1_MainGrid_-1_0_0_0 (BB0MSXXFIPN07DH4DS5T9RV29)
 |- Actor Count: 1
 |- [+] /Game/Maps/room_up_move___stop1.room_up_move___stop1:PersistentLevel.BP_Bounds_C_UAID_0A002700000DE42102_1361495471
 |   |-         Package: /Game/__ExternalActors__/Maps/room_up_move___stop1/1/3O/SKS5MDE1HDCANHXJ80IKFR
 |   |-     Editor Only: 0
 |   |-   Instance Guid: C0073ED04CA0615C6B5BA7B414F8836D
 |   |- [+] Container:
 |   |   |-        ID: 00000000000000000000000000000000
 |   |   |- Transform: 0.000000,0.000000,0.000000|0.000000,0.000000,-0.000000|1.000000,1.000000,1.000000
[+] Content of Cell room_up_move___stop1_MainGrid_0_0_-1_0 (BJ2XYZMZKEYU8ASMAKHRLIY0G)
 |- Actor Count: 3
 |- [+] /Game/Maps/room_up_move___stop1.room_up_move___stop1:PersistentLevel.StaticMeshActor_UAID_E8808871396DF42002_1540529270
 |   |-         Package: /Game/__ExternalActors__/Maps/room_up_move___stop1/1/2X/5U8252LPCJ2SNRD3OPEEK0
 |   |-     Editor Only: 0
 |   |-   Instance Guid: 0278443341485D550BF0DFBCD8C6939D
 |   |- [+] Container:
 |   |   |-        ID: 00000000000000000000000000000000
 |   |   |- Transform: 0.000000,0.000000,0.000000|0.000000,0.000000,-0.000000|1.000000,1.000000,1.000000
 |- [+] /Game/Maps/room_up_move___stop1.room_up_move___stop1:PersistentLevel.StaticMeshActor_UAID_E8808871396DF32002_1109962059
 |   |-         Package: /Game/__ExternalActors__/Maps/room_up_move___stop1/6/CM/GBCECUSFUU5GHUEVWI8E0D
 |   |-     Editor Only: 0
 |   |-   Instance Guid: 23BC612F4DB95DADB8FEDA934A0BEAA0
 |   |- [+] Container:
 |   |   |-        ID: 00000000000000000000000000000000
 |   |   |- Transform: 0.000000,0.000000,0.000000|0.000000,0.000000,-0.000000|1.000000,1.000000,1.000000
 |- [+] /Game/Maps/room_up_move___stop1.room_up_move___stop1:PersistentLevel.StaticMeshActor_UAID_E8808871396DF32002_1100754058
 |   |-         Package: /Game/__ExternalActors__/Maps/room_up_move___stop1/D/O0/ATOFLUALP11T4BHHVU7P2V
 |   |-     Editor Only: 0
 |   |-   Instance Guid: 285A91CE4768B2365DB1C48C2A3B37E2
 |   |- [+] Container:
 |   |   |-        ID: 00000000000000000000000000000000
 |   |   |- Transform: 0.000000,0.000000,0.000000|0.000000,0.000000,-0.000000|1.000000,1.000000,1.000000
[+] Content of Cell room_up_move___stop1_MainGrid_0_0_0_0 (DYB0PBM60Q521VPJCHMJT1WSF)
 |- Actor Count: 11
 |- [+] /Game/Maps/room_up_move___stop1.room_up_move___stop1:PersistentLevel.PointLight_UAID_E8808871396DF42002_1181752264
 |   |-         Package: /Game/__ExternalActors__/Maps/room_up_move___stop1/4/A7/CWKD2Q6IAQ93HYS2INNENZ
 |   |-     Editor Only: 0
 |   |-   Instance Guid: 30E96BDF40C95F913A2DFEB2107E4B00
 |   |- [+] Container:
 |   |   |-        ID: 00000000000000000000000000000000
 |   |   |- Transform: 0.000000,0.000000,0.000000|0.000000,0.000000,-0.000000|1.000000,1.000000,1.000000
 |- [+] /Game/Maps/room_up_move___stop1.room_up_move___stop1:PersistentLevel.StaticMeshActor_UAID_E8808871396DF32002_1173993062
 |   |-         Package: /Game/__ExternalActors__/Maps/room_up_move___stop1/1/WE/WK7W78H2D2YYK4JBPS82G7
 |   |-     Editor Only: 0
 |   |-   Instance Guid: 37A8025A4F2922A18156BE9C41D8D1B9
 |   |- [+] Container:
 |   |   |-        ID: 00000000000000000000000000000000
 |   |   |- Transform: 0.000000,0.000000,0.000000|0.000000,0.000000,-0.000000|1.000000,1.000000,1.000000
 |- [+] /Game/Maps/room_up_move___stop1.room_up_move___stop1:PersistentLevel.StaticMeshActor_UAID_E8808871396DF32002_1147579061
 |   |-         Package: /Game/__ExternalActors__/Maps/room_up_move___stop1/8/HD/QO8O8PGAZHN1D51FBC19OS
 |   |-     Editor Only: 0
 |   |-   Instance Guid: 44D93A434CCDA014D6B4EA873E901F18
 |   |- [+] Container:
 |   |   |-        ID: 00000000000000000000000000000000
 |   |   |- Transform: 0.000000,0.000000,0.000000|0.000000,0.000000,-0.000000|1.000000,1.000000,1.000000
 |- [+] /Game/Maps/room_up_move___stop1.room_up_move___stop1:PersistentLevel.PointLight_UAID_E8808871396DF32002_1706056078
 |   |-         Package: /Game/__ExternalActors__/Maps/room_up_move___stop1/E/8D/P34GD45GPOOWTOZ2DHFKUD
 |   |-     Editor Only: 0
 |   |-   Instance Guid: 4835F14841C335FD4A356A8C17542126
 |   |- [+] Container:
 |   |   |-        ID: 00000000000000000000000000000000
 |   |   |- Transform: 0.000000,0.000000,0.000000|0.000000,0.000000,-0.000000|1.000000,1.000000,1.000000
 |- [+] /Game/Maps/room_up_move___stop1.room_up_move___stop1:PersistentLevel.StaticMeshActor_UAID_E8808871396DF42002_1637844272
 |   |-         Package: /Game/__ExternalActors__/Maps/room_up_move___stop1/9/VO/C9H7EZBE9J9NIIUXFZV70C
 |   |-     Editor Only: 0
 |   |-   Instance Guid: 5919219A4898D861D425768C51D59343
 |   |- [+] Container:
 |   |   |-        ID: 00000000000000000000000000000000
 |   |   |- Transform: 0.000000,0.000000,0.000000|0.000000,0.000000,-0.000000|1.000000,1.000000,1.000000
 |- [+] /Game/Maps/room_up_move___stop1.room_up_move___stop1:PersistentLevel.PointLight_UAID_E8808871396DF32002_1810998081
 |   |-         Package: /Game/__ExternalActors__/Maps/room_up_move___stop1/F/4R/XBWG6EXVUF5CG6SPCAFELY
 |   |-     Editor Only: 0
 |   |-   Instance Guid: 634C9EAF4066ABEC9A0EFA9EFABA0BFD
 |   |- [+] Container:
 |   |   |-        ID: 00000000000000000000000000000000
 |   |   |- Transform: 0.000000,0.000000,0.000000|0.000000,0.000000,-0.000000|1.000000,1.000000,1.000000
 |- [+] /Game/Maps/room_up_move___stop1.room_up_move___stop1:PersistentLevel.NPC5_C_UAID_6C24085452974F2202_1914464307
 |   |-         Package: /Game/__ExternalActors__/Maps/room_up_move___stop1/7/E6/IJOMXIUR6DV1NVIX4E1UKV
 |   |-     Editor Only: 0
 |   |-   Instance Guid: 917F53A943374B592F9729BD23C9ED8A
 |   |- [+] Container:
 |   |   |-        ID: 00000000000000000000000000000000
 |   |   |- Transform: 0.000000,0.000000,0.000000|0.000000,0.000000,-0.000000|1.000000,1.000000,1.000000
 |- [+] /Game/Maps/room_up_move___stop1.room_up_move___stop1:PersistentLevel.StaticMeshActor_UAID_E8808871396DF32002_1670216077
 |   |-         Package: /Game/__ExternalActors__/Maps/room_up_move___stop1/0/VF/SOLSM69ZGGAKWYJEQJXER7
 |   |-     Editor Only: 0
 |   |-   Instance Guid: 9E6E313E420859F3F68F41841E32934A
 |   |- [+] Container:
 |   |   |-        ID: 00000000000000000000000000000000
 |   |   |- Transform: 0.000000,0.000000,0.000000|0.000000,0.000000,-0.000000|1.000000,1.000000,1.000000
 |- [+] /Game/Maps/room_up_move___stop1.room_up_move___stop1:PersistentLevel.BP_RandomGenerator_C_UAID_6C2408545297012302_1613991660
 |   |-         Package: /Game/__ExternalActors__/Maps/room_up_move___stop1/7/1Y/B7B96ORNSCBGWZVKHPOXFI
 |   |-     Editor Only: 0
 |   |-   Instance Guid: F23DE17B464B5A807D03C1B1761DEA18
 |   |- [+] Container:
 |   |   |-        ID: 00000000000000000000000000000000
 |   |   |- Transform: 0.000000,0.000000,0.000000|0.000000,0.000000,-0.000000|1.000000,1.000000,1.000000
 |- [+] /Game/Maps/room_up_move___stop1.room_up_move___stop1:PersistentLevel.StaticMeshActor_UAID_E8808871396DF42002_1164479263
 |   |-         Package: /Game/__ExternalActors__/Maps/room_up_move___stop1/B/2G/4VO9JDNJ0Z36QEG82NVKBZ
 |   |-     Editor Only: 0
 |   |-   Instance Guid: F6B8535D49BE559494C716B15FD945DB
 |   |- [+] Container:
 |   |   |-        ID: 00000000000000000000000000000000
 |   |   |- Transform: 0.000000,0.000000,0.000000|0.000000,0.000000,-0.000000|1.000000,1.000000,1.000000
 |- [+] /Game/Maps/room_up_move___stop1.room_up_move___stop1:PersistentLevel.StaticMeshActor_UAID_E8808871396DF42002_1217964266
 |   |-         Package: /Game/__ExternalActors__/Maps/room_up_move___stop1/E/XA/2QZCQPFSKV49OZTCC8TOIE
 |   |-     Editor Only: 0
 |   |-   Instance Guid: F6BEABD34A39D8CA7C82DF9902A6F168
 |   |- [+] Container:
 |   |   |-        ID: 00000000000000000000000000000000
 |   |   |- Transform: 0.000000,0.000000,0.000000|0.000000,0.000000,-0.000000|1.000000,1.000000,1.000000

