[+] Containers:
 |- [+] Container: /Game/PolygonFantasyKingdom/Maps/room_up_move___stop
 |   |- [+] ActorDescs:
 |   |   |- Guid:0997788B49A9251F911ABA98A0436DF8 BaseClass: NativeClass:/Script/Engine.StaticMeshActor Name:StaticMeshActor_UAID_E8808871396DF32002_1404156067 Label:SM_Bld_Stairs_Straight_Wide_01 SpatiallyLoaded:1 Bounds:IsValid=true, Min=(X=349.999 Y=-552.223 Z=-502.223), Max=(X=548.600 Y=452.223 Z=502.223) RuntimeGrid:None EditorOnly:0 RuntimeOnly:0 HLODRelevant:1 ListedInSceneOutliner:1 IsMainWorldOnly:0
 |   |   |- Guid:12EBC2F64ADF0D907256CCB155BD71EE BaseClass: NativeClass:/Script/Engine.StaticMeshActor Name:StaticMeshActor_UAID_E8808871396DF42002_1216147265 Label:SM_Prop_Torch_6 SpatiallyLoaded:1 Bounds:IsValid=true, Min=(X=238.016 Y=-482.917 Z=270.200), Max=(X=261.984 Y=-441.812 Z=334.904) RuntimeGrid:None EditorOnly:0 RuntimeOnly:0 HLODRelevant:1 ListedInSceneOutliner:1 IsMainWorldOnly:0
 |   |   |- Guid:1888CD494F4AB4CB527CF6B2EDA4445C BaseClass: NativeClass:/Script/Engine.WorldDataLayers Name:WorldDataLayers Label:WorldDataLayers SpatiallyLoaded:0 Bounds:Invalid RuntimeGrid:None EditorOnly:0 RuntimeOnly:0 HLODRelevant:0 ListedInSceneOutliner:1 IsMainWorldOnly:1
 |   |   |- Guid:365AEB3A433F489C19A8169150074051 BaseClass: NativeClass:/Script/Engine.StaticMeshActor Name:StaticMeshActor_UAID_E8808871396DF32002_1100754058 Label:SM_Bld_Castle_Floor_Stone_2 SpatiallyLoaded:1 Bounds:IsValid=true, Min=(X=-0.104 Y=0.000 Z=-25.000), Max=(X=500.000 Y=500.000 Z=3.480) RuntimeGrid:None EditorOnly:0 RuntimeOnly:0 HLODRelevant:1 ListedInSceneOutliner:1 IsMainWorldOnly:0
 |   |   |- Guid:382F95C94ADA368C327395A031F15289 BaseClass: NativeClass:/Script/Engine.StaticMeshActor Name:StaticMeshActor_UAID_E8808871396DF32002_1173993062 Label:SM_Bld_Castle_Floor_Stone_6 SpatiallyLoaded:1 Bounds:IsValid=true, Min=(X=496.520 Y=0.000 Z=-0.104), Max=(X=525.000 Y=500.000 Z=500.000) RuntimeGrid:None EditorOnly:0 RuntimeOnly:0 HLODRelevant:1 ListedInSceneOutliner:1 IsMainWorldOnly:0
 |   |   |- Guid:3953F5DC4A9ED57AD98CE9A385F5FF4D BaseClass: NativeClass:/Script/Engine.StaticMeshActor Name:StaticMeshActor_UAID_E8808871396DF42002_1164479263 Label:SM_Prop_Torch_5 SpatiallyLoaded:1 Bounds:IsValid=true, Min=(X=461.812 Y=738.016 Z=220.200), Max=(X=502.917 Y=761.984 Z=284.904) RuntimeGrid:None EditorOnly:0 RuntimeOnly:0 HLODRelevant:1 ListedInSceneOutliner:1 IsMainWorldOnly:0
 |   |   |- Guid:404B568B48BB05D6CECE78806430B01E BaseClass: NativeClass:/Script/Engine.StaticMeshActor Name:StaticMeshActor_UAID_E8808871396DF22002_1619271881 Label:SM_Bld_Castle_Floor_Stone_01 SpatiallyLoaded:1 Bounds:IsValid=true, Min=(X=-0.104 Y=-500.000 Z=-25.000), Max=(X=500.000 Y=0.000 Z=3.480) RuntimeGrid:None EditorOnly:0 RuntimeOnly:0 HLODRelevant:1 ListedInSceneOutliner:1 IsMainWorldOnly:0
 |   |   |- Guid:50D91D7E479C9E1FC49AEF99C3CD6B00 BaseClass: NativeClass:/Script/Engine.StaticMeshActor Name:StaticMeshActor_UAID_E8808871396DF42002_1637844272 Label:SM_Bld_Castle_Floor_Stone_12 SpatiallyLoaded:1 Bounds:IsValid=true, Min=(X=496.520 Y=500.000 Z=-0.104), Max=(X=525.000 Y=1000.000 Z=500.000) RuntimeGrid:None EditorOnly:0 RuntimeOnly:0 HLODRelevant:1 ListedInSceneOutliner:1 IsMainWorldOnly:0
 |   |   |- Guid:54F164024404F32A565C978E8607BFEE BaseClass: NativeClass:/Script/Engine.StaticMeshActor Name:StaticMeshActor_UAID_E8808871396DF42002_1540529270 Label:SM_Bld_Castle_Floor_Stone_4 SpatiallyLoaded:1 Bounds:IsValid=true, Min=(X=-0.104 Y=750.000 Z=-25.000), Max=(X=500.000 Y=1000.000 Z=3.480) RuntimeGrid:None EditorOnly:0 RuntimeOnly:0 HLODRelevant:1 ListedInSceneOutliner:1 IsMainWorldOnly:0
 |   |   |- Guid:6C27831644A33D2C53DAF582AD35EDFA BaseClass: NativeClass:/Script/Engine.StaticMeshActor Name:StaticMeshActor_UAID_E8808871396DF32002_1346531066 Label:SM_Bld_Castle_Wall_Door_2 SpatiallyLoaded:1 Bounds:IsValid=true, Min=(X=-0.001 Y=-531.271 Z=0.000), Max=(X=499.999 Y=-468.732 Z=500.000) RuntimeGrid:None EditorOnly:0 RuntimeOnly:0 HLODRelevant:1 ListedInSceneOutliner:1 IsMainWorldOnly:0
 |   |   |- Guid:7A312F614D1C3B29A9E8CCB24323A99F BaseClass: NativeClass:/Script/Engine.StaticMeshActor Name:StaticMeshActor_UAID_E8808871396DF32002_1109962059 Label:SM_Bld_Castle_Floor_Stone_3 SpatiallyLoaded:1 Bounds:IsValid=true, Min=(X=-0.104 Y=500.000 Z=-25.000), Max=(X=500.000 Y=750.000 Z=3.480) RuntimeGrid:None EditorOnly:0 RuntimeOnly:0 HLODRelevant:1 ListedInSceneOutliner:1 IsMainWorldOnly:0
 |   |   |- Guid:7B4239424F7AB77B4DDDA8BE6B89C672 BaseClass: NativeClass:/Script/Engine.PointLight Name:PointLight_UAID_E8808871396DF42002_1181752264 Label:PointLight4 SpatiallyLoaded:1 Bounds:IsValid=true, Min=(X=-1750.000 Y=-1050.000 Z=-1700.000), Max=(X=2250.000 Y=2950.000 Z=2300.000) RuntimeGrid:None EditorOnly:0 RuntimeOnly:0 HLODRelevant:0 ListedInSceneOutliner:1 IsMainWorldOnly:0
 |   |   |- Guid:7CFE548D4808FF896BBC23B3415783AD BaseClass: NativeClass:/Script/Engine.PointLight Name:PointLight_UAID_E8808871396DF32002_2007658085 Label:PointLight3 SpatiallyLoaded:1 Bounds:IsValid=true, Min=(X=-1750.000 Y=-2450.000 Z=-1700.000), Max=(X=2250.000 Y=1550.000 Z=2300.000) RuntimeGrid:None EditorOnly:0 RuntimeOnly:0 HLODRelevant:0 ListedInSceneOutliner:1 IsMainWorldOnly:0
 |   |   |- Guid:920F58AF4CD4CDBC2BDCEC9DB1F583C7 BaseClass:/Game/Blueprint/NPC/NPC1.NPC1_C NativeClass:/Script/Engine.Character Name:NPC1_C_UAID_6C24085452974F2202_1503486303 Label:NPC1 SpatiallyLoaded:1 Bounds:IsValid=true, Min=(X=173.686 Y=-152.500 Z=0.000), Max=(X=261.530 Y=-67.500 Z=256.385) RuntimeGrid:None EditorOnly:0 RuntimeOnly:0 HLODRelevant:0 ListedInSceneOutliner:1 IsMainWorldOnly:0
 |   |   |- Guid:99E1C49746AE8060A722B7AD0C2B9F98 BaseClass: NativeClass:/Script/Engine.StaticMeshActor Name:StaticMeshActor_UAID_E8808871396DF42002_1288873267 Label:SM_Bld_Castle_Floor_Stone_11 SpatiallyLoaded:1 Bounds:IsValid=true, Min=(X=496.520 Y=-500.000 Z=-0.104), Max=(X=525.000 Y=0.000 Z=500.000) RuntimeGrid:None EditorOnly:0 RuntimeOnly:0 HLODRelevant:1 ListedInSceneOutliner:1 IsMainWorldOnly:0
 |   |   |- Guid:9C01DD8248B5D68A85FAC980F90FB037 BaseClass:/Game/Blueprint/Portals/Item/BP_RandomGenerator.BP_RandomGenerator_C NativeClass:/Script/Engine.Actor Name:BP_RandomGenerator_C_UAID_6C2408545297012302_1404902631 Label:BP_RandomGenerator SpatiallyLoaded:1 Bounds:IsValid=true, Min=(X=-40.000 Y=250.000 Z=430.000), Max=(X=-40.000 Y=250.000 Z=430.000) RuntimeGrid:None EditorOnly:0 RuntimeOnly:0 HLODRelevant:0 ListedInSceneOutliner:1 IsMainWorldOnly:0
 |   |   |- Guid:A19591C44D642FE33595B39327CA2366 BaseClass: NativeClass:/Script/Engine.PointLight Name:PointLight_UAID_E8808871396DF32002_1810998081 Label:PointLight2 SpatiallyLoaded:1 Bounds:IsValid=true, Min=(X=-1600.000 Y=-1250.000 Z=-1750.000), Max=(X=2400.000 Y=2750.000 Z=2250.000) RuntimeGrid:None EditorOnly:0 RuntimeOnly:0 HLODRelevant:0 ListedInSceneOutliner:1 IsMainWorldOnly:0
 |   |   |- Guid:A7939EB74A4482F9755C02B351F5676D BaseClass:/Game/Blueprint/Portals/portal/BP_Gate.BP_Gate_C NativeClass:/Script/Engine.Actor Name:BP_Gate_C_UAID_0A002700000DEA2102_1510354528 Label:BP_Gate SpatiallyLoaded:1 Bounds:IsValid=true, Min=(X=192.960 Y=-502.320 Z=-2.160), Max=(X=307.040 Y=-477.680 Z=242.160) RuntimeGrid:None EditorOnly:0 RuntimeOnly:0 HLODRelevant:0 ListedInSceneOutliner:1 IsMainWorldOnly:0
 |   |   |- Guid:B86C998741D36BD06B92D080C8BBD720 BaseClass: NativeClass:/Script/Engine.StaticMeshActor Name:StaticMeshActor_UAID_E8808871396DF42002_1217964266 Label:SM_Prop_Torch_7 SpatiallyLoaded:1 Bounds:IsValid=true, Min=(X=238.016 Y=961.812 Z=270.200), Max=(X=261.984 Y=1002.917 Z=334.904) RuntimeGrid:None EditorOnly:0 RuntimeOnly:0 HLODRelevant:1 ListedInSceneOutliner:1 IsMainWorldOnly:0
 |   |   |- Guid:B9B594184007C7EBBFB05CA5E85CE226 BaseClass: NativeClass:/Script/Engine.StaticMeshActor Name:StaticMeshActor_UAID_E8808871396DF32002_1147579061 Label:SM_Bld_Castle_Floor_Stone_5 SpatiallyLoaded:1 Bounds:IsValid=true, Min=(X=-0.000 Y=996.520 Z=-0.104), Max=(X=500.000 Y=1025.000 Z=500.000) RuntimeGrid:None EditorOnly:0 RuntimeOnly:0 HLODRelevant:1 ListedInSceneOutliner:1 IsMainWorldOnly:0
 |   |   |- Guid:CBCAE57E40453EC7E94415A0398AC38A BaseClass: NativeClass:/Script/Engine.StaticMeshActor Name:StaticMeshActor_UAID_E8808871396DF32002_1670216077 Label:SM_Prop_Torch_3 SpatiallyLoaded:1 Bounds:IsValid=true, Min=(X=461.812 Y=238.016 Z=220.200), Max=(X=502.917 Y=261.984 Z=284.904) RuntimeGrid:None EditorOnly:0 RuntimeOnly:0 HLODRelevant:1 ListedInSceneOutliner:1 IsMainWorldOnly:0
 |   |   |- Guid:D19466C645ECCFE5856622A11E589162 BaseClass:/Game/Blueprint/Portals/portal/BP_Gate.BP_Gate_C NativeClass:/Script/Engine.Actor Name:BP_Gate_C_UAID_0A002700000D4C2202_1827209812 Label:BP_Gate2 SpatiallyLoaded:1 Bounds:IsValid=true, Min=(X=339.440 Y=-488.800 Z=446.880), Max=(X=520.560 Y=8.800 Z=473.120) RuntimeGrid:None EditorOnly:0 RuntimeOnly:0 HLODRelevant:0 ListedInSceneOutliner:1 IsMainWorldOnly:0
 |   |   |- Guid:DA42F4924D1BD39C5EE008BAA2CC54F7 BaseClass:/Game/Blueprint/Portals/BP_Bounds.BP_Bounds_C NativeClass:/Script/Engine.Actor Name:BP_Bounds_C_UAID_0A002700000DE42102_1361495471 Label:BP_Bounds SpatiallyLoaded:1 Bounds:IsValid=true, Min=(X=-37.962 Y=-559.320 Z=-360.640), Max=(X=3.962 Y=1069.320 Z=500.640) RuntimeGrid:None EditorOnly:0 RuntimeOnly:0 HLODRelevant:0 ListedInSceneOutliner:1 IsMainWorldOnly:0
 |   |   |- Guid:E54585F640C0ED5EF5297F8BE12ED9DA BaseClass: NativeClass:/Script/Engine.PointLight Name:PointLight_UAID_E8808871396DF32002_1706056078 Label:PointLight SpatiallyLoaded:1 Bounds:IsValid=true, Min=(X=-1550.000 Y=-1750.000 Z=-1750.000), Max=(X=2450.000 Y=2250.000 Z=2250.000) RuntimeGrid:None EditorOnly:0 RuntimeOnly:0 HLODRelevant:0 ListedInSceneOutliner:1 IsMainWorldOnly:0
 |   |   |- Guid:E7C13E004E820BD9A92488A80912DCFF BaseClass: NativeClass:/Script/Engine.PlayerStart Name:PlayerStart_UAID_0A002700000DE02102_1528765768 Label:PlayerStart2 SpatiallyLoaded:0 Bounds:IsValid=true, Min=(X=300.000 Y=780.000 Z=0.000), Max=(X=380.000 Y=860.000 Z=184.000) RuntimeGrid:None EditorOnly:0 RuntimeOnly:0 HLODRelevant:0 ListedInSceneOutliner:1 IsMainWorldOnly:0
 |   |   |- Guid:F9BDCC4F4319A99D0E56A8AEAC6D5DC7 BaseClass: NativeClass:/Script/Engine.StaticMeshActor Name:StaticMeshActor_UAID_E8808871396DF32002_1283261064 Label:SM_Bld_Castle_Door_Single_01 SpatiallyLoaded:1 Bounds:IsValid=true, Min=(X=199.491 Y=-512.889 Z=10.461), Max=(X=302.394 Y=-487.111 Z=244.968) RuntimeGrid:None EditorOnly:0 RuntimeOnly:0 HLODRelevant:1 ListedInSceneOutliner:1 IsMainWorldOnly:0
 |   |- [+] Clusters:
 |   |   |- [+] [  0]
 |   |   |   |- Guid:0997788B49A9251F911ABA98A0436DF8 BaseClass: NativeClass:/Script/Engine.StaticMeshActor Name:StaticMeshActor_UAID_E8808871396DF32002_1404156067 Label:SM_Bld_Stairs_Straight_Wide_01 SpatiallyLoaded:1 Bounds:IsValid=true, Min=(X=349.999 Y=-552.223 Z=-502.223), Max=(X=548.600 Y=452.223 Z=502.223) RuntimeGrid:None EditorOnly:0 RuntimeOnly:0 HLODRelevant:1 ListedInSceneOutliner:1 IsMainWorldOnly:0
 |   |   |- [+] [  1]
 |   |   |   |- Guid:12EBC2F64ADF0D907256CCB155BD71EE BaseClass: NativeClass:/Script/Engine.StaticMeshActor Name:StaticMeshActor_UAID_E8808871396DF42002_1216147265 Label:SM_Prop_Torch_6 SpatiallyLoaded:1 Bounds:IsValid=true, Min=(X=238.016 Y=-482.917 Z=270.200), Max=(X=261.984 Y=-441.812 Z=334.904) RuntimeGrid:None EditorOnly:0 RuntimeOnly:0 HLODRelevant:1 ListedInSceneOutliner:1 IsMainWorldOnly:0
 |   |   |- [+] [  2]
 |   |   |   |- Guid:1888CD494F4AB4CB527CF6B2EDA4445C BaseClass: NativeClass:/Script/Engine.WorldDataLayers Name:WorldDataLayers Label:WorldDataLayers SpatiallyLoaded:0 Bounds:Invalid RuntimeGrid:None EditorOnly:0 RuntimeOnly:0 HLODRelevant:0 ListedInSceneOutliner:1 IsMainWorldOnly:1
 |   |   |- [+] [  3]
 |   |   |   |- Guid:365AEB3A433F489C19A8169150074051 BaseClass: NativeClass:/Script/Engine.StaticMeshActor Name:StaticMeshActor_UAID_E8808871396DF32002_1100754058 Label:SM_Bld_Castle_Floor_Stone_2 SpatiallyLoaded:1 Bounds:IsValid=true, Min=(X=-0.104 Y=0.000 Z=-25.000), Max=(X=500.000 Y=500.000 Z=3.480) RuntimeGrid:None EditorOnly:0 RuntimeOnly:0 HLODRelevant:1 ListedInSceneOutliner:1 IsMainWorldOnly:0
 |   |   |- [+] [  4]
 |   |   |   |- Guid:382F95C94ADA368C327395A031F15289 BaseClass: NativeClass:/Script/Engine.StaticMeshActor Name:StaticMeshActor_UAID_E8808871396DF32002_1173993062 Label:SM_Bld_Castle_Floor_Stone_6 SpatiallyLoaded:1 Bounds:IsValid=true, Min=(X=496.520 Y=0.000 Z=-0.104), Max=(X=525.000 Y=500.000 Z=500.000) RuntimeGrid:None EditorOnly:0 RuntimeOnly:0 HLODRelevant:1 ListedInSceneOutliner:1 IsMainWorldOnly:0
 |   |   |- [+] [  5]
 |   |   |   |- Guid:3953F5DC4A9ED57AD98CE9A385F5FF4D BaseClass: NativeClass:/Script/Engine.StaticMeshActor Name:StaticMeshActor_UAID_E8808871396DF42002_1164479263 Label:SM_Prop_Torch_5 SpatiallyLoaded:1 Bounds:IsValid=true, Min=(X=461.812 Y=738.016 Z=220.200), Max=(X=502.917 Y=761.984 Z=284.904) RuntimeGrid:None EditorOnly:0 RuntimeOnly:0 HLODRelevant:1 ListedInSceneOutliner:1 IsMainWorldOnly:0
 |   |   |- [+] [  6]
 |   |   |   |- Guid:404B568B48BB05D6CECE78806430B01E BaseClass: NativeClass:/Script/Engine.StaticMeshActor Name:StaticMeshActor_UAID_E8808871396DF22002_1619271881 Label:SM_Bld_Castle_Floor_Stone_01 SpatiallyLoaded:1 Bounds:IsValid=true, Min=(X=-0.104 Y=-500.000 Z=-25.000), Max=(X=500.000 Y=0.000 Z=3.480) RuntimeGrid:None EditorOnly:0 RuntimeOnly:0 HLODRelevant:1 ListedInSceneOutliner:1 IsMainWorldOnly:0
 |   |   |- [+] [  7]
 |   |   |   |- Guid:50D91D7E479C9E1FC49AEF99C3CD6B00 BaseClass: NativeClass:/Script/Engine.StaticMeshActor Name:StaticMeshActor_UAID_E8808871396DF42002_1637844272 Label:SM_Bld_Castle_Floor_Stone_12 SpatiallyLoaded:1 Bounds:IsValid=true, Min=(X=496.520 Y=500.000 Z=-0.104), Max=(X=525.000 Y=1000.000 Z=500.000) RuntimeGrid:None EditorOnly:0 RuntimeOnly:0 HLODRelevant:1 ListedInSceneOutliner:1 IsMainWorldOnly:0
 |   |   |- [+] [  8]
 |   |   |   |- Guid:54F164024404F32A565C978E8607BFEE BaseClass: NativeClass:/Script/Engine.StaticMeshActor Name:StaticMeshActor_UAID_E8808871396DF42002_1540529270 Label:SM_Bld_Castle_Floor_Stone_4 SpatiallyLoaded:1 Bounds:IsValid=true, Min=(X=-0.104 Y=750.000 Z=-25.000), Max=(X=500.000 Y=1000.000 Z=3.480) RuntimeGrid:None EditorOnly:0 RuntimeOnly:0 HLODRelevant:1 ListedInSceneOutliner:1 IsMainWorldOnly:0
 |   |   |- [+] [  9]
 |   |   |   |- Guid:6C27831644A33D2C53DAF582AD35EDFA BaseClass: NativeClass:/Script/Engine.StaticMeshActor Name:StaticMeshActor_UAID_E8808871396DF32002_1346531066 Label:SM_Bld_Castle_Wall_Door_2 SpatiallyLoaded:1 Bounds:IsValid=true, Min=(X=-0.001 Y=-531.271 Z=0.000), Max=(X=499.999 Y=-468.732 Z=500.000) RuntimeGrid:None EditorOnly:0 RuntimeOnly:0 HLODRelevant:1 ListedInSceneOutliner:1 IsMainWorldOnly:0
 |   |   |- [+] [ 10]
 |   |   |   |- Guid:7A312F614D1C3B29A9E8CCB24323A99F BaseClass: NativeClass:/Script/Engine.StaticMeshActor Name:StaticMeshActor_UAID_E8808871396DF32002_1109962059 Label:SM_Bld_Castle_Floor_Stone_3 SpatiallyLoaded:1 Bounds:IsValid=true, Min=(X=-0.104 Y=500.000 Z=-25.000), Max=(X=500.000 Y=750.000 Z=3.480) RuntimeGrid:None EditorOnly:0 RuntimeOnly:0 HLODRelevant:1 ListedInSceneOutliner:1 IsMainWorldOnly:0
 |   |   |- [+] [ 11]
 |   |   |   |- Guid:7B4239424F7AB77B4DDDA8BE6B89C672 BaseClass: NativeClass:/Script/Engine.PointLight Name:PointLight_UAID_E8808871396DF42002_1181752264 Label:PointLight4 SpatiallyLoaded:1 Bounds:IsValid=true, Min=(X=-1750.000 Y=-1050.000 Z=-1700.000), Max=(X=2250.000 Y=2950.000 Z=2300.000) RuntimeGrid:None EditorOnly:0 RuntimeOnly:0 HLODRelevant:0 ListedInSceneOutliner:1 IsMainWorldOnly:0
 |   |   |- [+] [ 12]
 |   |   |   |- Guid:7CFE548D4808FF896BBC23B3415783AD BaseClass: NativeClass:/Script/Engine.PointLight Name:PointLight_UAID_E8808871396DF32002_2007658085 Label:PointLight3 SpatiallyLoaded:1 Bounds:IsValid=true, Min=(X=-1750.000 Y=-2450.000 Z=-1700.000), Max=(X=2250.000 Y=1550.000 Z=2300.000) RuntimeGrid:None EditorOnly:0 RuntimeOnly:0 HLODRelevant:0 ListedInSceneOutliner:1 IsMainWorldOnly:0
 |   |   |- [+] [ 13]
 |   |   |   |- Guid:920F58AF4CD4CDBC2BDCEC9DB1F583C7 BaseClass:/Game/Blueprint/NPC/NPC1.NPC1_C NativeClass:/Script/Engine.Character Name:NPC1_C_UAID_6C24085452974F2202_1503486303 Label:NPC1 SpatiallyLoaded:1 Bounds:IsValid=true, Min=(X=173.686 Y=-152.500 Z=0.000), Max=(X=261.530 Y=-67.500 Z=256.385) RuntimeGrid:None EditorOnly:0 RuntimeOnly:0 HLODRelevant:0 ListedInSceneOutliner:1 IsMainWorldOnly:0
 |   |   |- [+] [ 14]
 |   |   |   |- Guid:99E1C49746AE8060A722B7AD0C2B9F98 BaseClass: NativeClass:/Script/Engine.StaticMeshActor Name:StaticMeshActor_UAID_E8808871396DF42002_1288873267 Label:SM_Bld_Castle_Floor_Stone_11 SpatiallyLoaded:1 Bounds:IsValid=true, Min=(X=496.520 Y=-500.000 Z=-0.104), Max=(X=525.000 Y=0.000 Z=500.000) RuntimeGrid:None EditorOnly:0 RuntimeOnly:0 HLODRelevant:1 ListedInSceneOutliner:1 IsMainWorldOnly:0
 |   |   |- [+] [ 15]
 |   |   |   |- Guid:9C01DD8248B5D68A85FAC980F90FB037 BaseClass:/Game/Blueprint/Portals/Item/BP_RandomGenerator.BP_RandomGenerator_C NativeClass:/Script/Engine.Actor Name:BP_RandomGenerator_C_UAID_6C2408545297012302_1404902631 Label:BP_RandomGenerator SpatiallyLoaded:1 Bounds:IsValid=true, Min=(X=-40.000 Y=250.000 Z=430.000), Max=(X=-40.000 Y=250.000 Z=430.000) RuntimeGrid:None EditorOnly:0 RuntimeOnly:0 HLODRelevant:0 ListedInSceneOutliner:1 IsMainWorldOnly:0
 |   |   |- [+] [ 16]
 |   |   |   |- Guid:A19591C44D642FE33595B39327CA2366 BaseClass: NativeClass:/Script/Engine.PointLight Name:PointLight_UAID_E8808871396DF32002_1810998081 Label:PointLight2 SpatiallyLoaded:1 Bounds:IsValid=true, Min=(X=-1600.000 Y=-1250.000 Z=-1750.000), Max=(X=2400.000 Y=2750.000 Z=2250.000) RuntimeGrid:None EditorOnly:0 RuntimeOnly:0 HLODRelevant:0 ListedInSceneOutliner:1 IsMainWorldOnly:0
 |   |   |- [+] [ 17]
 |   |   |   |- Guid:A7939EB74A4482F9755C02B351F5676D BaseClass:/Game/Blueprint/Portals/portal/BP_Gate.BP_Gate_C NativeClass:/Script/Engine.Actor Name:BP_Gate_C_UAID_0A002700000DEA2102_1510354528 Label:BP_Gate SpatiallyLoaded:1 Bounds:IsValid=true, Min=(X=192.960 Y=-502.320 Z=-2.160), Max=(X=307.040 Y=-477.680 Z=242.160) RuntimeGrid:None EditorOnly:0 RuntimeOnly:0 HLODRelevant:0 ListedInSceneOutliner:1 IsMainWorldOnly:0
 |   |   |- [+] [ 18]
 |   |   |   |- Guid:B86C998741D36BD06B92D080C8BBD720 BaseClass: NativeClass:/Script/Engine.StaticMeshActor Name:StaticMeshActor_UAID_E8808871396DF42002_1217964266 Label:SM_Prop_Torch_7 SpatiallyLoaded:1 Bounds:IsValid=true, Min=(X=238.016 Y=961.812 Z=270.200), Max=(X=261.984 Y=1002.917 Z=334.904) RuntimeGrid:None EditorOnly:0 RuntimeOnly:0 HLODRelevant:1 ListedInSceneOutliner:1 IsMainWorldOnly:0
 |   |   |- [+] [ 19]
 |   |   |   |- Guid:B9B594184007C7EBBFB05CA5E85CE226 BaseClass: NativeClass:/Script/Engine.StaticMeshActor Name:StaticMeshActor_UAID_E8808871396DF32002_1147579061 Label:SM_Bld_Castle_Floor_Stone_5 SpatiallyLoaded:1 Bounds:IsValid=true, Min=(X=-0.000 Y=996.520 Z=-0.104), Max=(X=500.000 Y=1025.000 Z=500.000) RuntimeGrid:None EditorOnly:0 RuntimeOnly:0 HLODRelevant:1 ListedInSceneOutliner:1 IsMainWorldOnly:0
 |   |   |- [+] [ 20]
 |   |   |   |- Guid:CBCAE57E40453EC7E94415A0398AC38A BaseClass: NativeClass:/Script/Engine.StaticMeshActor Name:StaticMeshActor_UAID_E8808871396DF32002_1670216077 Label:SM_Prop_Torch_3 SpatiallyLoaded:1 Bounds:IsValid=true, Min=(X=461.812 Y=238.016 Z=220.200), Max=(X=502.917 Y=261.984 Z=284.904) RuntimeGrid:None EditorOnly:0 RuntimeOnly:0 HLODRelevant:1 ListedInSceneOutliner:1 IsMainWorldOnly:0
 |   |   |- [+] [ 21]
 |   |   |   |- Guid:D19466C645ECCFE5856622A11E589162 BaseClass:/Game/Blueprint/Portals/portal/BP_Gate.BP_Gate_C NativeClass:/Script/Engine.Actor Name:BP_Gate_C_UAID_0A002700000D4C2202_1827209812 Label:BP_Gate2 SpatiallyLoaded:1 Bounds:IsValid=true, Min=(X=339.440 Y=-488.800 Z=446.880), Max=(X=520.560 Y=8.800 Z=473.120) RuntimeGrid:None EditorOnly:0 RuntimeOnly:0 HLODRelevant:0 ListedInSceneOutliner:1 IsMainWorldOnly:0
 |   |   |- [+] [ 22]
 |   |   |   |- Guid:DA42F4924D1BD39C5EE008BAA2CC54F7 BaseClass:/Game/Blueprint/Portals/BP_Bounds.BP_Bounds_C NativeClass:/Script/Engine.Actor Name:BP_Bounds_C_UAID_0A002700000DE42102_1361495471 Label:BP_Bounds SpatiallyLoaded:1 Bounds:IsValid=true, Min=(X=-37.962 Y=-559.320 Z=-360.640), Max=(X=3.962 Y=1069.320 Z=500.640) RuntimeGrid:None EditorOnly:0 RuntimeOnly:0 HLODRelevant:0 ListedInSceneOutliner:1 IsMainWorldOnly:0
 |   |   |- [+] [ 23]
 |   |   |   |- Guid:E54585F640C0ED5EF5297F8BE12ED9DA BaseClass: NativeClass:/Script/Engine.PointLight Name:PointLight_UAID_E8808871396DF32002_1706056078 Label:PointLight SpatiallyLoaded:1 Bounds:IsValid=true, Min=(X=-1550.000 Y=-1750.000 Z=-1750.000), Max=(X=2450.000 Y=2250.000 Z=2250.000) RuntimeGrid:None EditorOnly:0 RuntimeOnly:0 HLODRelevant:0 ListedInSceneOutliner:1 IsMainWorldOnly:0
 |   |   |- [+] [ 24]
 |   |   |   |- Guid:E7C13E004E820BD9A92488A80912DCFF BaseClass: NativeClass:/Script/Engine.PlayerStart Name:PlayerStart_UAID_0A002700000DE02102_1528765768 Label:PlayerStart2 SpatiallyLoaded:0 Bounds:IsValid=true, Min=(X=300.000 Y=780.000 Z=0.000), Max=(X=380.000 Y=860.000 Z=184.000) RuntimeGrid:None EditorOnly:0 RuntimeOnly:0 HLODRelevant:0 ListedInSceneOutliner:1 IsMainWorldOnly:0
 |   |   |- [+] [ 25]
 |   |   |   |- Guid:F9BDCC4F4319A99D0E56A8AEAC6D5DC7 BaseClass: NativeClass:/Script/Engine.StaticMeshActor Name:StaticMeshActor_UAID_E8808871396DF32002_1283261064 Label:SM_Bld_Castle_Door_Single_01 SpatiallyLoaded:1 Bounds:IsValid=true, Min=(X=199.491 Y=-512.889 Z=10.461), Max=(X=302.394 Y=-487.111 Z=244.968) RuntimeGrid:None EditorOnly:0 RuntimeOnly:0 HLODRelevant:1 ListedInSceneOutliner:1 IsMainWorldOnly:0
 |- ContainerInstances:
 |- [+] MainContainer:
 |   |-        ID: 00000000000000000000000000000000
 |   |-  ParentID: 00000000000000000000000000000000
 |   |-    Bounds: IsValid=true, Min=(X=-1750.000 Y=-2450.000 Z=-1750.000), Max=(X=2450.000 Y=2950.000 Z=2300.000)
 |   |- Transform: 0.000000,0.000000,0.000000|0.000000,0.000000,-0.000000|1.000000,1.000000,1.000000
 |   |- Container: /Game/PolygonFantasyKingdom/Maps/room_up_move___stop
----------------------------------------------------------------------------------------------------------------
room_up_move___stop - Persistent Level
----------------------------------------------------------------------------------------------------------------
[+] Content of room_up_move___stop Persistent Level
 |- Always loaded Actor Count: 2 
 |- Actor Path: /Game/PolygonFantasyKingdom/Maps/UEDPIE_0_room_up_move___stop.room_up_move___stop:PersistentLevel.PlayerStart_UAID_0A002700000DE02102_1528765768
 |- Actor Package: /Game/PolygonFantasyKingdom/Maps/UEDPIE_0_room_up_move___stop_InstanceOf_/Game/__ExternalActors__/PolygonFantasyKingdom/Maps/room_up_move___stop/9/8Y/FAGC6CM177Y5F6R3TRYQW8
 |- Actor Path: /Game/PolygonFantasyKingdom/Maps/UEDPIE_0_room_up_move___stop.room_up_move___stop:PersistentLevel.WorldDataLayers
 |- Actor Package: /Game/__ExternalActors__/PolygonFantasyKingdom/Maps/room_up_move___stop/4/TJ/URTZQEPHCF0XPXR949WO0R

----------------------------------------------------------------------------------------------------------------
room_up_move___stop - Runtime Hash Set
----------------------------------------------------------------------------------------------------------------
[+] Content of Cell room_up_move___stop_MainGrid_-1_0_0_0 (1Q30K96LB3WB7428BZTVRMI4N)
 |- Actor Count: 2
 |- [+] /Game/PolygonFantasyKingdom/Maps/UEDPIE_0_room_up_move___stop.room_up_move___stop:PersistentLevel.BP_RandomGenerator_C_UAID_6C2408545297012302_1404902631
 |   |-         Package: /Game/__ExternalActors__/PolygonFantasyKingdom/Maps/room_up_move___stop/D/MF/XPIM8CSCPNAXN1M2N8HZNS
 |   |-     Editor Only: 0
 |   |-   Instance Guid: 9C01DD8248B5D68A85FAC980F90FB037
 |   |- [+] Container:
 |   |   |-        ID: 00000000000000000000000000000000
 |   |   |- Transform: 0.000000,0.000000,0.000000|0.000000,0.000000,-0.000000|1.000000,1.000000,1.000000
 |- [+] /Game/PolygonFantasyKingdom/Maps/UEDPIE_0_room_up_move___stop.room_up_move___stop:PersistentLevel.BP_Bounds_C_UAID_0A002700000DE42102_1361495471
 |   |-         Package: /Game/__ExternalActors__/PolygonFantasyKingdom/Maps/room_up_move___stop/2/XA/6CPYPW1MU9NXXQEF7CDPM0
 |   |-     Editor Only: 0
 |   |-   Instance Guid: DA42F4924D1BD39C5EE008BAA2CC54F7
 |   |- [+] Container:
 |   |   |-        ID: 00000000000000000000000000000000
 |   |   |- Transform: 0.000000,0.000000,0.000000|0.000000,0.000000,-0.000000|1.000000,1.000000,1.000000
[+] Content of Cell room_up_move___stop_MainGrid_0_0_0_0 (776YDPVRVI88XNYC3OSIGQ7NN)
 |- Actor Count: 9
 |- [+] /Game/PolygonFantasyKingdom/Maps/UEDPIE_0_room_up_move___stop.room_up_move___stop:PersistentLevel.StaticMeshActor_UAID_E8808871396DF32002_1173993062
 |   |-         Package: /Game/__ExternalActors__/PolygonFantasyKingdom/Maps/room_up_move___stop/3/OJ/8OC1P8C1KLFB1PUOPNIWRA
 |   |-     Editor Only: 0
 |   |-   Instance Guid: 382F95C94ADA368C327395A031F15289
 |   |- [+] Container:
 |   |   |-        ID: 00000000000000000000000000000000
 |   |   |- Transform: 0.000000,0.000000,0.000000|0.000000,0.000000,-0.000000|1.000000,1.000000,1.000000
 |- [+] /Game/PolygonFantasyKingdom/Maps/UEDPIE_0_room_up_move___stop.room_up_move___stop:PersistentLevel.StaticMeshActor_UAID_E8808871396DF42002_1164479263
 |   |-         Package: /Game/__ExternalActors__/PolygonFantasyKingdom/Maps/room_up_move___stop/8/WF/2GS6KFDT2O6MY6T4BNEV9Z
 |   |-     Editor Only: 0
 |   |-   Instance Guid: 3953F5DC4A9ED57AD98CE9A385F5FF4D
 |   |- [+] Container:
 |   |   |-        ID: 00000000000000000000000000000000
 |   |   |- Transform: 0.000000,0.000000,0.000000|0.000000,0.000000,-0.000000|1.000000,1.000000,1.000000
 |- [+] /Game/PolygonFantasyKingdom/Maps/UEDPIE_0_room_up_move___stop.room_up_move___stop:PersistentLevel.StaticMeshActor_UAID_E8808871396DF42002_1637844272
 |   |-         Package: /Game/__ExternalActors__/PolygonFantasyKingdom/Maps/room_up_move___stop/3/7L/SAYXETQG2GTTRL9J187D6N
 |   |-     Editor Only: 0
 |   |-   Instance Guid: 50D91D7E479C9E1FC49AEF99C3CD6B00
 |   |- [+] Container:
 |   |   |-        ID: 00000000000000000000000000000000
 |   |   |- Transform: 0.000000,0.000000,0.000000|0.000000,0.000000,-0.000000|1.000000,1.000000,1.000000
 |- [+] /Game/PolygonFantasyKingdom/Maps/UEDPIE_0_room_up_move___stop.room_up_move___stop:PersistentLevel.PointLight_UAID_E8808871396DF42002_1181752264
 |   |-         Package: /Game/__ExternalActors__/PolygonFantasyKingdom/Maps/room_up_move___stop/5/1B/OG5JHO7FORX80051P9ZSUQ
 |   |-     Editor Only: 0
 |   |-   Instance Guid: 7B4239424F7AB77B4DDDA8BE6B89C672
 |   |- [+] Container:
 |   |   |-        ID: 00000000000000000000000000000000
 |   |   |- Transform: 0.000000,0.000000,0.000000|0.000000,0.000000,-0.000000|1.000000,1.000000,1.000000
 |- [+] /Game/PolygonFantasyKingdom/Maps/UEDPIE_0_room_up_move___stop.room_up_move___stop:PersistentLevel.PointLight_UAID_E8808871396DF32002_1810998081
 |   |-         Package: /Game/__ExternalActors__/PolygonFantasyKingdom/Maps/room_up_move___stop/6/E4/7QD6VOUYGFSPUNCLAD82B4
 |   |-     Editor Only: 0
 |   |-   Instance Guid: A19591C44D642FE33595B39327CA2366
 |   |- [+] Container:
 |   |   |-        ID: 00000000000000000000000000000000
 |   |   |- Transform: 0.000000,0.000000,0.000000|0.000000,0.000000,-0.000000|1.000000,1.000000,1.000000
 |- [+] /Game/PolygonFantasyKingdom/Maps/UEDPIE_0_room_up_move___stop.room_up_move___stop:PersistentLevel.StaticMeshActor_UAID_E8808871396DF42002_1217964266
 |   |-         Package: /Game/__ExternalActors__/PolygonFantasyKingdom/Maps/room_up_move___stop/9/SK/KG59CQGR84EXE1D8VAT1NZ
 |   |-     Editor Only: 0
 |   |-   Instance Guid: B86C998741D36BD06B92D080C8BBD720
 |   |- [+] Container:
 |   |   |-        ID: 00000000000000000000000000000000
 |   |   |- Transform: 0.000000,0.000000,0.000000|0.000000,0.000000,-0.000000|1.000000,1.000000,1.000000
 |- [+] /Game/PolygonFantasyKingdom/Maps/UEDPIE_0_room_up_move___stop.room_up_move___stop:PersistentLevel.StaticMeshActor_UAID_E8808871396DF32002_1147579061
 |   |-         Package: /Game/__ExternalActors__/PolygonFantasyKingdom/Maps/room_up_move___stop/4/DG/2WSSH4VMLEKS6Q0W554WEK
 |   |-     Editor Only: 0
 |   |-   Instance Guid: B9B594184007C7EBBFB05CA5E85CE226
 |   |- [+] Container:
 |   |   |-        ID: 00000000000000000000000000000000
 |   |   |- Transform: 0.000000,0.000000,0.000000|0.000000,0.000000,-0.000000|1.000000,1.000000,1.000000
 |- [+] /Game/PolygonFantasyKingdom/Maps/UEDPIE_0_room_up_move___stop.room_up_move___stop:PersistentLevel.StaticMeshActor_UAID_E8808871396DF32002_1670216077
 |   |-         Package: /Game/__ExternalActors__/PolygonFantasyKingdom/Maps/room_up_move___stop/4/MP/KQZRJQ8JFID4QRXEEJYLXU
 |   |-     Editor Only: 0
 |   |-   Instance Guid: CBCAE57E40453EC7E94415A0398AC38A
 |   |- [+] Container:
 |   |   |-        ID: 00000000000000000000000000000000
 |   |   |- Transform: 0.000000,0.000000,0.000000|0.000000,0.000000,-0.000000|1.000000,1.000000,1.000000
 |- [+] /Game/PolygonFantasyKingdom/Maps/UEDPIE_0_room_up_move___stop.room_up_move___stop:PersistentLevel.PointLight_UAID_E8808871396DF32002_1706056078
 |   |-         Package: /Game/__ExternalActors__/PolygonFantasyKingdom/Maps/room_up_move___stop/4/ZZ/V1GLCGTN2DS1IK85LLCIHI
 |   |-     Editor Only: 0
 |   |-   Instance Guid: E54585F640C0ED5EF5297F8BE12ED9DA
 |   |- [+] Container:
 |   |   |-        ID: 00000000000000000000000000000000
 |   |   |- Transform: 0.000000,0.000000,0.000000|0.000000,0.000000,-0.000000|1.000000,1.000000,1.000000
[+] Content of Cell room_up_move___stop_MainGrid_0_-1_-1_0 (A13N482BAY615YP1BUAGBT4RP)
 |- Actor Count: 1
 |- [+] /Game/PolygonFantasyKingdom/Maps/UEDPIE_0_room_up_move___stop.room_up_move___stop:PersistentLevel.StaticMeshActor_UAID_E8808871396DF22002_1619271881
 |   |-         Package: /Game/__ExternalActors__/PolygonFantasyKingdom/Maps/room_up_move___stop/A/CZ/NQIRYGBMYVAVPJ5NE0JVWY
 |   |-     Editor Only: 0
 |   |-   Instance Guid: 404B568B48BB05D6CECE78806430B01E
 |   |- [+] Container:
 |   |   |-        ID: 00000000000000000000000000000000
 |   |   |- Transform: 0.000000,0.000000,0.000000|0.000000,0.000000,-0.000000|1.000000,1.000000,1.000000
[+] Content of Cell room_up_move___stop_MainGrid_0_-1_0_0 (AYBR1UTG5OKA7J7XF06YFZL26)
 |- Actor Count: 9
 |- [+] /Game/PolygonFantasyKingdom/Maps/UEDPIE_0_room_up_move___stop.room_up_move___stop:PersistentLevel.StaticMeshActor_UAID_E8808871396DF32002_1404156067
 |   |-         Package: /Game/__ExternalActors__/PolygonFantasyKingdom/Maps/room_up_move___stop/A/6O/4XFX02YFIY8574CLDD28VC
 |   |-     Editor Only: 0
 |   |-   Instance Guid: 0997788B49A9251F911ABA98A0436DF8
 |   |- [+] Container:
 |   |   |-        ID: 00000000000000000000000000000000
 |   |   |- Transform: 0.000000,0.000000,0.000000|0.000000,0.000000,-0.000000|1.000000,1.000000,1.000000
 |- [+] /Game/PolygonFantasyKingdom/Maps/UEDPIE_0_room_up_move___stop.room_up_move___stop:PersistentLevel.StaticMeshActor_UAID_E8808871396DF42002_1216147265
 |   |-         Package: /Game/__ExternalActors__/PolygonFantasyKingdom/Maps/room_up_move___stop/3/HN/SAV949UZ26ZGTZ0LOVATSK
 |   |-     Editor Only: 0
 |   |-   Instance Guid: 12EBC2F64ADF0D907256CCB155BD71EE
 |   |- [+] Container:
 |   |   |-        ID: 00000000000000000000000000000000
 |   |   |- Transform: 0.000000,0.000000,0.000000|0.000000,0.000000,-0.000000|1.000000,1.000000,1.000000
 |- [+] /Game/PolygonFantasyKingdom/Maps/UEDPIE_0_room_up_move___stop.room_up_move___stop:PersistentLevel.StaticMeshActor_UAID_E8808871396DF32002_1346531066
 |   |-         Package: /Game/__ExternalActors__/PolygonFantasyKingdom/Maps/room_up_move___stop/0/5C/9BJ6LPYX6QBHIDPO4Z0FAQ
 |   |-     Editor Only: 0
 |   |-   Instance Guid: 6C27831644A33D2C53DAF582AD35EDFA
 |   |- [+] Container:
 |   |   |-        ID: 00000000000000000000000000000000
 |   |   |- Transform: 0.000000,0.000000,0.000000|0.000000,0.000000,-0.000000|1.000000,1.000000,1.000000
 |- [+] /Game/PolygonFantasyKingdom/Maps/UEDPIE_0_room_up_move___stop.room_up_move___stop:PersistentLevel.PointLight_UAID_E8808871396DF32002_2007658085
 |   |-         Package: /Game/__ExternalActors__/PolygonFantasyKingdom/Maps/room_up_move___stop/A/5P/6AO54CK4IP45JEBT5L9C9J
 |   |-     Editor Only: 0
 |   |-   Instance Guid: 7CFE548D4808FF896BBC23B3415783AD
 |   |- [+] Container:
 |   |   |-        ID: 00000000000000000000000000000000
 |   |   |- Transform: 0.000000,0.000000,0.000000|0.000000,0.000000,-0.000000|1.000000,1.000000,1.000000
 |- [+] /Game/PolygonFantasyKingdom/Maps/UEDPIE_0_room_up_move___stop.room_up_move___stop:PersistentLevel.NPC1_C_UAID_6C24085452974F2202_1503486303
 |   |-         Package: /Game/__ExternalActors__/PolygonFantasyKingdom/Maps/room_up_move___stop/2/7U/02I0175YGIBYPXMF2JMUKJ
 |   |-     Editor Only: 0
 |   |-   Instance Guid: 920F58AF4CD4CDBC2BDCEC9DB1F583C7
 |   |- [+] Container:
 |   |   |-        ID: 00000000000000000000000000000000
 |   |   |- Transform: 0.000000,0.000000,0.000000|0.000000,0.000000,-0.000000|1.000000,1.000000,1.000000
 |- [+] /Game/PolygonFantasyKingdom/Maps/UEDPIE_0_room_up_move___stop.room_up_move___stop:PersistentLevel.StaticMeshActor_UAID_E8808871396DF42002_1288873267
 |   |-         Package: /Game/__ExternalActors__/PolygonFantasyKingdom/Maps/room_up_move___stop/2/J7/IYUBBW3MIL61ZT0RYENKC2
 |   |-     Editor Only: 0
 |   |-   Instance Guid: 99E1C49746AE8060A722B7AD0C2B9F98
 |   |- [+] Container:
 |   |   |-        ID: 00000000000000000000000000000000
 |   |   |- Transform: 0.000000,0.000000,0.000000|0.000000,0.000000,-0.000000|1.000000,1.000000,1.000000
 |- [+] /Game/PolygonFantasyKingdom/Maps/UEDPIE_0_room_up_move___stop.room_up_move___stop:PersistentLevel.BP_Gate_C_UAID_0A002700000DEA2102_1510354528
 |   |-         Package: /Game/__ExternalActors__/PolygonFantasyKingdom/Maps/room_up_move___stop/1/HV/OQ07SPPRTOYZILP9QHWQAB
 |   |-     Editor Only: 0
 |   |-   Instance Guid: A7939EB74A4482F9755C02B351F5676D
 |   |- [+] Container:
 |   |   |-        ID: 00000000000000000000000000000000
 |   |   |- Transform: 0.000000,0.000000,0.000000|0.000000,0.000000,-0.000000|1.000000,1.000000,1.000000
 |- [+] /Game/PolygonFantasyKingdom/Maps/UEDPIE_0_room_up_move___stop.room_up_move___stop:PersistentLevel.BP_Gate_C_UAID_0A002700000D4C2202_1827209812
 |   |-         Package: /Game/__ExternalActors__/PolygonFantasyKingdom/Maps/room_up_move___stop/8/X4/F7C3XXGFQA6XEKMZ12ZEY2
 |   |-     Editor Only: 0
 |   |-   Instance Guid: D19466C645ECCFE5856622A11E589162
 |   |- [+] Container:
 |   |   |-        ID: 00000000000000000000000000000000
 |   |   |- Transform: 0.000000,0.000000,0.000000|0.000000,0.000000,-0.000000|1.000000,1.000000,1.000000
 |- [+] /Game/PolygonFantasyKingdom/Maps/UEDPIE_0_room_up_move___stop.room_up_move___stop:PersistentLevel.StaticMeshActor_UAID_E8808871396DF32002_1283261064
 |   |-         Package: /Game/__ExternalActors__/PolygonFantasyKingdom/Maps/room_up_move___stop/B/ZQ/3FXCXR4BTRFA422T2FR9FW
 |   |-     Editor Only: 0
 |   |-   Instance Guid: F9BDCC4F4319A99D0E56A8AEAC6D5DC7
 |   |- [+] Container:
 |   |   |-        ID: 00000000000000000000000000000000
 |   |   |- Transform: 0.000000,0.000000,0.000000|0.000000,0.000000,-0.000000|1.000000,1.000000,1.000000
[+] Content of Cell room_up_move___stop_MainGrid_0_0_-1_0 (DD5OWP6LHQA8AMXYDQBSZHEX1)
 |- Actor Count: 3
 |- [+] /Game/PolygonFantasyKingdom/Maps/UEDPIE_0_room_up_move___stop.room_up_move___stop:PersistentLevel.StaticMeshActor_UAID_E8808871396DF32002_1100754058
 |   |-         Package: /Game/__ExternalActors__/PolygonFantasyKingdom/Maps/room_up_move___stop/7/2P/7ATKT89KYQEHEFFMBR8UX8
 |   |-     Editor Only: 0
 |   |-   Instance Guid: 365AEB3A433F489C19A8169150074051
 |   |- [+] Container:
 |   |   |-        ID: 00000000000000000000000000000000
 |   |   |- Transform: 0.000000,0.000000,0.000000|0.000000,0.000000,-0.000000|1.000000,1.000000,1.000000
 |- [+] /Game/PolygonFantasyKingdom/Maps/UEDPIE_0_room_up_move___stop.room_up_move___stop:PersistentLevel.StaticMeshActor_UAID_E8808871396DF42002_1540529270
 |   |-         Package: /Game/__ExternalActors__/PolygonFantasyKingdom/Maps/room_up_move___stop/6/WO/P0FKSRGDB1D7CLGAMZ4YKW
 |   |-     Editor Only: 0
 |   |-   Instance Guid: 54F164024404F32A565C978E8607BFEE
 |   |- [+] Container:
 |   |   |-        ID: 00000000000000000000000000000000
 |   |   |- Transform: 0.000000,0.000000,0.000000|0.000000,0.000000,-0.000000|1.000000,1.000000,1.000000
 |- [+] /Game/PolygonFantasyKingdom/Maps/UEDPIE_0_room_up_move___stop.room_up_move___stop:PersistentLevel.StaticMeshActor_UAID_E8808871396DF32002_1109962059
 |   |-         Package: /Game/__ExternalActors__/PolygonFantasyKingdom/Maps/room_up_move___stop/7/3Z/SQTLUYBYGNQCQ9835KADKH
 |   |-     Editor Only: 0
 |   |-   Instance Guid: 7A312F614D1C3B29A9E8CCB24323A99F
 |   |- [+] Container:
 |   |   |-        ID: 00000000000000000000000000000000
 |   |   |- Transform: 0.000000,0.000000,0.000000|0.000000,0.000000,-0.000000|1.000000,1.000000,1.000000

