[+] Containers:
 |- [+] Container: /Game/Maps/room_up___move1
 |   |- [+] ActorDescs:
 |   |   |- Guid:1973FE5F451DE69424395296F8831EBD BaseClass: NativeClass:/Script/Engine.StaticMeshActor Name:StaticMeshActor_UAID_E8808871396DF42002_1637844272 Label:SM_Bld_Castle_Floor_Stone_12 SpatiallyLoaded:1 Bounds:IsValid=true, Min=(X=496.520 Y=500.000 Z=-0.104), Max=(X=525.000 Y=1000.000 Z=500.000) RuntimeGrid:None EditorOnly:0 RuntimeOnly:0 HLODRelevant:1 ListedInSceneOutliner:1 IsMainWorldOnly:0
 |   |   |- Guid:1CA54A6E4CD10B72FFBD8D8C86150C0E BaseClass: NativeClass:/Script/Engine.PlayerStart Name:PlayerStart_UAID_0A002700000D1E2202_1673825686 Label:PlayerStart SpatiallyLoaded:0 Bounds:IsValid=true, Min=(X=210.000 Y=790.000 Z=18.000), Max=(X=290.000 Y=870.000 Z=202.000) RuntimeGrid:None EditorOnly:0 RuntimeOnly:0 HLODRelevant:0 ListedInSceneOutliner:1 IsMainWorldOnly:0
 |   |   |- Guid:2371A0DA44F9601B4F3366A252D32312 BaseClass: NativeClass:/Script/Engine.StaticMeshActor Name:StaticMeshActor_UAID_E8808871396DF42002_1216147265 Label:SM_Prop_Torch_6 SpatiallyLoaded:1 Bounds:IsValid=true, Min=(X=238.016 Y=-482.917 Z=270.200), Max=(X=261.984 Y=-441.812 Z=334.904) RuntimeGrid:None EditorOnly:0 RuntimeOnly:0 HLODRelevant:1 ListedInSceneOutliner:1 IsMainWorldOnly:0
 |   |   |- Guid:23A1D29F4CCD075AAEF901BBEE28E5BD BaseClass: NativeClass:/Script/Engine.StaticMeshActor Name:StaticMeshActor_UAID_0A002700000D332202_1499384379 Label:SM_Bld_Stairs_Straight_Wide_01 SpatiallyLoaded:1 Bounds:IsValid=true, Min=(X=349.999 Y=-552.223 Z=-502.223), Max=(X=548.600 Y=452.223 Z=502.223) RuntimeGrid:None EditorOnly:0 RuntimeOnly:0 HLODRelevant:1 ListedInSceneOutliner:1 IsMainWorldOnly:0
 |   |   |- Guid:2CF874494960CF45027B8685A0B5F6DB BaseClass:/Game/Blueprint/Portals/Item/BP_RandomGenerator.BP_RandomGenerator_C NativeClass:/Script/Engine.Actor Name:BP_RandomGenerator_C_UAID_6C2408545297012302_1559236648 Label:BP_RandomGenerator SpatiallyLoaded:1 Bounds:IsValid=true, Min=(X=-30.000 Y=980.000 Z=120.000), Max=(X=-30.000 Y=980.000 Z=120.000) RuntimeGrid:None EditorOnly:0 RuntimeOnly:0 HLODRelevant:0 ListedInSceneOutliner:1 IsMainWorldOnly:0
 |   |   |- Guid:2D1C4F124802F2B2AF0789BD5A1FF5E0 BaseClass: NativeClass:/Script/Engine.StaticMeshActor Name:StaticMeshActor_UAID_E8808871396DF42002_1164479263 Label:SM_Prop_Torch_5 SpatiallyLoaded:1 Bounds:IsValid=true, Min=(X=461.812 Y=738.016 Z=220.200), Max=(X=502.917 Y=761.984 Z=284.904) RuntimeGrid:None EditorOnly:0 RuntimeOnly:0 HLODRelevant:1 ListedInSceneOutliner:1 IsMainWorldOnly:0
 |   |   |- Guid:42F449554CF496ED1B358CB686D02552 BaseClass: NativeClass:/Script/Engine.StaticMeshActor Name:StaticMeshActor_UAID_E8808871396DF22002_1619271881 Label:SM_Bld_Castle_Floor_Stone_01 SpatiallyLoaded:1 Bounds:IsValid=true, Min=(X=-0.104 Y=-500.000 Z=-25.000), Max=(X=500.000 Y=0.000 Z=3.480) RuntimeGrid:None EditorOnly:0 RuntimeOnly:0 HLODRelevant:1 ListedInSceneOutliner:1 IsMainWorldOnly:0
 |   |   |- Guid:6284312A4A05CEE690BB51A112FAD990 BaseClass: NativeClass:/Script/Engine.WorldDataLayers Name:WorldDataLayers Label:WorldDataLayers SpatiallyLoaded:0 Bounds:Invalid RuntimeGrid:None EditorOnly:0 RuntimeOnly:0 HLODRelevant:0 ListedInSceneOutliner:1 IsMainWorldOnly:1
 |   |   |- Guid:733CD29B45B2212A8CF5F1ABD4E12BC8 BaseClass: NativeClass:/Script/Engine.PointLight Name:PointLight_UAID_E8808871396DF32002_1810998081 Label:PointLight2 SpatiallyLoaded:1 Bounds:IsValid=true, Min=(X=-1600.000 Y=-1250.000 Z=-1750.000), Max=(X=2400.000 Y=2750.000 Z=2250.000) RuntimeGrid:None EditorOnly:0 RuntimeOnly:0 HLODRelevant:0 ListedInSceneOutliner:1 IsMainWorldOnly:0
 |   |   |- Guid:769127244CEF5B645E44ACB871A9884E BaseClass: NativeClass:/Script/Engine.StaticMeshActor Name:StaticMeshActor_UAID_E8808871396DF42002_1217964266 Label:SM_Prop_Torch_7 SpatiallyLoaded:1 Bounds:IsValid=true, Min=(X=238.016 Y=941.812 Z=270.200), Max=(X=261.984 Y=982.917 Z=334.904) RuntimeGrid:None EditorOnly:0 RuntimeOnly:0 HLODRelevant:1 ListedInSceneOutliner:1 IsMainWorldOnly:0
 |   |   |- Guid:7B458D9C46768B1347DAE6B52F3F7A55 BaseClass: NativeClass:/Script/Engine.StaticMeshActor Name:StaticMeshActor_UAID_E8808871396DF32002_1147579061 Label:SM_Bld_Castle_Floor_Stone_5 SpatiallyLoaded:1 Bounds:IsValid=true, Min=(X=-0.000 Y=-503.480 Z=-0.104), Max=(X=500.000 Y=-475.000 Z=500.000) RuntimeGrid:None EditorOnly:0 RuntimeOnly:0 HLODRelevant:1 ListedInSceneOutliner:1 IsMainWorldOnly:0
 |   |   |- Guid:8223944A4A033113534BB69F1CBE6669 BaseClass: NativeClass:/Script/Engine.PointLight Name:PointLight_UAID_E8808871396DF32002_2007658085 Label:PointLight3 SpatiallyLoaded:1 Bounds:IsValid=true, Min=(X=-1750.000 Y=-2450.000 Z=-1700.000), Max=(X=2250.000 Y=1550.000 Z=2300.000) RuntimeGrid:None EditorOnly:0 RuntimeOnly:0 HLODRelevant:0 ListedInSceneOutliner:1 IsMainWorldOnly:0
 |   |   |- Guid:89B31D3C4820513A90582EB3F8A261D8 BaseClass:/Game/Blueprint/Portals/portal/BP_Gate.BP_Gate_C NativeClass:/Script/Engine.Actor Name:BP_Gate_C_UAID_0A002700000D4C2202_1873823824 Label:BP_Gate2 SpatiallyLoaded:1 Bounds:IsValid=true, Min=(X=339.440 Y=-488.800 Z=446.880), Max=(X=520.560 Y=8.800 Z=473.120) RuntimeGrid:None EditorOnly:0 RuntimeOnly:0 HLODRelevant:0 ListedInSceneOutliner:1 IsMainWorldOnly:0
 |   |   |- Guid:9B9C3F164626588D3C615BAB8E299A0F BaseClass: NativeClass:/Script/Engine.StaticMeshActor Name:StaticMeshActor_UAID_E8808871396DF32002_1670216077 Label:SM_Prop_Torch_3 SpatiallyLoaded:1 Bounds:IsValid=true, Min=(X=461.812 Y=238.016 Z=220.200), Max=(X=502.917 Y=261.984 Z=284.904) RuntimeGrid:None EditorOnly:0 RuntimeOnly:0 HLODRelevant:1 ListedInSceneOutliner:1 IsMainWorldOnly:0
 |   |   |- Guid:9BF41C8346305C0A0960EE86D69469FB BaseClass: NativeClass:/Script/Engine.PointLight Name:PointLight_UAID_E8808871396DF42002_1181752264 Label:PointLight4 SpatiallyLoaded:1 Bounds:IsValid=true, Min=(X=-1750.000 Y=-1050.000 Z=-1700.000), Max=(X=2250.000 Y=2950.000 Z=2300.000) RuntimeGrid:None EditorOnly:0 RuntimeOnly:0 HLODRelevant:0 ListedInSceneOutliner:1 IsMainWorldOnly:0
 |   |   |- Guid:9D8FFB4B4F24C8FC0CC3E2B05615A4AC BaseClass: NativeClass:/Script/Engine.StaticMeshActor Name:StaticMeshActor_UAID_E8808871396DF42002_1540529270 Label:SM_Bld_Castle_Floor_Stone_4 SpatiallyLoaded:1 Bounds:IsValid=true, Min=(X=-0.104 Y=750.000 Z=-25.000), Max=(X=500.000 Y=1000.000 Z=3.480) RuntimeGrid:None EditorOnly:0 RuntimeOnly:0 HLODRelevant:1 ListedInSceneOutliner:1 IsMainWorldOnly:0
 |   |   |- Guid:A9557D8D42752283BFD64DA16C68B25C BaseClass: NativeClass:/Script/Engine.StaticMeshActor Name:StaticMeshActor_UAID_E8808871396DF32002_1283261064 Label:SM_Bld_Castle_Door_Single_01 SpatiallyLoaded:1 Bounds:IsValid=true, Min=(X=199.491 Y=987.111 Z=10.461), Max=(X=302.394 Y=1012.889 Z=244.968) RuntimeGrid:None EditorOnly:0 RuntimeOnly:0 HLODRelevant:1 ListedInSceneOutliner:1 IsMainWorldOnly:0
 |   |   |- Guid:BC860383471DDB18D6C769864CED55BE BaseClass: NativeClass:/Script/Engine.StaticMeshActor Name:StaticMeshActor_UAID_E8808871396DF32002_1173993062 Label:SM_Bld_Castle_Floor_Stone_6 SpatiallyLoaded:1 Bounds:IsValid=true, Min=(X=496.520 Y=0.000 Z=-0.104), Max=(X=525.000 Y=500.000 Z=500.000) RuntimeGrid:None EditorOnly:0 RuntimeOnly:0 HLODRelevant:1 ListedInSceneOutliner:1 IsMainWorldOnly:0
 |   |   |- Guid:C4BF5E3B4FAE5E395194A798E41F6B31 BaseClass:/Game/Blueprint/Portals/portal/BP_Gate.BP_Gate_C NativeClass:/Script/Engine.Actor Name:BP_Gate_C_UAID_0A002700000D1F2202_1437074872 Label:BP_Gate SpatiallyLoaded:1 Bounds:IsValid=true, Min=(X=192.960 Y=977.680 Z=-2.160), Max=(X=307.040 Y=1002.320 Z=242.160) RuntimeGrid:None EditorOnly:0 RuntimeOnly:0 HLODRelevant:0 ListedInSceneOutliner:1 IsMainWorldOnly:0
 |   |   |- Guid:D86EE9B34A84D2D921573BADA3B05DB6 BaseClass: NativeClass:/Script/Engine.StaticMeshActor Name:StaticMeshActor_UAID_E8808871396DF42002_1288873267 Label:SM_Bld_Castle_Floor_Stone_11 SpatiallyLoaded:1 Bounds:IsValid=true, Min=(X=496.520 Y=-500.000 Z=-0.104), Max=(X=525.000 Y=0.000 Z=500.000) RuntimeGrid:None EditorOnly:0 RuntimeOnly:0 HLODRelevant:1 ListedInSceneOutliner:1 IsMainWorldOnly:0
 |   |   |- Guid:DB559B1949116E15F2346F83EC59A44D BaseClass: NativeClass:/Script/Engine.StaticMeshActor Name:StaticMeshActor_UAID_E8808871396DF32002_1100754058 Label:SM_Bld_Castle_Floor_Stone_2 SpatiallyLoaded:1 Bounds:IsValid=true, Min=(X=-0.104 Y=0.000 Z=-25.000), Max=(X=500.000 Y=500.000 Z=3.480) RuntimeGrid:None EditorOnly:0 RuntimeOnly:0 HLODRelevant:1 ListedInSceneOutliner:1 IsMainWorldOnly:0
 |   |   |- Guid:E11A80CA46703AE7DBF782A3EDE86144 BaseClass:/Game/Blueprint/Portals/BP_Bounds.BP_Bounds_C NativeClass:/Script/Engine.Actor Name:BP_Bounds_C_UAID_0A002700000D1F2202_1509737885 Label:BP_Bounds SpatiallyLoaded:1 Bounds:IsValid=true, Min=(X=-29.575 Y=-479.120 Z=-17.840), Max=(X=9.575 Y=999.120 Z=537.840) RuntimeGrid:None EditorOnly:0 RuntimeOnly:0 HLODRelevant:0 ListedInSceneOutliner:1 IsMainWorldOnly:0
 |   |   |- Guid:E24AC0D0407FAE0D2094B3966A830D5D BaseClass: NativeClass:/Script/Engine.StaticMeshActor Name:StaticMeshActor_UAID_E8808871396DF32002_1109962059 Label:SM_Bld_Castle_Floor_Stone_3 SpatiallyLoaded:1 Bounds:IsValid=true, Min=(X=-0.104 Y=500.000 Z=-25.000), Max=(X=500.000 Y=750.000 Z=3.480) RuntimeGrid:None EditorOnly:0 RuntimeOnly:0 HLODRelevant:1 ListedInSceneOutliner:1 IsMainWorldOnly:0
 |   |   |- Guid:F066D0FD4117206A596A229CD94026AB BaseClass: NativeClass:/Script/Engine.StaticMeshActor Name:StaticMeshActor_UAID_E8808871396DF32002_1346531066 Label:SM_Bld_Castle_Wall_Door_2 SpatiallyLoaded:1 Bounds:IsValid=true, Min=(X=-0.001 Y=968.729 Z=0.000), Max=(X=499.999 Y=1031.268 Z=500.000) RuntimeGrid:None EditorOnly:0 RuntimeOnly:0 HLODRelevant:1 ListedInSceneOutliner:1 IsMainWorldOnly:0
 |   |   |- Guid:FC3272574E6D493C77D758A6C14762FF BaseClass: NativeClass:/Script/Engine.PointLight Name:PointLight_UAID_E8808871396DF32002_1706056078 Label:PointLight SpatiallyLoaded:1 Bounds:IsValid=true, Min=(X=-1550.000 Y=-1750.000 Z=-1750.000), Max=(X=2450.000 Y=2250.000 Z=2250.000) RuntimeGrid:None EditorOnly:0 RuntimeOnly:0 HLODRelevant:0 ListedInSceneOutliner:1 IsMainWorldOnly:0
 |   |- [+] Clusters:
 |   |   |- [+] [  0]
 |   |   |   |- Guid:1973FE5F451DE69424395296F8831EBD BaseClass: NativeClass:/Script/Engine.StaticMeshActor Name:StaticMeshActor_UAID_E8808871396DF42002_1637844272 Label:SM_Bld_Castle_Floor_Stone_12 SpatiallyLoaded:1 Bounds:IsValid=true, Min=(X=496.520 Y=500.000 Z=-0.104), Max=(X=525.000 Y=1000.000 Z=500.000) RuntimeGrid:None EditorOnly:0 RuntimeOnly:0 HLODRelevant:1 ListedInSceneOutliner:1 IsMainWorldOnly:0
 |   |   |- [+] [  1]
 |   |   |   |- Guid:1CA54A6E4CD10B72FFBD8D8C86150C0E BaseClass: NativeClass:/Script/Engine.PlayerStart Name:PlayerStart_UAID_0A002700000D1E2202_1673825686 Label:PlayerStart SpatiallyLoaded:0 Bounds:IsValid=true, Min=(X=210.000 Y=790.000 Z=18.000), Max=(X=290.000 Y=870.000 Z=202.000) RuntimeGrid:None EditorOnly:0 RuntimeOnly:0 HLODRelevant:0 ListedInSceneOutliner:1 IsMainWorldOnly:0
 |   |   |- [+] [  2]
 |   |   |   |- Guid:2371A0DA44F9601B4F3366A252D32312 BaseClass: NativeClass:/Script/Engine.StaticMeshActor Name:StaticMeshActor_UAID_E8808871396DF42002_1216147265 Label:SM_Prop_Torch_6 SpatiallyLoaded:1 Bounds:IsValid=true, Min=(X=238.016 Y=-482.917 Z=270.200), Max=(X=261.984 Y=-441.812 Z=334.904) RuntimeGrid:None EditorOnly:0 RuntimeOnly:0 HLODRelevant:1 ListedInSceneOutliner:1 IsMainWorldOnly:0
 |   |   |- [+] [  3]
 |   |   |   |- Guid:23A1D29F4CCD075AAEF901BBEE28E5BD BaseClass: NativeClass:/Script/Engine.StaticMeshActor Name:StaticMeshActor_UAID_0A002700000D332202_1499384379 Label:SM_Bld_Stairs_Straight_Wide_01 SpatiallyLoaded:1 Bounds:IsValid=true, Min=(X=349.999 Y=-552.223 Z=-502.223), Max=(X=548.600 Y=452.223 Z=502.223) RuntimeGrid:None EditorOnly:0 RuntimeOnly:0 HLODRelevant:1 ListedInSceneOutliner:1 IsMainWorldOnly:0
 |   |   |- [+] [  4]
 |   |   |   |- Guid:2CF874494960CF45027B8685A0B5F6DB BaseClass:/Game/Blueprint/Portals/Item/BP_RandomGenerator.BP_RandomGenerator_C NativeClass:/Script/Engine.Actor Name:BP_RandomGenerator_C_UAID_6C2408545297012302_1559236648 Label:BP_RandomGenerator SpatiallyLoaded:1 Bounds:IsValid=true, Min=(X=-30.000 Y=980.000 Z=120.000), Max=(X=-30.000 Y=980.000 Z=120.000) RuntimeGrid:None EditorOnly:0 RuntimeOnly:0 HLODRelevant:0 ListedInSceneOutliner:1 IsMainWorldOnly:0
 |   |   |- [+] [  5]
 |   |   |   |- Guid:2D1C4F124802F2B2AF0789BD5A1FF5E0 BaseClass: NativeClass:/Script/Engine.StaticMeshActor Name:StaticMeshActor_UAID_E8808871396DF42002_1164479263 Label:SM_Prop_Torch_5 SpatiallyLoaded:1 Bounds:IsValid=true, Min=(X=461.812 Y=738.016 Z=220.200), Max=(X=502.917 Y=761.984 Z=284.904) RuntimeGrid:None EditorOnly:0 RuntimeOnly:0 HLODRelevant:1 ListedInSceneOutliner:1 IsMainWorldOnly:0
 |   |   |- [+] [  6]
 |   |   |   |- Guid:42F449554CF496ED1B358CB686D02552 BaseClass: NativeClass:/Script/Engine.StaticMeshActor Name:StaticMeshActor_UAID_E8808871396DF22002_1619271881 Label:SM_Bld_Castle_Floor_Stone_01 SpatiallyLoaded:1 Bounds:IsValid=true, Min=(X=-0.104 Y=-500.000 Z=-25.000), Max=(X=500.000 Y=0.000 Z=3.480) RuntimeGrid:None EditorOnly:0 RuntimeOnly:0 HLODRelevant:1 ListedInSceneOutliner:1 IsMainWorldOnly:0
 |   |   |- [+] [  7]
 |   |   |   |- Guid:6284312A4A05CEE690BB51A112FAD990 BaseClass: NativeClass:/Script/Engine.WorldDataLayers Name:WorldDataLayers Label:WorldDataLayers SpatiallyLoaded:0 Bounds:Invalid RuntimeGrid:None EditorOnly:0 RuntimeOnly:0 HLODRelevant:0 ListedInSceneOutliner:1 IsMainWorldOnly:1
 |   |   |- [+] [  8]
 |   |   |   |- Guid:733CD29B45B2212A8CF5F1ABD4E12BC8 BaseClass: NativeClass:/Script/Engine.PointLight Name:PointLight_UAID_E8808871396DF32002_1810998081 Label:PointLight2 SpatiallyLoaded:1 Bounds:IsValid=true, Min=(X=-1600.000 Y=-1250.000 Z=-1750.000), Max=(X=2400.000 Y=2750.000 Z=2250.000) RuntimeGrid:None EditorOnly:0 RuntimeOnly:0 HLODRelevant:0 ListedInSceneOutliner:1 IsMainWorldOnly:0
 |   |   |- [+] [  9]
 |   |   |   |- Guid:769127244CEF5B645E44ACB871A9884E BaseClass: NativeClass:/Script/Engine.StaticMeshActor Name:StaticMeshActor_UAID_E8808871396DF42002_1217964266 Label:SM_Prop_Torch_7 SpatiallyLoaded:1 Bounds:IsValid=true, Min=(X=238.016 Y=941.812 Z=270.200), Max=(X=261.984 Y=982.917 Z=334.904) RuntimeGrid:None EditorOnly:0 RuntimeOnly:0 HLODRelevant:1 ListedInSceneOutliner:1 IsMainWorldOnly:0
 |   |   |- [+] [ 10]
 |   |   |   |- Guid:7B458D9C46768B1347DAE6B52F3F7A55 BaseClass: NativeClass:/Script/Engine.StaticMeshActor Name:StaticMeshActor_UAID_E8808871396DF32002_1147579061 Label:SM_Bld_Castle_Floor_Stone_5 SpatiallyLoaded:1 Bounds:IsValid=true, Min=(X=-0.000 Y=-503.480 Z=-0.104), Max=(X=500.000 Y=-475.000 Z=500.000) RuntimeGrid:None EditorOnly:0 RuntimeOnly:0 HLODRelevant:1 ListedInSceneOutliner:1 IsMainWorldOnly:0
 |   |   |- [+] [ 11]
 |   |   |   |- Guid:8223944A4A033113534BB69F1CBE6669 BaseClass: NativeClass:/Script/Engine.PointLight Name:PointLight_UAID_E8808871396DF32002_2007658085 Label:PointLight3 SpatiallyLoaded:1 Bounds:IsValid=true, Min=(X=-1750.000 Y=-2450.000 Z=-1700.000), Max=(X=2250.000 Y=1550.000 Z=2300.000) RuntimeGrid:None EditorOnly:0 RuntimeOnly:0 HLODRelevant:0 ListedInSceneOutliner:1 IsMainWorldOnly:0
 |   |   |- [+] [ 12]
 |   |   |   |- Guid:89B31D3C4820513A90582EB3F8A261D8 BaseClass:/Game/Blueprint/Portals/portal/BP_Gate.BP_Gate_C NativeClass:/Script/Engine.Actor Name:BP_Gate_C_UAID_0A002700000D4C2202_1873823824 Label:BP_Gate2 SpatiallyLoaded:1 Bounds:IsValid=true, Min=(X=339.440 Y=-488.800 Z=446.880), Max=(X=520.560 Y=8.800 Z=473.120) RuntimeGrid:None EditorOnly:0 RuntimeOnly:0 HLODRelevant:0 ListedInSceneOutliner:1 IsMainWorldOnly:0
 |   |   |- [+] [ 13]
 |   |   |   |- Guid:9B9C3F164626588D3C615BAB8E299A0F BaseClass: NativeClass:/Script/Engine.StaticMeshActor Name:StaticMeshActor_UAID_E8808871396DF32002_1670216077 Label:SM_Prop_Torch_3 SpatiallyLoaded:1 Bounds:IsValid=true, Min=(X=461.812 Y=238.016 Z=220.200), Max=(X=502.917 Y=261.984 Z=284.904) RuntimeGrid:None EditorOnly:0 RuntimeOnly:0 HLODRelevant:1 ListedInSceneOutliner:1 IsMainWorldOnly:0
 |   |   |- [+] [ 14]
 |   |   |   |- Guid:9BF41C8346305C0A0960EE86D69469FB BaseClass: NativeClass:/Script/Engine.PointLight Name:PointLight_UAID_E8808871396DF42002_1181752264 Label:PointLight4 SpatiallyLoaded:1 Bounds:IsValid=true, Min=(X=-1750.000 Y=-1050.000 Z=-1700.000), Max=(X=2250.000 Y=2950.000 Z=2300.000) RuntimeGrid:None EditorOnly:0 RuntimeOnly:0 HLODRelevant:0 ListedInSceneOutliner:1 IsMainWorldOnly:0
 |   |   |- [+] [ 15]
 |   |   |   |- Guid:9D8FFB4B4F24C8FC0CC3E2B05615A4AC BaseClass: NativeClass:/Script/Engine.StaticMeshActor Name:StaticMeshActor_UAID_E8808871396DF42002_1540529270 Label:SM_Bld_Castle_Floor_Stone_4 SpatiallyLoaded:1 Bounds:IsValid=true, Min=(X=-0.104 Y=750.000 Z=-25.000), Max=(X=500.000 Y=1000.000 Z=3.480) RuntimeGrid:None EditorOnly:0 RuntimeOnly:0 HLODRelevant:1 ListedInSceneOutliner:1 IsMainWorldOnly:0
 |   |   |- [+] [ 16]
 |   |   |   |- Guid:A9557D8D42752283BFD64DA16C68B25C BaseClass: NativeClass:/Script/Engine.StaticMeshActor Name:StaticMeshActor_UAID_E8808871396DF32002_1283261064 Label:SM_Bld_Castle_Door_Single_01 SpatiallyLoaded:1 Bounds:IsValid=true, Min=(X=199.491 Y=987.111 Z=10.461), Max=(X=302.394 Y=1012.889 Z=244.968) RuntimeGrid:None EditorOnly:0 RuntimeOnly:0 HLODRelevant:1 ListedInSceneOutliner:1 IsMainWorldOnly:0
 |   |   |- [+] [ 17]
 |   |   |   |- Guid:BC860383471DDB18D6C769864CED55BE BaseClass: NativeClass:/Script/Engine.StaticMeshActor Name:StaticMeshActor_UAID_E8808871396DF32002_1173993062 Label:SM_Bld_Castle_Floor_Stone_6 SpatiallyLoaded:1 Bounds:IsValid=true, Min=(X=496.520 Y=0.000 Z=-0.104), Max=(X=525.000 Y=500.000 Z=500.000) RuntimeGrid:None EditorOnly:0 RuntimeOnly:0 HLODRelevant:1 ListedInSceneOutliner:1 IsMainWorldOnly:0
 |   |   |- [+] [ 18]
 |   |   |   |- Guid:C4BF5E3B4FAE5E395194A798E41F6B31 BaseClass:/Game/Blueprint/Portals/portal/BP_Gate.BP_Gate_C NativeClass:/Script/Engine.Actor Name:BP_Gate_C_UAID_0A002700000D1F2202_1437074872 Label:BP_Gate SpatiallyLoaded:1 Bounds:IsValid=true, Min=(X=192.960 Y=977.680 Z=-2.160), Max=(X=307.040 Y=1002.320 Z=242.160) RuntimeGrid:None EditorOnly:0 RuntimeOnly:0 HLODRelevant:0 ListedInSceneOutliner:1 IsMainWorldOnly:0
 |   |   |- [+] [ 19]
 |   |   |   |- Guid:D86EE9B34A84D2D921573BADA3B05DB6 BaseClass: NativeClass:/Script/Engine.StaticMeshActor Name:StaticMeshActor_UAID_E8808871396DF42002_1288873267 Label:SM_Bld_Castle_Floor_Stone_11 SpatiallyLoaded:1 Bounds:IsValid=true, Min=(X=496.520 Y=-500.000 Z=-0.104), Max=(X=525.000 Y=0.000 Z=500.000) RuntimeGrid:None EditorOnly:0 RuntimeOnly:0 HLODRelevant:1 ListedInSceneOutliner:1 IsMainWorldOnly:0
 |   |   |- [+] [ 20]
 |   |   |   |- Guid:DB559B1949116E15F2346F83EC59A44D BaseClass: NativeClass:/Script/Engine.StaticMeshActor Name:StaticMeshActor_UAID_E8808871396DF32002_1100754058 Label:SM_Bld_Castle_Floor_Stone_2 SpatiallyLoaded:1 Bounds:IsValid=true, Min=(X=-0.104 Y=0.000 Z=-25.000), Max=(X=500.000 Y=500.000 Z=3.480) RuntimeGrid:None EditorOnly:0 RuntimeOnly:0 HLODRelevant:1 ListedInSceneOutliner:1 IsMainWorldOnly:0
 |   |   |- [+] [ 21]
 |   |   |   |- Guid:E11A80CA46703AE7DBF782A3EDE86144 BaseClass:/Game/Blueprint/Portals/BP_Bounds.BP_Bounds_C NativeClass:/Script/Engine.Actor Name:BP_Bounds_C_UAID_0A002700000D1F2202_1509737885 Label:BP_Bounds SpatiallyLoaded:1 Bounds:IsValid=true, Min=(X=-29.575 Y=-479.120 Z=-17.840), Max=(X=9.575 Y=999.120 Z=537.840) RuntimeGrid:None EditorOnly:0 RuntimeOnly:0 HLODRelevant:0 ListedInSceneOutliner:1 IsMainWorldOnly:0
 |   |   |- [+] [ 22]
 |   |   |   |- Guid:E24AC0D0407FAE0D2094B3966A830D5D BaseClass: NativeClass:/Script/Engine.StaticMeshActor Name:StaticMeshActor_UAID_E8808871396DF32002_1109962059 Label:SM_Bld_Castle_Floor_Stone_3 SpatiallyLoaded:1 Bounds:IsValid=true, Min=(X=-0.104 Y=500.000 Z=-25.000), Max=(X=500.000 Y=750.000 Z=3.480) RuntimeGrid:None EditorOnly:0 RuntimeOnly:0 HLODRelevant:1 ListedInSceneOutliner:1 IsMainWorldOnly:0
 |   |   |- [+] [ 23]
 |   |   |   |- Guid:F066D0FD4117206A596A229CD94026AB BaseClass: NativeClass:/Script/Engine.StaticMeshActor Name:StaticMeshActor_UAID_E8808871396DF32002_1346531066 Label:SM_Bld_Castle_Wall_Door_2 SpatiallyLoaded:1 Bounds:IsValid=true, Min=(X=-0.001 Y=968.729 Z=0.000), Max=(X=499.999 Y=1031.268 Z=500.000) RuntimeGrid:None EditorOnly:0 RuntimeOnly:0 HLODRelevant:1 ListedInSceneOutliner:1 IsMainWorldOnly:0
 |   |   |- [+] [ 24]
 |   |   |   |- Guid:FC3272574E6D493C77D758A6C14762FF BaseClass: NativeClass:/Script/Engine.PointLight Name:PointLight_UAID_E8808871396DF32002_1706056078 Label:PointLight SpatiallyLoaded:1 Bounds:IsValid=true, Min=(X=-1550.000 Y=-1750.000 Z=-1750.000), Max=(X=2450.000 Y=2250.000 Z=2250.000) RuntimeGrid:None EditorOnly:0 RuntimeOnly:0 HLODRelevant:0 ListedInSceneOutliner:1 IsMainWorldOnly:0
 |- ContainerInstances:
 |- [+] MainContainer:
 |   |-        ID: 00000000000000000000000000000000
 |   |-  ParentID: 00000000000000000000000000000000
 |   |-    Bounds: IsValid=true, Min=(X=-1750.000 Y=-2450.000 Z=-1750.000), Max=(X=2450.000 Y=2950.000 Z=2300.000)
 |   |- Transform: 0.000000,0.000000,0.000000|0.000000,0.000000,-0.000000|1.000000,1.000000,1.000000
 |   |- Container: /Game/Maps/room_up___move1
----------------------------------------------------------------------------------------------------------------
room_up___move1 - Persistent Level
----------------------------------------------------------------------------------------------------------------
[+] Content of room_up___move1 Persistent Level
 |- Always loaded Actor Count: 2 
 |- Actor Path: /Game/Maps/room_up___move1.room_up___move1:PersistentLevel.PlayerStart_UAID_0A002700000D1E2202_1673825686
 |- Actor Package: /Game/__ExternalActors__/Maps/room_up___move1/5/9X/DHLIQHS99OMR70Q73DEEUQ
 |- Actor Path: /Game/Maps/room_up___move1.room_up___move1:PersistentLevel.WorldDataLayers
 |- Actor Package: /Game/__ExternalActors__/Maps/room_up___move1/E/94/J6D46DRXLEJLDUUXZDB6JR

----------------------------------------------------------------------------------------------------------------
room_up___move1 - Runtime Hash Set
----------------------------------------------------------------------------------------------------------------
[+] Content of Cell room_up___move1_MainGrid_0_0_-1_0 (1L60C68CKWAZI379D6SQ9Y2RP)
 |- Actor Count: 3
 |- [+] /Game/Maps/room_up___move1.room_up___move1:PersistentLevel.StaticMeshActor_UAID_E8808871396DF42002_1540529270
 |   |-         Package: /Game/__ExternalActors__/Maps/room_up___move1/2/XM/9U1MSFKRSH89NBLAKJ0KB0
 |   |-     Editor Only: 0
 |   |-   Instance Guid: 9D8FFB4B4F24C8FC0CC3E2B05615A4AC
 |   |- [+] Container:
 |   |   |-        ID: 00000000000000000000000000000000
 |   |   |- Transform: 0.000000,0.000000,0.000000|0.000000,0.000000,-0.000000|1.000000,1.000000,1.000000
 |- [+] /Game/Maps/room_up___move1.room_up___move1:PersistentLevel.StaticMeshActor_UAID_E8808871396DF32002_1100754058
 |   |-         Package: /Game/__ExternalActors__/Maps/room_up___move1/E/W1/EQF8RUDISQZJYG923RM6FU
 |   |-     Editor Only: 0
 |   |-   Instance Guid: DB559B1949116E15F2346F83EC59A44D
 |   |- [+] Container:
 |   |   |-        ID: 00000000000000000000000000000000
 |   |   |- Transform: 0.000000,0.000000,0.000000|0.000000,0.000000,-0.000000|1.000000,1.000000,1.000000
 |- [+] /Game/Maps/room_up___move1.room_up___move1:PersistentLevel.StaticMeshActor_UAID_E8808871396DF32002_1109962059
 |   |-         Package: /Game/__ExternalActors__/Maps/room_up___move1/2/J5/NBQJCR238L7MG580V39DHF
 |   |-     Editor Only: 0
 |   |-   Instance Guid: E24AC0D0407FAE0D2094B3966A830D5D
 |   |- [+] Container:
 |   |   |-        ID: 00000000000000000000000000000000
 |   |   |- Transform: 0.000000,0.000000,0.000000|0.000000,0.000000,-0.000000|1.000000,1.000000,1.000000
[+] Content of Cell room_up___move1_MainGrid_0_0_0_0 (2648FNTXJ4ZSO40HY1LQLANVJ)
 |- Actor Count: 11
 |- [+] /Game/Maps/room_up___move1.room_up___move1:PersistentLevel.StaticMeshActor_UAID_E8808871396DF42002_1637844272
 |   |-         Package: /Game/__ExternalActors__/Maps/room_up___move1/3/LZ/2USQAW254JIFQ8Y0F99ODE
 |   |-     Editor Only: 0
 |   |-   Instance Guid: 1973FE5F451DE69424395296F8831EBD
 |   |- [+] Container:
 |   |   |-        ID: 00000000000000000000000000000000
 |   |   |- Transform: 0.000000,0.000000,0.000000|0.000000,0.000000,-0.000000|1.000000,1.000000,1.000000
 |- [+] /Game/Maps/room_up___move1.room_up___move1:PersistentLevel.StaticMeshActor_UAID_E8808871396DF42002_1164479263
 |   |-         Package: /Game/__ExternalActors__/Maps/room_up___move1/7/D3/4ZVOVNTIAY25JOPU49AZ0W
 |   |-     Editor Only: 0
 |   |-   Instance Guid: 2D1C4F124802F2B2AF0789BD5A1FF5E0
 |   |- [+] Container:
 |   |   |-        ID: 00000000000000000000000000000000
 |   |   |- Transform: 0.000000,0.000000,0.000000|0.000000,0.000000,-0.000000|1.000000,1.000000,1.000000
 |- [+] /Game/Maps/room_up___move1.room_up___move1:PersistentLevel.PointLight_UAID_E8808871396DF32002_1810998081
 |   |-         Package: /Game/__ExternalActors__/Maps/room_up___move1/9/UI/5IRKTSN9CQ8AZXLRHPHQ9S
 |   |-     Editor Only: 0
 |   |-   Instance Guid: 733CD29B45B2212A8CF5F1ABD4E12BC8
 |   |- [+] Container:
 |   |   |-        ID: 00000000000000000000000000000000
 |   |   |- Transform: 0.000000,0.000000,0.000000|0.000000,0.000000,-0.000000|1.000000,1.000000,1.000000
 |- [+] /Game/Maps/room_up___move1.room_up___move1:PersistentLevel.StaticMeshActor_UAID_E8808871396DF42002_1217964266
 |   |-         Package: /Game/__ExternalActors__/Maps/room_up___move1/1/3B/7462PK8RYY10NAH8GI5N53
 |   |-     Editor Only: 0
 |   |-   Instance Guid: 769127244CEF5B645E44ACB871A9884E
 |   |- [+] Container:
 |   |   |-        ID: 00000000000000000000000000000000
 |   |   |- Transform: 0.000000,0.000000,0.000000|0.000000,0.000000,-0.000000|1.000000,1.000000,1.000000
 |- [+] /Game/Maps/room_up___move1.room_up___move1:PersistentLevel.StaticMeshActor_UAID_E8808871396DF32002_1670216077
 |   |-         Package: /Game/__ExternalActors__/Maps/room_up___move1/6/TS/MK6DEFLRLVUCU65R5PRTRK
 |   |-     Editor Only: 0
 |   |-   Instance Guid: 9B9C3F164626588D3C615BAB8E299A0F
 |   |- [+] Container:
 |   |   |-        ID: 00000000000000000000000000000000
 |   |   |- Transform: 0.000000,0.000000,0.000000|0.000000,0.000000,-0.000000|1.000000,1.000000,1.000000
 |- [+] /Game/Maps/room_up___move1.room_up___move1:PersistentLevel.PointLight_UAID_E8808871396DF42002_1181752264
 |   |-         Package: /Game/__ExternalActors__/Maps/room_up___move1/0/HF/V0V9XVBEKCK0G8TT7T2WXI
 |   |-     Editor Only: 0
 |   |-   Instance Guid: 9BF41C8346305C0A0960EE86D69469FB
 |   |- [+] Container:
 |   |   |-        ID: 00000000000000000000000000000000
 |   |   |- Transform: 0.000000,0.000000,0.000000|0.000000,0.000000,-0.000000|1.000000,1.000000,1.000000
 |- [+] /Game/Maps/room_up___move1.room_up___move1:PersistentLevel.StaticMeshActor_UAID_E8808871396DF32002_1283261064
 |   |-         Package: /Game/__ExternalActors__/Maps/room_up___move1/9/Y0/4LME09PRPUBH81H7K9QWZ0
 |   |-     Editor Only: 0
 |   |-   Instance Guid: A9557D8D42752283BFD64DA16C68B25C
 |   |- [+] Container:
 |   |   |-        ID: 00000000000000000000000000000000
 |   |   |- Transform: 0.000000,0.000000,0.000000|0.000000,0.000000,-0.000000|1.000000,1.000000,1.000000
 |- [+] /Game/Maps/room_up___move1.room_up___move1:PersistentLevel.StaticMeshActor_UAID_E8808871396DF32002_1173993062
 |   |-         Package: /Game/__ExternalActors__/Maps/room_up___move1/E/OA/EEBDT0LQCHWOC5SJRYCXS5
 |   |-     Editor Only: 0
 |   |-   Instance Guid: BC860383471DDB18D6C769864CED55BE
 |   |- [+] Container:
 |   |   |-        ID: 00000000000000000000000000000000
 |   |   |- Transform: 0.000000,0.000000,0.000000|0.000000,0.000000,-0.000000|1.000000,1.000000,1.000000
 |- [+] /Game/Maps/room_up___move1.room_up___move1:PersistentLevel.BP_Gate_C_UAID_0A002700000D1F2202_1437074872
 |   |-         Package: /Game/__ExternalActors__/Maps/room_up___move1/A/CV/9PXRIYG0PL6UKYQJTPCXJV
 |   |-     Editor Only: 0
 |   |-   Instance Guid: C4BF5E3B4FAE5E395194A798E41F6B31
 |   |- [+] Container:
 |   |   |-        ID: 00000000000000000000000000000000
 |   |   |- Transform: 0.000000,0.000000,0.000000|0.000000,0.000000,-0.000000|1.000000,1.000000,1.000000
 |- [+] /Game/Maps/room_up___move1.room_up___move1:PersistentLevel.StaticMeshActor_UAID_E8808871396DF32002_1346531066
 |   |-         Package: /Game/__ExternalActors__/Maps/room_up___move1/7/V0/9UE76OXRCZFOZYD36JDOVO
 |   |-     Editor Only: 0
 |   |-   Instance Guid: F066D0FD4117206A596A229CD94026AB
 |   |- [+] Container:
 |   |   |-        ID: 00000000000000000000000000000000
 |   |   |- Transform: 0.000000,0.000000,0.000000|0.000000,0.000000,-0.000000|1.000000,1.000000,1.000000
 |- [+] /Game/Maps/room_up___move1.room_up___move1:PersistentLevel.PointLight_UAID_E8808871396DF32002_1706056078
 |   |-         Package: /Game/__ExternalActors__/Maps/room_up___move1/4/JI/29T5V7Z5Y103242QMR40EY
 |   |-     Editor Only: 0
 |   |-   Instance Guid: FC3272574E6D493C77D758A6C14762FF
 |   |- [+] Container:
 |   |   |-        ID: 00000000000000000000000000000000
 |   |   |- Transform: 0.000000,0.000000,0.000000|0.000000,0.000000,-0.000000|1.000000,1.000000,1.000000
[+] Content of Cell room_up___move1_MainGrid_-1_0_0_0 (7L9E4PJ7EECO7VDRHB3D6XE73)
 |- Actor Count: 2
 |- [+] /Game/Maps/room_up___move1.room_up___move1:PersistentLevel.BP_RandomGenerator_C_UAID_6C2408545297012302_1559236648
 |   |-         Package: /Game/__ExternalActors__/Maps/room_up___move1/6/JD/BGSV08ZSWKVL2W1HSBRMVO
 |   |-     Editor Only: 0
 |   |-   Instance Guid: 2CF874494960CF45027B8685A0B5F6DB
 |   |- [+] Container:
 |   |   |-        ID: 00000000000000000000000000000000
 |   |   |- Transform: 0.000000,0.000000,0.000000|0.000000,0.000000,-0.000000|1.000000,1.000000,1.000000
 |- [+] /Game/Maps/room_up___move1.room_up___move1:PersistentLevel.BP_Bounds_C_UAID_0A002700000D1F2202_1509737885
 |   |-         Package: /Game/__ExternalActors__/Maps/room_up___move1/B/TY/BJKYFM8PR3AH1R6K49REUQ
 |   |-     Editor Only: 0
 |   |-   Instance Guid: E11A80CA46703AE7DBF782A3EDE86144
 |   |- [+] Container:
 |   |   |-        ID: 00000000000000000000000000000000
 |   |   |- Transform: 0.000000,0.000000,0.000000|0.000000,0.000000,-0.000000|1.000000,1.000000,1.000000
[+] Content of Cell room_up___move1_MainGrid_0_-1_0_0 (86DTLHAG4AYT3AELJDSYLRSXM)
 |- Actor Count: 6
 |- [+] /Game/Maps/room_up___move1.room_up___move1:PersistentLevel.StaticMeshActor_UAID_E8808871396DF42002_1216147265
 |   |-         Package: /Game/__ExternalActors__/Maps/room_up___move1/9/5L/6GDEZC78QMQ29PTBX4OOWU
 |   |-     Editor Only: 0
 |   |-   Instance Guid: 2371A0DA44F9601B4F3366A252D32312
 |   |- [+] Container:
 |   |   |-        ID: 00000000000000000000000000000000
 |   |   |- Transform: 0.000000,0.000000,0.000000|0.000000,0.000000,-0.000000|1.000000,1.000000,1.000000
 |- [+] /Game/Maps/room_up___move1.room_up___move1:PersistentLevel.StaticMeshActor_UAID_0A002700000D332202_1499384379
 |   |-         Package: /Game/__ExternalActors__/Maps/room_up___move1/4/CM/D1GQNRC0JWOID0W3BWLQLX
 |   |-     Editor Only: 0
 |   |-   Instance Guid: 23A1D29F4CCD075AAEF901BBEE28E5BD
 |   |- [+] Container:
 |   |   |-        ID: 00000000000000000000000000000000
 |   |   |- Transform: 0.000000,0.000000,0.000000|0.000000,0.000000,-0.000000|1.000000,1.000000,1.000000
 |- [+] /Game/Maps/room_up___move1.room_up___move1:PersistentLevel.StaticMeshActor_UAID_E8808871396DF32002_1147579061
 |   |-         Package: /Game/__ExternalActors__/Maps/room_up___move1/D/QV/XCO28I65CL2L43RMEB2H85
 |   |-     Editor Only: 0
 |   |-   Instance Guid: 7B458D9C46768B1347DAE6B52F3F7A55
 |   |- [+] Container:
 |   |   |-        ID: 00000000000000000000000000000000
 |   |   |- Transform: 0.000000,0.000000,0.000000|0.000000,0.000000,-0.000000|1.000000,1.000000,1.000000
 |- [+] /Game/Maps/room_up___move1.room_up___move1:PersistentLevel.PointLight_UAID_E8808871396DF32002_2007658085
 |   |-         Package: /Game/__ExternalActors__/Maps/room_up___move1/4/PD/T9116MPO1MD0YV4EBVXE9K
 |   |-     Editor Only: 0
 |   |-   Instance Guid: 8223944A4A033113534BB69F1CBE6669
 |   |- [+] Container:
 |   |   |-        ID: 00000000000000000000000000000000
 |   |   |- Transform: 0.000000,0.000000,0.000000|0.000000,0.000000,-0.000000|1.000000,1.000000,1.000000
 |- [+] /Game/Maps/room_up___move1.room_up___move1:PersistentLevel.BP_Gate_C_UAID_0A002700000D4C2202_1873823824
 |   |-         Package: /Game/__ExternalActors__/Maps/room_up___move1/D/Q6/CZKALY3R56K5B9YJRBS403
 |   |-     Editor Only: 0
 |   |-   Instance Guid: 89B31D3C4820513A90582EB3F8A261D8
 |   |- [+] Container:
 |   |   |-        ID: 00000000000000000000000000000000
 |   |   |- Transform: 0.000000,0.000000,0.000000|0.000000,0.000000,-0.000000|1.000000,1.000000,1.000000
 |- [+] /Game/Maps/room_up___move1.room_up___move1:PersistentLevel.StaticMeshActor_UAID_E8808871396DF42002_1288873267
 |   |-         Package: /Game/__ExternalActors__/Maps/room_up___move1/1/M5/RA5H4KLKXJFXK3QD9QKPP7
 |   |-     Editor Only: 0
 |   |-   Instance Guid: D86EE9B34A84D2D921573BADA3B05DB6
 |   |- [+] Container:
 |   |   |-        ID: 00000000000000000000000000000000
 |   |   |- Transform: 0.000000,0.000000,0.000000|0.000000,0.000000,-0.000000|1.000000,1.000000,1.000000
[+] Content of Cell room_up___move1_MainGrid_0_-1_-1_0 (BJJ9CYWM23ROZKG5INCFZ2JYX)
 |- Actor Count: 1
 |- [+] /Game/Maps/room_up___move1.room_up___move1:PersistentLevel.StaticMeshActor_UAID_E8808871396DF22002_1619271881
 |   |-         Package: /Game/__ExternalActors__/Maps/room_up___move1/8/65/RVK4KZLMM06I5D3ZVWGXEN
 |   |-     Editor Only: 0
 |   |-   Instance Guid: 42F449554CF496ED1B358CB686D02552
 |   |- [+] Container:
 |   |   |-        ID: 00000000000000000000000000000000
 |   |   |- Transform: 0.000000,0.000000,0.000000|0.000000,0.000000,-0.000000|1.000000,1.000000,1.000000

