[+] Containers:
 |- [+] Container: /Game/PolygonFantasyKingdom/Maps/room_up_move___stop2
 |   |- [+] ActorDescs:
 |   |   |- Guid:0291784F46F8F8E189178B92490F4DCF BaseClass: NativeClass:/Script/Engine.StaticMeshActor Name:StaticMeshActor_UAID_E8808871396DF22002_1619271881 Label:SM_Bld_Castle_Floor_Stone_01 SpatiallyLoaded:1 Bounds:IsValid=true, Min=(X=-0.104 Y=-500.000 Z=-25.000), Max=(X=500.000 Y=0.000 Z=3.480) RuntimeGrid:None EditorOnly:0 RuntimeOnly:0 HLODRelevant:1 ListedInSceneOutliner:1 IsMainWorldOnly:0
 |   |   |- Guid:0CB67FA047DE19B814A0A8B0C5855F43 BaseClass: NativeClass:/Script/Engine.PointLight Name:PointLight_UAID_E8808871396DF32002_2007658085 Label:PointLight3 SpatiallyLoaded:1 Bounds:IsValid=true, Min=(X=-1750.000 Y=-2450.000 Z=-1700.000), Max=(X=2250.000 Y=1550.000 Z=2300.000) RuntimeGrid:None EditorOnly:0 RuntimeOnly:0 HLODRelevant:0 ListedInSceneOutliner:1 IsMainWorldOnly:0
 |   |   |- Guid:16307BBE4D6A769E71081D8CBE4654B4 BaseClass: NativeClass:/Script/Engine.WorldDataLayers Name:WorldDataLayers Label:WorldDataLayers SpatiallyLoaded:0 Bounds:Invalid RuntimeGrid:None EditorOnly:0 RuntimeOnly:0 HLODRelevant:0 ListedInSceneOutliner:1 IsMainWorldOnly:1
 |   |   |- Guid:20D3D4C64859E65922906D9198E1A073 BaseClass:/Game/PolygonFantasyKingdom/BP/portal/BP_Gate.BP_Gate_C NativeClass:/Script/Engine.Actor Name:BP_Gate_C_UAID_0A002700000DEA2102_1510354528 Label:BP_Gate SpatiallyLoaded:1 Bounds:IsValid=true, Min=(X=192.960 Y=-502.320 Z=-2.160), Max=(X=307.040 Y=-477.680 Z=242.160) RuntimeGrid:None EditorOnly:0 RuntimeOnly:0 HLODRelevant:0 ListedInSceneOutliner:1 IsMainWorldOnly:0
 |   |   |- Guid:217C999A4412F1B1D454388C528DC046 BaseClass:/Game/PolygonFantasyKingdom/BP/Item/BP_RandomGenerator.BP_RandomGenerator_C NativeClass:/Script/Engine.Actor Name:BP_RandomGenerator_C_UAID_6C2408545297012302_1617334661 Label:BP_RandomGenerator SpatiallyLoaded:1 Bounds:IsValid=true, Min=(X=-290.000 Y=1280.000 Z=620.000), Max=(X=-290.000 Y=1280.000 Z=620.000) RuntimeGrid:None EditorOnly:0 RuntimeOnly:0 HLODRelevant:0 ListedInSceneOutliner:1 IsMainWorldOnly:0
 |   |   |- Guid:237B1E5846938F5D05C06C9B663A607E BaseClass: NativeClass:/Script/Engine.StaticMeshActor Name:StaticMeshActor_UAID_E8808871396DF42002_1164479263 Label:SM_Prop_Torch_5 SpatiallyLoaded:1 Bounds:IsValid=true, Min=(X=461.812 Y=738.016 Z=220.200), Max=(X=502.917 Y=761.984 Z=284.904) RuntimeGrid:None EditorOnly:0 RuntimeOnly:0 HLODRelevant:1 ListedInSceneOutliner:1 IsMainWorldOnly:0
 |   |   |- Guid:29DC8BF54125E64FC5CFD4888C97753C BaseClass: NativeClass:/Script/Engine.StaticMeshActor Name:StaticMeshActor_UAID_E8808871396DF42002_1217964266 Label:SM_Prop_Torch_7 SpatiallyLoaded:1 Bounds:IsValid=true, Min=(X=238.016 Y=961.812 Z=270.200), Max=(X=261.984 Y=1002.917 Z=334.904) RuntimeGrid:None EditorOnly:0 RuntimeOnly:0 HLODRelevant:1 ListedInSceneOutliner:1 IsMainWorldOnly:0
 |   |   |- Guid:2BEC91F54AB52C78D7A33BAB272D89F3 BaseClass: NativeClass:/Script/Engine.StaticMeshActor Name:StaticMeshActor_UAID_E8808871396DF32002_1283261064 Label:SM_Bld_Castle_Door_Single_01 SpatiallyLoaded:1 Bounds:IsValid=true, Min=(X=199.491 Y=-512.889 Z=10.461), Max=(X=302.394 Y=-487.111 Z=244.968) RuntimeGrid:None EditorOnly:0 RuntimeOnly:0 HLODRelevant:1 ListedInSceneOutliner:1 IsMainWorldOnly:0
 |   |   |- Guid:31E604E14B4E3366A06D488833762DE7 BaseClass: NativeClass:/Script/Engine.StaticMeshActor Name:StaticMeshActor_UAID_E8808871396DF32002_1109962059 Label:SM_Bld_Castle_Floor_Stone_3 SpatiallyLoaded:1 Bounds:IsValid=true, Min=(X=-0.104 Y=500.000 Z=-25.000), Max=(X=500.000 Y=750.000 Z=3.480) RuntimeGrid:None EditorOnly:0 RuntimeOnly:0 HLODRelevant:1 ListedInSceneOutliner:1 IsMainWorldOnly:0
 |   |   |- Guid:581C734D416C86F4F7DD23A9B518334A BaseClass: NativeClass:/Script/Engine.StaticMeshActor Name:StaticMeshActor_UAID_E8808871396DF32002_1670216077 Label:SM_Prop_Torch_3 SpatiallyLoaded:1 Bounds:IsValid=true, Min=(X=461.812 Y=238.016 Z=220.200), Max=(X=502.917 Y=261.984 Z=284.904) RuntimeGrid:None EditorOnly:0 RuntimeOnly:0 HLODRelevant:1 ListedInSceneOutliner:1 IsMainWorldOnly:0
 |   |   |- Guid:584B4EED47E3A1069C78F7B1DCD6CB7D BaseClass: NativeClass:/Script/Engine.StaticMeshActor Name:StaticMeshActor_UAID_E8808871396DF32002_1346531066 Label:SM_Bld_Castle_Wall_Door_2 SpatiallyLoaded:1 Bounds:IsValid=true, Min=(X=-0.001 Y=-531.271 Z=0.000), Max=(X=499.999 Y=-468.732 Z=500.000) RuntimeGrid:None EditorOnly:0 RuntimeOnly:0 HLODRelevant:1 ListedInSceneOutliner:1 IsMainWorldOnly:0
 |   |   |- Guid:610794144457EF903124EDB8BB6348DE BaseClass: NativeClass:/Script/Engine.PointLight Name:PointLight_UAID_E8808871396DF42002_1181752264 Label:PointLight4 SpatiallyLoaded:1 Bounds:IsValid=true, Min=(X=-1750.000 Y=-1050.000 Z=-1700.000), Max=(X=2250.000 Y=2950.000 Z=2300.000) RuntimeGrid:None EditorOnly:0 RuntimeOnly:0 HLODRelevant:0 ListedInSceneOutliner:1 IsMainWorldOnly:0
 |   |   |- Guid:67089BE14FB1E6B8639065A9F26CD7B5 BaseClass: NativeClass:/Script/Engine.StaticMeshActor Name:StaticMeshActor_UAID_E8808871396DF42002_1288873267 Label:SM_Bld_Castle_Floor_Stone_11 SpatiallyLoaded:1 Bounds:IsValid=true, Min=(X=496.520 Y=-500.000 Z=-0.104), Max=(X=525.000 Y=0.000 Z=500.000) RuntimeGrid:None EditorOnly:0 RuntimeOnly:0 HLODRelevant:1 ListedInSceneOutliner:1 IsMainWorldOnly:0
 |   |   |- Guid:718B7001446245E1A268DF939C2B805F BaseClass: NativeClass:/Script/Engine.StaticMeshActor Name:StaticMeshActor_UAID_6C2408545297502202_1110154479 Label:SM_Prop_Gravestone_02 SpatiallyLoaded:1 Bounds:IsValid=true, Min=(X=221.810 Y=120.888 Z=-12.076), Max=(X=278.190 Y=139.112 Z=116.585) RuntimeGrid:None EditorOnly:0 RuntimeOnly:0 HLODRelevant:1 ListedInSceneOutliner:1 IsMainWorldOnly:0
 |   |   |- Guid:7D84160F44F625EA97D9CF8393536798 BaseClass: NativeClass:/Script/Engine.PlayerStart Name:PlayerStart_UAID_0A002700000DE02102_1528765768 Label:PlayerStart2 SpatiallyLoaded:0 Bounds:IsValid=true, Min=(X=300.000 Y=780.000 Z=0.000), Max=(X=380.000 Y=860.000 Z=184.000) RuntimeGrid:None EditorOnly:0 RuntimeOnly:0 HLODRelevant:0 ListedInSceneOutliner:1 IsMainWorldOnly:0
 |   |   |- Guid:7F8946B14604BF59E8E9B0BD85D20411 BaseClass: NativeClass:/Script/Engine.PointLight Name:PointLight_UAID_E8808871396DF32002_1810998081 Label:PointLight2 SpatiallyLoaded:1 Bounds:IsValid=true, Min=(X=-1600.000 Y=-1250.000 Z=-1750.000), Max=(X=2400.000 Y=2750.000 Z=2250.000) RuntimeGrid:None EditorOnly:0 RuntimeOnly:0 HLODRelevant:0 ListedInSceneOutliner:1 IsMainWorldOnly:0
 |   |   |- Guid:849E1F4F4768339F7B2E2895DEA2035B BaseClass: NativeClass:/Script/Engine.StaticMeshActor Name:StaticMeshActor_UAID_E8808871396DF32002_1173993062 Label:SM_Bld_Castle_Floor_Stone_6 SpatiallyLoaded:1 Bounds:IsValid=true, Min=(X=496.520 Y=0.000 Z=-0.104), Max=(X=525.000 Y=500.000 Z=500.000) RuntimeGrid:None EditorOnly:0 RuntimeOnly:0 HLODRelevant:1 ListedInSceneOutliner:1 IsMainWorldOnly:0
 |   |   |- Guid:905419054AB85062F36460A6AF422F7E BaseClass: NativeClass:/Script/Engine.StaticMeshActor Name:StaticMeshActor_UAID_E8808871396DF42002_1637844272 Label:SM_Bld_Castle_Floor_Stone_12 SpatiallyLoaded:1 Bounds:IsValid=true, Min=(X=496.520 Y=500.000 Z=-0.104), Max=(X=525.000 Y=1000.000 Z=500.000) RuntimeGrid:None EditorOnly:0 RuntimeOnly:0 HLODRelevant:1 ListedInSceneOutliner:1 IsMainWorldOnly:0
 |   |   |- Guid:92EAAE6147A110AFA32D0B89D74C06AF BaseClass: NativeClass:/Script/Engine.StaticMeshActor Name:StaticMeshActor_UAID_E8808871396DF32002_1147579061 Label:SM_Bld_Castle_Floor_Stone_5 SpatiallyLoaded:1 Bounds:IsValid=true, Min=(X=-0.000 Y=996.520 Z=-0.104), Max=(X=500.000 Y=1025.000 Z=500.000) RuntimeGrid:None EditorOnly:0 RuntimeOnly:0 HLODRelevant:1 ListedInSceneOutliner:1 IsMainWorldOnly:0
 |   |   |- Guid:A5B78EE84E59D4290A6FB88895E11508 BaseClass: NativeClass:/Script/Engine.PointLight Name:PointLight_UAID_E8808871396DF32002_1706056078 Label:PointLight SpatiallyLoaded:1 Bounds:IsValid=true, Min=(X=-1550.000 Y=-1750.000 Z=-1750.000), Max=(X=2450.000 Y=2250.000 Z=2250.000) RuntimeGrid:None EditorOnly:0 RuntimeOnly:0 HLODRelevant:0 ListedInSceneOutliner:1 IsMainWorldOnly:0
 |   |   |- Guid:AA78EFDD4408014F16FF0987A8492539 BaseClass: NativeClass:/Script/Engine.StaticMeshActor Name:StaticMeshActor_UAID_E8808871396DF32002_1100754058 Label:SM_Bld_Castle_Floor_Stone_2 SpatiallyLoaded:1 Bounds:IsValid=true, Min=(X=-0.104 Y=0.000 Z=-25.000), Max=(X=500.000 Y=500.000 Z=3.480) RuntimeGrid:None EditorOnly:0 RuntimeOnly:0 HLODRelevant:1 ListedInSceneOutliner:1 IsMainWorldOnly:0
 |   |   |- Guid:AE6312944788E146268764A301B9857F BaseClass: NativeClass:/Script/Engine.StaticMeshActor Name:StaticMeshActor_UAID_E8808871396DF42002_1540529270 Label:SM_Bld_Castle_Floor_Stone_4 SpatiallyLoaded:1 Bounds:IsValid=true, Min=(X=-0.104 Y=750.000 Z=-25.000), Max=(X=500.000 Y=1000.000 Z=3.480) RuntimeGrid:None EditorOnly:0 RuntimeOnly:0 HLODRelevant:1 ListedInSceneOutliner:1 IsMainWorldOnly:0
 |   |   |- Guid:B2B47C02423FAA0F7DE57B95579C6142 BaseClass: NativeClass:/Script/Engine.StaticMeshActor Name:StaticMeshActor_UAID_E8808871396DF42002_1216147265 Label:SM_Prop_Torch_6 SpatiallyLoaded:1 Bounds:IsValid=true, Min=(X=238.016 Y=-482.917 Z=270.200), Max=(X=261.984 Y=-441.812 Z=334.904) RuntimeGrid:None EditorOnly:0 RuntimeOnly:0 HLODRelevant:1 ListedInSceneOutliner:1 IsMainWorldOnly:0
 |   |   |- Guid:CBC084CB4EA4ABB5E9DF7BA3907BCA70 BaseClass:/Game/PolygonFantasyKingdom/BP/BP_Bounds.BP_Bounds_C NativeClass:/Script/Engine.Actor Name:BP_Bounds_C_UAID_0A002700000DE42102_1361495471 Label:BP_Bounds SpatiallyLoaded:1 Bounds:IsValid=true, Min=(X=-37.962 Y=-559.320 Z=-360.640), Max=(X=3.962 Y=1069.320 Z=500.640) RuntimeGrid:None EditorOnly:0 RuntimeOnly:0 HLODRelevant:0 ListedInSceneOutliner:1 IsMainWorldOnly:0
 |   |   |- Guid:E0B1FBA242F54BC1A65387AF3556C5FD BaseClass:/Game/PolygonFantasyKingdom/BP/portal/BP_Gate.BP_Gate_C NativeClass:/Script/Engine.Actor Name:BP_Gate_C_UAID_0A002700000D4C2202_1783858810 Label:BP_Gate2 SpatiallyLoaded:1 Bounds:IsValid=true, Min=(X=339.440 Y=-488.800 Z=446.880), Max=(X=520.560 Y=8.800 Z=473.120) RuntimeGrid:None EditorOnly:0 RuntimeOnly:0 HLODRelevant:0 ListedInSceneOutliner:1 IsMainWorldOnly:0
 |   |   |- Guid:E99F1BEA419351724FF38DA94896C652 BaseClass: NativeClass:/Script/Engine.StaticMeshActor Name:StaticMeshActor_UAID_E8808871396DF32002_1404156067 Label:SM_Bld_Stairs_Straight_Wide_01 SpatiallyLoaded:1 Bounds:IsValid=true, Min=(X=349.999 Y=-552.223 Z=-502.223), Max=(X=548.600 Y=452.223 Z=502.223) RuntimeGrid:None EditorOnly:0 RuntimeOnly:0 HLODRelevant:1 ListedInSceneOutliner:1 IsMainWorldOnly:0
 |   |- [+] Clusters:
 |   |   |- [+] [  0]
 |   |   |   |- Guid:0291784F46F8F8E189178B92490F4DCF BaseClass: NativeClass:/Script/Engine.StaticMeshActor Name:StaticMeshActor_UAID_E8808871396DF22002_1619271881 Label:SM_Bld_Castle_Floor_Stone_01 SpatiallyLoaded:1 Bounds:IsValid=true, Min=(X=-0.104 Y=-500.000 Z=-25.000), Max=(X=500.000 Y=0.000 Z=3.480) RuntimeGrid:None EditorOnly:0 RuntimeOnly:0 HLODRelevant:1 ListedInSceneOutliner:1 IsMainWorldOnly:0
 |   |   |- [+] [  1]
 |   |   |   |- Guid:0CB67FA047DE19B814A0A8B0C5855F43 BaseClass: NativeClass:/Script/Engine.PointLight Name:PointLight_UAID_E8808871396DF32002_2007658085 Label:PointLight3 SpatiallyLoaded:1 Bounds:IsValid=true, Min=(X=-1750.000 Y=-2450.000 Z=-1700.000), Max=(X=2250.000 Y=1550.000 Z=2300.000) RuntimeGrid:None EditorOnly:0 RuntimeOnly:0 HLODRelevant:0 ListedInSceneOutliner:1 IsMainWorldOnly:0
 |   |   |- [+] [  2]
 |   |   |   |- Guid:16307BBE4D6A769E71081D8CBE4654B4 BaseClass: NativeClass:/Script/Engine.WorldDataLayers Name:WorldDataLayers Label:WorldDataLayers SpatiallyLoaded:0 Bounds:Invalid RuntimeGrid:None EditorOnly:0 RuntimeOnly:0 HLODRelevant:0 ListedInSceneOutliner:1 IsMainWorldOnly:1
 |   |   |- [+] [  3]
 |   |   |   |- Guid:20D3D4C64859E65922906D9198E1A073 BaseClass:/Game/PolygonFantasyKingdom/BP/portal/BP_Gate.BP_Gate_C NativeClass:/Script/Engine.Actor Name:BP_Gate_C_UAID_0A002700000DEA2102_1510354528 Label:BP_Gate SpatiallyLoaded:1 Bounds:IsValid=true, Min=(X=192.960 Y=-502.320 Z=-2.160), Max=(X=307.040 Y=-477.680 Z=242.160) RuntimeGrid:None EditorOnly:0 RuntimeOnly:0 HLODRelevant:0 ListedInSceneOutliner:1 IsMainWorldOnly:0
 |   |   |- [+] [  4]
 |   |   |   |- Guid:217C999A4412F1B1D454388C528DC046 BaseClass:/Game/PolygonFantasyKingdom/BP/Item/BP_RandomGenerator.BP_RandomGenerator_C NativeClass:/Script/Engine.Actor Name:BP_RandomGenerator_C_UAID_6C2408545297012302_1617334661 Label:BP_RandomGenerator SpatiallyLoaded:1 Bounds:IsValid=true, Min=(X=-290.000 Y=1280.000 Z=620.000), Max=(X=-290.000 Y=1280.000 Z=620.000) RuntimeGrid:None EditorOnly:0 RuntimeOnly:0 HLODRelevant:0 ListedInSceneOutliner:1 IsMainWorldOnly:0
 |   |   |- [+] [  5]
 |   |   |   |- Guid:237B1E5846938F5D05C06C9B663A607E BaseClass: NativeClass:/Script/Engine.StaticMeshActor Name:StaticMeshActor_UAID_E8808871396DF42002_1164479263 Label:SM_Prop_Torch_5 SpatiallyLoaded:1 Bounds:IsValid=true, Min=(X=461.812 Y=738.016 Z=220.200), Max=(X=502.917 Y=761.984 Z=284.904) RuntimeGrid:None EditorOnly:0 RuntimeOnly:0 HLODRelevant:1 ListedInSceneOutliner:1 IsMainWorldOnly:0
 |   |   |- [+] [  6]
 |   |   |   |- Guid:29DC8BF54125E64FC5CFD4888C97753C BaseClass: NativeClass:/Script/Engine.StaticMeshActor Name:StaticMeshActor_UAID_E8808871396DF42002_1217964266 Label:SM_Prop_Torch_7 SpatiallyLoaded:1 Bounds:IsValid=true, Min=(X=238.016 Y=961.812 Z=270.200), Max=(X=261.984 Y=1002.917 Z=334.904) RuntimeGrid:None EditorOnly:0 RuntimeOnly:0 HLODRelevant:1 ListedInSceneOutliner:1 IsMainWorldOnly:0
 |   |   |- [+] [  7]
 |   |   |   |- Guid:2BEC91F54AB52C78D7A33BAB272D89F3 BaseClass: NativeClass:/Script/Engine.StaticMeshActor Name:StaticMeshActor_UAID_E8808871396DF32002_1283261064 Label:SM_Bld_Castle_Door_Single_01 SpatiallyLoaded:1 Bounds:IsValid=true, Min=(X=199.491 Y=-512.889 Z=10.461), Max=(X=302.394 Y=-487.111 Z=244.968) RuntimeGrid:None EditorOnly:0 RuntimeOnly:0 HLODRelevant:1 ListedInSceneOutliner:1 IsMainWorldOnly:0
 |   |   |- [+] [  8]
 |   |   |   |- Guid:31E604E14B4E3366A06D488833762DE7 BaseClass: NativeClass:/Script/Engine.StaticMeshActor Name:StaticMeshActor_UAID_E8808871396DF32002_1109962059 Label:SM_Bld_Castle_Floor_Stone_3 SpatiallyLoaded:1 Bounds:IsValid=true, Min=(X=-0.104 Y=500.000 Z=-25.000), Max=(X=500.000 Y=750.000 Z=3.480) RuntimeGrid:None EditorOnly:0 RuntimeOnly:0 HLODRelevant:1 ListedInSceneOutliner:1 IsMainWorldOnly:0
 |   |   |- [+] [  9]
 |   |   |   |- Guid:581C734D416C86F4F7DD23A9B518334A BaseClass: NativeClass:/Script/Engine.StaticMeshActor Name:StaticMeshActor_UAID_E8808871396DF32002_1670216077 Label:SM_Prop_Torch_3 SpatiallyLoaded:1 Bounds:IsValid=true, Min=(X=461.812 Y=238.016 Z=220.200), Max=(X=502.917 Y=261.984 Z=284.904) RuntimeGrid:None EditorOnly:0 RuntimeOnly:0 HLODRelevant:1 ListedInSceneOutliner:1 IsMainWorldOnly:0
 |   |   |- [+] [ 10]
 |   |   |   |- Guid:584B4EED47E3A1069C78F7B1DCD6CB7D BaseClass: NativeClass:/Script/Engine.StaticMeshActor Name:StaticMeshActor_UAID_E8808871396DF32002_1346531066 Label:SM_Bld_Castle_Wall_Door_2 SpatiallyLoaded:1 Bounds:IsValid=true, Min=(X=-0.001 Y=-531.271 Z=0.000), Max=(X=499.999 Y=-468.732 Z=500.000) RuntimeGrid:None EditorOnly:0 RuntimeOnly:0 HLODRelevant:1 ListedInSceneOutliner:1 IsMainWorldOnly:0
 |   |   |- [+] [ 11]
 |   |   |   |- Guid:610794144457EF903124EDB8BB6348DE BaseClass: NativeClass:/Script/Engine.PointLight Name:PointLight_UAID_E8808871396DF42002_1181752264 Label:PointLight4 SpatiallyLoaded:1 Bounds:IsValid=true, Min=(X=-1750.000 Y=-1050.000 Z=-1700.000), Max=(X=2250.000 Y=2950.000 Z=2300.000) RuntimeGrid:None EditorOnly:0 RuntimeOnly:0 HLODRelevant:0 ListedInSceneOutliner:1 IsMainWorldOnly:0
 |   |   |- [+] [ 12]
 |   |   |   |- Guid:67089BE14FB1E6B8639065A9F26CD7B5 BaseClass: NativeClass:/Script/Engine.StaticMeshActor Name:StaticMeshActor_UAID_E8808871396DF42002_1288873267 Label:SM_Bld_Castle_Floor_Stone_11 SpatiallyLoaded:1 Bounds:IsValid=true, Min=(X=496.520 Y=-500.000 Z=-0.104), Max=(X=525.000 Y=0.000 Z=500.000) RuntimeGrid:None EditorOnly:0 RuntimeOnly:0 HLODRelevant:1 ListedInSceneOutliner:1 IsMainWorldOnly:0
 |   |   |- [+] [ 13]
 |   |   |   |- Guid:718B7001446245E1A268DF939C2B805F BaseClass: NativeClass:/Script/Engine.StaticMeshActor Name:StaticMeshActor_UAID_6C2408545297502202_1110154479 Label:SM_Prop_Gravestone_02 SpatiallyLoaded:1 Bounds:IsValid=true, Min=(X=221.810 Y=120.888 Z=-12.076), Max=(X=278.190 Y=139.112 Z=116.585) RuntimeGrid:None EditorOnly:0 RuntimeOnly:0 HLODRelevant:1 ListedInSceneOutliner:1 IsMainWorldOnly:0
 |   |   |- [+] [ 14]
 |   |   |   |- Guid:7D84160F44F625EA97D9CF8393536798 BaseClass: NativeClass:/Script/Engine.PlayerStart Name:PlayerStart_UAID_0A002700000DE02102_1528765768 Label:PlayerStart2 SpatiallyLoaded:0 Bounds:IsValid=true, Min=(X=300.000 Y=780.000 Z=0.000), Max=(X=380.000 Y=860.000 Z=184.000) RuntimeGrid:None EditorOnly:0 RuntimeOnly:0 HLODRelevant:0 ListedInSceneOutliner:1 IsMainWorldOnly:0
 |   |   |- [+] [ 15]
 |   |   |   |- Guid:7F8946B14604BF59E8E9B0BD85D20411 BaseClass: NativeClass:/Script/Engine.PointLight Name:PointLight_UAID_E8808871396DF32002_1810998081 Label:PointLight2 SpatiallyLoaded:1 Bounds:IsValid=true, Min=(X=-1600.000 Y=-1250.000 Z=-1750.000), Max=(X=2400.000 Y=2750.000 Z=2250.000) RuntimeGrid:None EditorOnly:0 RuntimeOnly:0 HLODRelevant:0 ListedInSceneOutliner:1 IsMainWorldOnly:0
 |   |   |- [+] [ 16]
 |   |   |   |- Guid:849E1F4F4768339F7B2E2895DEA2035B BaseClass: NativeClass:/Script/Engine.StaticMeshActor Name:StaticMeshActor_UAID_E8808871396DF32002_1173993062 Label:SM_Bld_Castle_Floor_Stone_6 SpatiallyLoaded:1 Bounds:IsValid=true, Min=(X=496.520 Y=0.000 Z=-0.104), Max=(X=525.000 Y=500.000 Z=500.000) RuntimeGrid:None EditorOnly:0 RuntimeOnly:0 HLODRelevant:1 ListedInSceneOutliner:1 IsMainWorldOnly:0
 |   |   |- [+] [ 17]
 |   |   |   |- Guid:905419054AB85062F36460A6AF422F7E BaseClass: NativeClass:/Script/Engine.StaticMeshActor Name:StaticMeshActor_UAID_E8808871396DF42002_1637844272 Label:SM_Bld_Castle_Floor_Stone_12 SpatiallyLoaded:1 Bounds:IsValid=true, Min=(X=496.520 Y=500.000 Z=-0.104), Max=(X=525.000 Y=1000.000 Z=500.000) RuntimeGrid:None EditorOnly:0 RuntimeOnly:0 HLODRelevant:1 ListedInSceneOutliner:1 IsMainWorldOnly:0
 |   |   |- [+] [ 18]
 |   |   |   |- Guid:92EAAE6147A110AFA32D0B89D74C06AF BaseClass: NativeClass:/Script/Engine.StaticMeshActor Name:StaticMeshActor_UAID_E8808871396DF32002_1147579061 Label:SM_Bld_Castle_Floor_Stone_5 SpatiallyLoaded:1 Bounds:IsValid=true, Min=(X=-0.000 Y=996.520 Z=-0.104), Max=(X=500.000 Y=1025.000 Z=500.000) RuntimeGrid:None EditorOnly:0 RuntimeOnly:0 HLODRelevant:1 ListedInSceneOutliner:1 IsMainWorldOnly:0
 |   |   |- [+] [ 19]
 |   |   |   |- Guid:A5B78EE84E59D4290A6FB88895E11508 BaseClass: NativeClass:/Script/Engine.PointLight Name:PointLight_UAID_E8808871396DF32002_1706056078 Label:PointLight SpatiallyLoaded:1 Bounds:IsValid=true, Min=(X=-1550.000 Y=-1750.000 Z=-1750.000), Max=(X=2450.000 Y=2250.000 Z=2250.000) RuntimeGrid:None EditorOnly:0 RuntimeOnly:0 HLODRelevant:0 ListedInSceneOutliner:1 IsMainWorldOnly:0
 |   |   |- [+] [ 20]
 |   |   |   |- Guid:AA78EFDD4408014F16FF0987A8492539 BaseClass: NativeClass:/Script/Engine.StaticMeshActor Name:StaticMeshActor_UAID_E8808871396DF32002_1100754058 Label:SM_Bld_Castle_Floor_Stone_2 SpatiallyLoaded:1 Bounds:IsValid=true, Min=(X=-0.104 Y=0.000 Z=-25.000), Max=(X=500.000 Y=500.000 Z=3.480) RuntimeGrid:None EditorOnly:0 RuntimeOnly:0 HLODRelevant:1 ListedInSceneOutliner:1 IsMainWorldOnly:0
 |   |   |- [+] [ 21]
 |   |   |   |- Guid:AE6312944788E146268764A301B9857F BaseClass: NativeClass:/Script/Engine.StaticMeshActor Name:StaticMeshActor_UAID_E8808871396DF42002_1540529270 Label:SM_Bld_Castle_Floor_Stone_4 SpatiallyLoaded:1 Bounds:IsValid=true, Min=(X=-0.104 Y=750.000 Z=-25.000), Max=(X=500.000 Y=1000.000 Z=3.480) RuntimeGrid:None EditorOnly:0 RuntimeOnly:0 HLODRelevant:1 ListedInSceneOutliner:1 IsMainWorldOnly:0
 |   |   |- [+] [ 22]
 |   |   |   |- Guid:B2B47C02423FAA0F7DE57B95579C6142 BaseClass: NativeClass:/Script/Engine.StaticMeshActor Name:StaticMeshActor_UAID_E8808871396DF42002_1216147265 Label:SM_Prop_Torch_6 SpatiallyLoaded:1 Bounds:IsValid=true, Min=(X=238.016 Y=-482.917 Z=270.200), Max=(X=261.984 Y=-441.812 Z=334.904) RuntimeGrid:None EditorOnly:0 RuntimeOnly:0 HLODRelevant:1 ListedInSceneOutliner:1 IsMainWorldOnly:0
 |   |   |- [+] [ 23]
 |   |   |   |- Guid:CBC084CB4EA4ABB5E9DF7BA3907BCA70 BaseClass:/Game/PolygonFantasyKingdom/BP/BP_Bounds.BP_Bounds_C NativeClass:/Script/Engine.Actor Name:BP_Bounds_C_UAID_0A002700000DE42102_1361495471 Label:BP_Bounds SpatiallyLoaded:1 Bounds:IsValid=true, Min=(X=-37.962 Y=-559.320 Z=-360.640), Max=(X=3.962 Y=1069.320 Z=500.640) RuntimeGrid:None EditorOnly:0 RuntimeOnly:0 HLODRelevant:0 ListedInSceneOutliner:1 IsMainWorldOnly:0
 |   |   |- [+] [ 24]
 |   |   |   |- Guid:E0B1FBA242F54BC1A65387AF3556C5FD BaseClass:/Game/PolygonFantasyKingdom/BP/portal/BP_Gate.BP_Gate_C NativeClass:/Script/Engine.Actor Name:BP_Gate_C_UAID_0A002700000D4C2202_1783858810 Label:BP_Gate2 SpatiallyLoaded:1 Bounds:IsValid=true, Min=(X=339.440 Y=-488.800 Z=446.880), Max=(X=520.560 Y=8.800 Z=473.120) RuntimeGrid:None EditorOnly:0 RuntimeOnly:0 HLODRelevant:0 ListedInSceneOutliner:1 IsMainWorldOnly:0
 |   |   |- [+] [ 25]
 |   |   |   |- Guid:E99F1BEA419351724FF38DA94896C652 BaseClass: NativeClass:/Script/Engine.StaticMeshActor Name:StaticMeshActor_UAID_E8808871396DF32002_1404156067 Label:SM_Bld_Stairs_Straight_Wide_01 SpatiallyLoaded:1 Bounds:IsValid=true, Min=(X=349.999 Y=-552.223 Z=-502.223), Max=(X=548.600 Y=452.223 Z=502.223) RuntimeGrid:None EditorOnly:0 RuntimeOnly:0 HLODRelevant:1 ListedInSceneOutliner:1 IsMainWorldOnly:0
 |- ContainerInstances:
 |- [+] MainContainer:
 |   |-        ID: 00000000000000000000000000000000
 |   |-  ParentID: 00000000000000000000000000000000
 |   |-    Bounds: IsValid=true, Min=(X=-1750.000 Y=-2450.000 Z=-1750.000), Max=(X=2450.000 Y=2950.000 Z=2300.000)
 |   |- Transform: 0.000000,0.000000,0.000000|0.000000,0.000000,-0.000000|1.000000,1.000000,1.000000
 |   |- Container: /Game/PolygonFantasyKingdom/Maps/room_up_move___stop2
----------------------------------------------------------------------------------------------------------------
room_up_move___stop2 - Persistent Level
----------------------------------------------------------------------------------------------------------------
[+] Content of room_up_move___stop2 Persistent Level
 |- Always loaded Actor Count: 2 
 |- Actor Path: /Game/PolygonFantasyKingdom/Maps/UEDPIE_0_room_up_move___stop2.room_up_move___stop2:PersistentLevel.PlayerStart_UAID_0A002700000DE02102_1528765768
 |- Actor Package: /Game/PolygonFantasyKingdom/Maps/UEDPIE_0_room_up_move___stop2_InstanceOf_/Game/__ExternalActors__/PolygonFantasyKingdom/Maps/room_up_move___stop2/5/66/U7JKI94178HFHKU53WH519
 |- Actor Path: /Game/PolygonFantasyKingdom/Maps/UEDPIE_0_room_up_move___stop2.room_up_move___stop2:PersistentLevel.WorldDataLayers
 |- Actor Package: /Game/__ExternalActors__/PolygonFantasyKingdom/Maps/room_up_move___stop2/A/VC/GZZI4D75RYI3T5G1IZIKML

----------------------------------------------------------------------------------------------------------------
room_up_move___stop2 - Runtime Hash Set
----------------------------------------------------------------------------------------------------------------
[+] Content of Cell room_up_move___stop2_MainGrid_0_0_0_0 (2FX9UCN99Y5AWLD5O5SYXNPQX)
 |- Actor Count: 10
 |- [+] /Game/PolygonFantasyKingdom/Maps/UEDPIE_0_room_up_move___stop2.room_up_move___stop2:PersistentLevel.StaticMeshActor_UAID_E8808871396DF42002_1164479263
 |   |-         Package: /Game/__ExternalActors__/PolygonFantasyKingdom/Maps/room_up_move___stop2/5/IP/Y9CVXWGXPVSVQJA7AAK2VO
 |   |-     Editor Only: 0
 |   |-   Instance Guid: 237B1E5846938F5D05C06C9B663A607E
 |   |- [+] Container:
 |   |   |-        ID: 00000000000000000000000000000000
 |   |   |- Transform: 0.000000,0.000000,0.000000|0.000000,0.000000,-0.000000|1.000000,1.000000,1.000000
 |- [+] /Game/PolygonFantasyKingdom/Maps/UEDPIE_0_room_up_move___stop2.room_up_move___stop2:PersistentLevel.StaticMeshActor_UAID_E8808871396DF42002_1217964266
 |   |-         Package: /Game/__ExternalActors__/PolygonFantasyKingdom/Maps/room_up_move___stop2/0/O4/LYFFS1J3PSXSJIV0A0R6WS
 |   |-     Editor Only: 0
 |   |-   Instance Guid: 29DC8BF54125E64FC5CFD4888C97753C
 |   |- [+] Container:
 |   |   |-        ID: 00000000000000000000000000000000
 |   |   |- Transform: 0.000000,0.000000,0.000000|0.000000,0.000000,-0.000000|1.000000,1.000000,1.000000
 |- [+] /Game/PolygonFantasyKingdom/Maps/UEDPIE_0_room_up_move___stop2.room_up_move___stop2:PersistentLevel.StaticMeshActor_UAID_E8808871396DF32002_1670216077
 |   |-         Package: /Game/__ExternalActors__/PolygonFantasyKingdom/Maps/room_up_move___stop2/D/EL/OW71OGPVE5WHMJ2KTEO9SZ
 |   |-     Editor Only: 0
 |   |-   Instance Guid: 581C734D416C86F4F7DD23A9B518334A
 |   |- [+] Container:
 |   |   |-        ID: 00000000000000000000000000000000
 |   |   |- Transform: 0.000000,0.000000,0.000000|0.000000,0.000000,-0.000000|1.000000,1.000000,1.000000
 |- [+] /Game/PolygonFantasyKingdom/Maps/UEDPIE_0_room_up_move___stop2.room_up_move___stop2:PersistentLevel.PointLight_UAID_E8808871396DF42002_1181752264
 |   |-         Package: /Game/__ExternalActors__/PolygonFantasyKingdom/Maps/room_up_move___stop2/6/H2/HV0W04ON9NLQ9ZOO2Q780T
 |   |-     Editor Only: 0
 |   |-   Instance Guid: 610794144457EF903124EDB8BB6348DE
 |   |- [+] Container:
 |   |   |-        ID: 00000000000000000000000000000000
 |   |   |- Transform: 0.000000,0.000000,0.000000|0.000000,0.000000,-0.000000|1.000000,1.000000,1.000000
 |- [+] /Game/PolygonFantasyKingdom/Maps/UEDPIE_0_room_up_move___stop2.room_up_move___stop2:PersistentLevel.StaticMeshActor_UAID_6C2408545297502202_1110154479
 |   |-         Package: /Game/__ExternalActors__/PolygonFantasyKingdom/Maps/room_up_move___stop2/6/RH/465DNM4P6CPU7WXATM4T0C
 |   |-     Editor Only: 0
 |   |-   Instance Guid: 718B7001446245E1A268DF939C2B805F
 |   |- [+] Container:
 |   |   |-        ID: 00000000000000000000000000000000
 |   |   |- Transform: 0.000000,0.000000,0.000000|0.000000,0.000000,-0.000000|1.000000,1.000000,1.000000
 |- [+] /Game/PolygonFantasyKingdom/Maps/UEDPIE_0_room_up_move___stop2.room_up_move___stop2:PersistentLevel.PointLight_UAID_E8808871396DF32002_1810998081
 |   |-         Package: /Game/__ExternalActors__/PolygonFantasyKingdom/Maps/room_up_move___stop2/7/OL/44T28IJ0RE32WQ8AIX0I5U
 |   |-     Editor Only: 0
 |   |-   Instance Guid: 7F8946B14604BF59E8E9B0BD85D20411
 |   |- [+] Container:
 |   |   |-        ID: 00000000000000000000000000000000
 |   |   |- Transform: 0.000000,0.000000,0.000000|0.000000,0.000000,-0.000000|1.000000,1.000000,1.000000
 |- [+] /Game/PolygonFantasyKingdom/Maps/UEDPIE_0_room_up_move___stop2.room_up_move___stop2:PersistentLevel.StaticMeshActor_UAID_E8808871396DF32002_1173993062
 |   |-         Package: /Game/__ExternalActors__/PolygonFantasyKingdom/Maps/room_up_move___stop2/3/UC/YZ39RP9BOCL3SQVILD440C
 |   |-     Editor Only: 0
 |   |-   Instance Guid: 849E1F4F4768339F7B2E2895DEA2035B
 |   |- [+] Container:
 |   |   |-        ID: 00000000000000000000000000000000
 |   |   |- Transform: 0.000000,0.000000,0.000000|0.000000,0.000000,-0.000000|1.000000,1.000000,1.000000
 |- [+] /Game/PolygonFantasyKingdom/Maps/UEDPIE_0_room_up_move___stop2.room_up_move___stop2:PersistentLevel.StaticMeshActor_UAID_E8808871396DF42002_1637844272
 |   |-         Package: /Game/__ExternalActors__/PolygonFantasyKingdom/Maps/room_up_move___stop2/7/JA/GYDDRNK2KVJPHJQBUFKO6Q
 |   |-     Editor Only: 0
 |   |-   Instance Guid: 905419054AB85062F36460A6AF422F7E
 |   |- [+] Container:
 |   |   |-        ID: 00000000000000000000000000000000
 |   |   |- Transform: 0.000000,0.000000,0.000000|0.000000,0.000000,-0.000000|1.000000,1.000000,1.000000
 |- [+] /Game/PolygonFantasyKingdom/Maps/UEDPIE_0_room_up_move___stop2.room_up_move___stop2:PersistentLevel.StaticMeshActor_UAID_E8808871396DF32002_1147579061
 |   |-         Package: /Game/__ExternalActors__/PolygonFantasyKingdom/Maps/room_up_move___stop2/B/E9/FYPLIXCX46SE01E7HKIKJ8
 |   |-     Editor Only: 0
 |   |-   Instance Guid: 92EAAE6147A110AFA32D0B89D74C06AF
 |   |- [+] Container:
 |   |   |-        ID: 00000000000000000000000000000000
 |   |   |- Transform: 0.000000,0.000000,0.000000|0.000000,0.000000,-0.000000|1.000000,1.000000,1.000000
 |- [+] /Game/PolygonFantasyKingdom/Maps/UEDPIE_0_room_up_move___stop2.room_up_move___stop2:PersistentLevel.PointLight_UAID_E8808871396DF32002_1706056078
 |   |-         Package: /Game/__ExternalActors__/PolygonFantasyKingdom/Maps/room_up_move___stop2/3/X7/5BXMJI71V2SPH8H1CQU3YG
 |   |-     Editor Only: 0
 |   |-   Instance Guid: A5B78EE84E59D4290A6FB88895E11508
 |   |- [+] Container:
 |   |   |-        ID: 00000000000000000000000000000000
 |   |   |- Transform: 0.000000,0.000000,0.000000|0.000000,0.000000,-0.000000|1.000000,1.000000,1.000000
[+] Content of Cell room_up_move___stop2_MainGrid_0_-1_-1_0 (32ZNAYHJ8MPTJHEYCLE14WNZG)
 |- Actor Count: 1
 |- [+] /Game/PolygonFantasyKingdom/Maps/UEDPIE_0_room_up_move___stop2.room_up_move___stop2:PersistentLevel.StaticMeshActor_UAID_E8808871396DF22002_1619271881
 |   |-         Package: /Game/__ExternalActors__/PolygonFantasyKingdom/Maps/room_up_move___stop2/0/LC/3ZRD9ZSATRHGCHSEPZQ0XB
 |   |-     Editor Only: 0
 |   |-   Instance Guid: 0291784F46F8F8E189178B92490F4DCF
 |   |- [+] Container:
 |   |   |-        ID: 00000000000000000000000000000000
 |   |   |- Transform: 0.000000,0.000000,0.000000|0.000000,0.000000,-0.000000|1.000000,1.000000,1.000000
[+] Content of Cell room_up_move___stop2_MainGrid_0_-1_0_0 (A5A58TPUO45VOTDMJWHMCKTU1)
 |- Actor Count: 8
 |- [+] /Game/PolygonFantasyKingdom/Maps/UEDPIE_0_room_up_move___stop2.room_up_move___stop2:PersistentLevel.PointLight_UAID_E8808871396DF32002_2007658085
 |   |-         Package: /Game/__ExternalActors__/PolygonFantasyKingdom/Maps/room_up_move___stop2/9/48/PE9CXOOYCFCQMRKMRE5LMQ
 |   |-     Editor Only: 0
 |   |-   Instance Guid: 0CB67FA047DE19B814A0A8B0C5855F43
 |   |- [+] Container:
 |   |   |-        ID: 00000000000000000000000000000000
 |   |   |- Transform: 0.000000,0.000000,0.000000|0.000000,0.000000,-0.000000|1.000000,1.000000,1.000000
 |- [+] /Game/PolygonFantasyKingdom/Maps/UEDPIE_0_room_up_move___stop2.room_up_move___stop2:PersistentLevel.BP_Gate_C_UAID_0A002700000DEA2102_1510354528
 |   |-         Package: /Game/__ExternalActors__/PolygonFantasyKingdom/Maps/room_up_move___stop2/3/AV/OV28PSO7292SJWP7RQS4BO
 |   |-     Editor Only: 0
 |   |-   Instance Guid: 20D3D4C64859E65922906D9198E1A073
 |   |- [+] Container:
 |   |   |-        ID: 00000000000000000000000000000000
 |   |   |- Transform: 0.000000,0.000000,0.000000|0.000000,0.000000,-0.000000|1.000000,1.000000,1.000000
 |- [+] /Game/PolygonFantasyKingdom/Maps/UEDPIE_0_room_up_move___stop2.room_up_move___stop2:PersistentLevel.StaticMeshActor_UAID_E8808871396DF32002_1283261064
 |   |-         Package: /Game/__ExternalActors__/PolygonFantasyKingdom/Maps/room_up_move___stop2/0/WP/X39C71LVN07FLX6CVWNFR1
 |   |-     Editor Only: 0
 |   |-   Instance Guid: 2BEC91F54AB52C78D7A33BAB272D89F3
 |   |- [+] Container:
 |   |   |-        ID: 00000000000000000000000000000000
 |   |   |- Transform: 0.000000,0.000000,0.000000|0.000000,0.000000,-0.000000|1.000000,1.000000,1.000000
 |- [+] /Game/PolygonFantasyKingdom/Maps/UEDPIE_0_room_up_move___stop2.room_up_move___stop2:PersistentLevel.StaticMeshActor_UAID_E8808871396DF32002_1346531066
 |   |-         Package: /Game/__ExternalActors__/PolygonFantasyKingdom/Maps/room_up_move___stop2/5/9S/35IX0QY6NH4AG82MTJTA42
 |   |-     Editor Only: 0
 |   |-   Instance Guid: 584B4EED47E3A1069C78F7B1DCD6CB7D
 |   |- [+] Container:
 |   |   |-        ID: 00000000000000000000000000000000
 |   |   |- Transform: 0.000000,0.000000,0.000000|0.000000,0.000000,-0.000000|1.000000,1.000000,1.000000
 |- [+] /Game/PolygonFantasyKingdom/Maps/UEDPIE_0_room_up_move___stop2.room_up_move___stop2:PersistentLevel.StaticMeshActor_UAID_E8808871396DF42002_1288873267
 |   |-         Package: /Game/__ExternalActors__/PolygonFantasyKingdom/Maps/room_up_move___stop2/1/LH/33AJ3SHD4O2278LB4DKR24
 |   |-     Editor Only: 0
 |   |-   Instance Guid: 67089BE14FB1E6B8639065A9F26CD7B5
 |   |- [+] Container:
 |   |   |-        ID: 00000000000000000000000000000000
 |   |   |- Transform: 0.000000,0.000000,0.000000|0.000000,0.000000,-0.000000|1.000000,1.000000,1.000000
 |- [+] /Game/PolygonFantasyKingdom/Maps/UEDPIE_0_room_up_move___stop2.room_up_move___stop2:PersistentLevel.StaticMeshActor_UAID_E8808871396DF42002_1216147265
 |   |-         Package: /Game/__ExternalActors__/PolygonFantasyKingdom/Maps/room_up_move___stop2/D/2W/XB0ISQAXCOIB8MLI4YVPRA
 |   |-     Editor Only: 0
 |   |-   Instance Guid: B2B47C02423FAA0F7DE57B95579C6142
 |   |- [+] Container:
 |   |   |-        ID: 00000000000000000000000000000000
 |   |   |- Transform: 0.000000,0.000000,0.000000|0.000000,0.000000,-0.000000|1.000000,1.000000,1.000000
 |- [+] /Game/PolygonFantasyKingdom/Maps/UEDPIE_0_room_up_move___stop2.room_up_move___stop2:PersistentLevel.BP_Gate_C_UAID_0A002700000D4C2202_1783858810
 |   |-         Package: /Game/__ExternalActors__/PolygonFantasyKingdom/Maps/room_up_move___stop2/4/EG/FK4MH6JF7BZ8TQX58IAZBM
 |   |-     Editor Only: 0
 |   |-   Instance Guid: E0B1FBA242F54BC1A65387AF3556C5FD
 |   |- [+] Container:
 |   |   |-        ID: 00000000000000000000000000000000
 |   |   |- Transform: 0.000000,0.000000,0.000000|0.000000,0.000000,-0.000000|1.000000,1.000000,1.000000
 |- [+] /Game/PolygonFantasyKingdom/Maps/UEDPIE_0_room_up_move___stop2.room_up_move___stop2:PersistentLevel.StaticMeshActor_UAID_E8808871396DF32002_1404156067
 |   |-         Package: /Game/__ExternalActors__/PolygonFantasyKingdom/Maps/room_up_move___stop2/D/0C/T3YLOK6EYNHN7LLXWH5F8Y
 |   |-     Editor Only: 0
 |   |-   Instance Guid: E99F1BEA419351724FF38DA94896C652
 |   |- [+] Container:
 |   |   |-        ID: 00000000000000000000000000000000
 |   |   |- Transform: 0.000000,0.000000,0.000000|0.000000,0.000000,-0.000000|1.000000,1.000000,1.000000
[+] Content of Cell room_up_move___stop2_MainGrid_0_0_-1_0 (CY2DWBUCU7VC010R0C55J1WFW)
 |- Actor Count: 3
 |- [+] /Game/PolygonFantasyKingdom/Maps/UEDPIE_0_room_up_move___stop2.room_up_move___stop2:PersistentLevel.StaticMeshActor_UAID_E8808871396DF32002_1109962059
 |   |-         Package: /Game/__ExternalActors__/PolygonFantasyKingdom/Maps/room_up_move___stop2/1/YS/PKL14IZFZK0T9L2ZKBHT2T
 |   |-     Editor Only: 0
 |   |-   Instance Guid: 31E604E14B4E3366A06D488833762DE7
 |   |- [+] Container:
 |   |   |-        ID: 00000000000000000000000000000000
 |   |   |- Transform: 0.000000,0.000000,0.000000|0.000000,0.000000,-0.000000|1.000000,1.000000,1.000000
 |- [+] /Game/PolygonFantasyKingdom/Maps/UEDPIE_0_room_up_move___stop2.room_up_move___stop2:PersistentLevel.StaticMeshActor_UAID_E8808871396DF32002_1100754058
 |   |-         Package: /Game/__ExternalActors__/PolygonFantasyKingdom/Maps/room_up_move___stop2/1/KW/W8GL8JZHJ3YNLI160YNXCQ
 |   |-     Editor Only: 0
 |   |-   Instance Guid: AA78EFDD4408014F16FF0987A8492539
 |   |- [+] Container:
 |   |   |-        ID: 00000000000000000000000000000000
 |   |   |- Transform: 0.000000,0.000000,0.000000|0.000000,0.000000,-0.000000|1.000000,1.000000,1.000000
 |- [+] /Game/PolygonFantasyKingdom/Maps/UEDPIE_0_room_up_move___stop2.room_up_move___stop2:PersistentLevel.StaticMeshActor_UAID_E8808871396DF42002_1540529270
 |   |-         Package: /Game/__ExternalActors__/PolygonFantasyKingdom/Maps/room_up_move___stop2/3/9C/IZ2LR35DFZ4HF8B603M9SZ
 |   |-     Editor Only: 0
 |   |-   Instance Guid: AE6312944788E146268764A301B9857F
 |   |- [+] Container:
 |   |   |-        ID: 00000000000000000000000000000000
 |   |   |- Transform: 0.000000,0.000000,0.000000|0.000000,0.000000,-0.000000|1.000000,1.000000,1.000000
[+] Content of Cell room_up_move___stop2_MainGrid_-1_0_0_0 (EIY9A5Z7E17N0A8CZ3C0T687W)
 |- Actor Count: 2
 |- [+] /Game/PolygonFantasyKingdom/Maps/UEDPIE_0_room_up_move___stop2.room_up_move___stop2:PersistentLevel.BP_RandomGenerator_C_UAID_6C2408545297012302_1617334661
 |   |-         Package: /Game/__ExternalActors__/PolygonFantasyKingdom/Maps/room_up_move___stop2/0/KZ/T46NHEFFV5GDJG8KZPAZBZ
 |   |-     Editor Only: 0
 |   |-   Instance Guid: 217C999A4412F1B1D454388C528DC046
 |   |- [+] Container:
 |   |   |-        ID: 00000000000000000000000000000000
 |   |   |- Transform: 0.000000,0.000000,0.000000|0.000000,0.000000,-0.000000|1.000000,1.000000,1.000000
 |- [+] /Game/PolygonFantasyKingdom/Maps/UEDPIE_0_room_up_move___stop2.room_up_move___stop2:PersistentLevel.BP_Bounds_C_UAID_0A002700000DE42102_1361495471
 |   |-         Package: /Game/__ExternalActors__/PolygonFantasyKingdom/Maps/room_up_move___stop2/D/82/VKTLT2HEZ055NU4NR3GY5K
 |   |-     Editor Only: 0
 |   |-   Instance Guid: CBC084CB4EA4ABB5E9DF7BA3907BCA70
 |   |- [+] Container:
 |   |   |-        ID: 00000000000000000000000000000000
 |   |   |- Transform: 0.000000,0.000000,0.000000|0.000000,0.000000,-0.000000|1.000000,1.000000,1.000000

