[+] Containers:
 |- [+] Container: /Game/Maps/room_up___stop
 |   |- [+] ActorDescs:
 |   |   |- Guid:03342CDC4D210C9D2FCEE9BA2F3059AF BaseClass: NativeClass:/Script/Engine.StaticMeshActor Name:StaticMeshActor_UAID_E8808871396DF42002_1989771273 Label:SM_Bld_Castle_Floor_Stone_13 SpatiallyLoaded:1 Bounds:IsValid=true, Min=(X=-0.000 Y=-503.480 Z=-0.104), Max=(X=500.000 Y=-475.000 Z=500.000) RuntimeGrid:None EditorOnly:0 RuntimeOnly:0 HLODRelevant:1 ListedInSceneOutliner:1 IsMainWorldOnly:0
 |   |   |- Guid:12125DEE4294B875965C028F0CC96315 BaseClass: NativeClass:/Script/Engine.StaticMeshActor Name:StaticMeshActor_UAID_6C2408545297502202_1525132489 Label:SM_Wep_Siege_Tower_01_Static SpatiallyLoaded:1 Bounds:IsValid=true, Min=(X=199.564 Y=71.416 Z=-0.100), Max=(X=260.436 Y=125.381 Z=145.680) RuntimeGrid:None EditorOnly:0 RuntimeOnly:0 HLODRelevant:1 ListedInSceneOutliner:1 IsMainWorldOnly:0
 |   |   |- Guid:18550A4741BA51C5CD06359450F6C5E1 BaseClass: NativeClass:/Script/Engine.StaticMeshActor Name:StaticMeshActor_UAID_0A002700000D332202_1493233378 Label:SM_Bld_Stairs_Straight_Wide_01 SpatiallyLoaded:1 Bounds:IsValid=true, Min=(X=349.999 Y=-552.223 Z=-502.223), Max=(X=548.600 Y=452.223 Z=502.223) RuntimeGrid:None EditorOnly:0 RuntimeOnly:0 HLODRelevant:1 ListedInSceneOutliner:1 IsMainWorldOnly:0
 |   |   |- Guid:194103E74C45325B81D9C3AF1C5B0B7F BaseClass: NativeClass:/Script/Engine.PlayerStart Name:PlayerStart_UAID_0A002700000D1E2202_1702406687 Label:PlayerStart SpatiallyLoaded:0 Bounds:IsValid=true, Min=(X=360.000 Y=10.000 Z=18.000), Max=(X=440.000 Y=90.000 Z=202.000) RuntimeGrid:None EditorOnly:0 RuntimeOnly:0 HLODRelevant:0 ListedInSceneOutliner:1 IsMainWorldOnly:0
 |   |   |- Guid:2017D198498220308B28FD99278EDC9E BaseClass: NativeClass:/Script/Engine.StaticMeshActor Name:StaticMeshActor_UAID_E8808871396DF42002_1637844272 Label:SM_Bld_Castle_Floor_Stone_12 SpatiallyLoaded:1 Bounds:IsValid=true, Min=(X=496.520 Y=500.000 Z=-0.104), Max=(X=525.000 Y=1000.000 Z=500.000) RuntimeGrid:None EditorOnly:0 RuntimeOnly:0 HLODRelevant:1 ListedInSceneOutliner:1 IsMainWorldOnly:0
 |   |   |- Guid:20CEF879428BE5E55D6102A68F47844B BaseClass: NativeClass:/Script/Engine.StaticMeshActor Name:StaticMeshActor_UAID_E8808871396DF22002_1619271881 Label:SM_Bld_Castle_Floor_Stone_01 SpatiallyLoaded:1 Bounds:IsValid=true, Min=(X=-0.104 Y=-500.000 Z=-25.000), Max=(X=500.000 Y=0.000 Z=3.480) RuntimeGrid:None EditorOnly:0 RuntimeOnly:0 HLODRelevant:1 ListedInSceneOutliner:1 IsMainWorldOnly:0
 |   |   |- Guid:2946478941EB0187042A6A8530CF7743 BaseClass: NativeClass:/Script/Engine.StaticMeshActor Name:StaticMeshActor_UAID_E8808871396DF42002_1288873267 Label:SM_Bld_Castle_Floor_Stone_11 SpatiallyLoaded:1 Bounds:IsValid=true, Min=(X=496.520 Y=-500.000 Z=-0.104), Max=(X=525.000 Y=0.000 Z=500.000) RuntimeGrid:None EditorOnly:0 RuntimeOnly:0 HLODRelevant:1 ListedInSceneOutliner:1 IsMainWorldOnly:0
 |   |   |- Guid:3C302328470479E5C98E429B4ECE4F29 BaseClass:/Game/Blueprint/Portals/BP_Bounds.BP_Bounds_C NativeClass:/Script/Engine.Actor Name:BP_Bounds_C_UAID_0A002700000D1F2202_1513028886 Label:BP_Bounds SpatiallyLoaded:1 Bounds:IsValid=true, Min=(X=-29.575 Y=-479.120 Z=-17.840), Max=(X=9.575 Y=999.120 Z=537.840) RuntimeGrid:None EditorOnly:0 RuntimeOnly:0 HLODRelevant:0 ListedInSceneOutliner:1 IsMainWorldOnly:0
 |   |   |- Guid:4057F8474EB41055BB5F68845DB4842D BaseClass: NativeClass:/Script/Engine.StaticMeshActor Name:StaticMeshActor_UAID_E8808871396DF42002_1164479263 Label:SM_Prop_Torch_5 SpatiallyLoaded:1 Bounds:IsValid=true, Min=(X=461.812 Y=738.016 Z=220.200), Max=(X=502.917 Y=761.984 Z=284.904) RuntimeGrid:None EditorOnly:0 RuntimeOnly:0 HLODRelevant:1 ListedInSceneOutliner:1 IsMainWorldOnly:0
 |   |   |- Guid:40AEDCD14A4E06D48199F792A5393B9D BaseClass: NativeClass:/Script/Engine.StaticMeshActor Name:StaticMeshActor_UAID_E8808871396DF42002_1216147265 Label:SM_Prop_Torch_6 SpatiallyLoaded:1 Bounds:IsValid=true, Min=(X=238.016 Y=-482.917 Z=270.200), Max=(X=261.984 Y=-441.812 Z=334.904) RuntimeGrid:None EditorOnly:0 RuntimeOnly:0 HLODRelevant:1 ListedInSceneOutliner:1 IsMainWorldOnly:0
 |   |   |- Guid:43C14AA94749DCF358B15A85C0345206 BaseClass: NativeClass:/Script/Engine.PointLight Name:PointLight_UAID_E8808871396DF32002_1706056078 Label:PointLight SpatiallyLoaded:1 Bounds:IsValid=true, Min=(X=-1550.000 Y=-1750.000 Z=-1750.000), Max=(X=2450.000 Y=2250.000 Z=2250.000) RuntimeGrid:None EditorOnly:0 RuntimeOnly:0 HLODRelevant:0 ListedInSceneOutliner:1 IsMainWorldOnly:0
 |   |   |- Guid:48DF95E04910E3CBFA366AA48C0CD517 BaseClass: NativeClass:/Script/Engine.StaticMeshActor Name:StaticMeshActor_UAID_E8808871396DF32002_1670216077 Label:SM_Prop_Torch_3 SpatiallyLoaded:1 Bounds:IsValid=true, Min=(X=461.812 Y=238.016 Z=220.200), Max=(X=502.917 Y=261.984 Z=284.904) RuntimeGrid:None EditorOnly:0 RuntimeOnly:0 HLODRelevant:1 ListedInSceneOutliner:1 IsMainWorldOnly:0
 |   |   |- Guid:559F2213404437751135F7B73DF793B0 BaseClass: NativeClass:/Script/Engine.PointLight Name:PointLight_UAID_E8808871396DF32002_2007658085 Label:PointLight3 SpatiallyLoaded:1 Bounds:IsValid=true, Min=(X=-1750.000 Y=-2450.000 Z=-1700.000), Max=(X=2250.000 Y=1550.000 Z=2300.000) RuntimeGrid:None EditorOnly:0 RuntimeOnly:0 HLODRelevant:0 ListedInSceneOutliner:1 IsMainWorldOnly:0
 |   |   |- Guid:565209094F43BF7A719B3E9F21E49FE2 BaseClass: NativeClass:/Script/Engine.StaticMeshActor Name:StaticMeshActor_UAID_E8808871396DF32002_1173993062 Label:SM_Bld_Castle_Floor_Stone_6 SpatiallyLoaded:1 Bounds:IsValid=true, Min=(X=496.520 Y=0.000 Z=-0.104), Max=(X=525.000 Y=500.000 Z=500.000) RuntimeGrid:None EditorOnly:0 RuntimeOnly:0 HLODRelevant:1 ListedInSceneOutliner:1 IsMainWorldOnly:0
 |   |   |- Guid:6419D5D64FAF6478CF376B9B4B9036F8 BaseClass: NativeClass:/Script/Engine.StaticMeshActor Name:StaticMeshActor_UAID_E8808871396DF32002_1404156067 Label:SM_Bld_Stairs_Straight_Wide_01 SpatiallyLoaded:1 Bounds:IsValid=true, Min=(X=349.999 Y=-500.000 Z=0.000), Max=(X=500.000 Y=0.001 Z=497.385) RuntimeGrid:None EditorOnly:0 RuntimeOnly:0 HLODRelevant:1 ListedInSceneOutliner:1 IsMainWorldOnly:0
 |   |   |- Guid:7E8481C046CFC88804775E807B81B209 BaseClass: NativeClass:/Script/Engine.StaticMeshActor Name:StaticMeshActor_UAID_E8808871396DF32002_1100754058 Label:SM_Bld_Castle_Floor_Stone_2 SpatiallyLoaded:1 Bounds:IsValid=true, Min=(X=-0.104 Y=0.000 Z=-25.000), Max=(X=500.000 Y=500.000 Z=3.480) RuntimeGrid:None EditorOnly:0 RuntimeOnly:0 HLODRelevant:1 ListedInSceneOutliner:1 IsMainWorldOnly:0
 |   |   |- Guid:94AAB5C24C71C12F9EE2D5A52AB5835B BaseClass: NativeClass:/Script/Engine.WorldDataLayers Name:WorldDataLayers Label:WorldDataLayers SpatiallyLoaded:0 Bounds:Invalid RuntimeGrid:None EditorOnly:0 RuntimeOnly:0 HLODRelevant:0 ListedInSceneOutliner:1 IsMainWorldOnly:1
 |   |   |- Guid:96C70A224E4F5F9E11E8F6B99CA0F573 BaseClass:/Game/Blueprint/Portals/Item/BP_RandomGenerator.BP_RandomGenerator_C NativeClass:/Script/Engine.Actor Name:BP_RandomGenerator_C_UAID_6C2408545297012302_1564993650 Label:BP_RandomGenerator SpatiallyLoaded:1 Bounds:IsValid=true, Min=(X=450.000 Y=380.000 Z=0.000), Max=(X=450.000 Y=380.000 Z=0.000) RuntimeGrid:None EditorOnly:0 RuntimeOnly:0 HLODRelevant:0 ListedInSceneOutliner:1 IsMainWorldOnly:0
 |   |   |- Guid:9CB0928A401780AC8CAD72830D9A828D BaseClass: NativeClass:/Script/Engine.StaticMeshActor Name:StaticMeshActor_UAID_E8808871396DF32002_1109962059 Label:SM_Bld_Castle_Floor_Stone_3 SpatiallyLoaded:1 Bounds:IsValid=true, Min=(X=-0.104 Y=500.000 Z=-25.000), Max=(X=500.000 Y=750.000 Z=3.480) RuntimeGrid:None EditorOnly:0 RuntimeOnly:0 HLODRelevant:1 ListedInSceneOutliner:1 IsMainWorldOnly:0
 |   |   |- Guid:A5DBC52844FC3A8303B35D9C99F18FE7 BaseClass: NativeClass:/Script/Engine.PointLight Name:PointLight_UAID_E8808871396DF32002_1810998081 Label:PointLight2 SpatiallyLoaded:1 Bounds:IsValid=true, Min=(X=-1600.000 Y=-1250.000 Z=-1750.000), Max=(X=2400.000 Y=2750.000 Z=2250.000) RuntimeGrid:None EditorOnly:0 RuntimeOnly:0 HLODRelevant:0 ListedInSceneOutliner:1 IsMainWorldOnly:0
 |   |   |- Guid:B8CD64B84DC1A74191E4A29917D6B37A BaseClass: NativeClass:/Script/Engine.StaticMeshActor Name:StaticMeshActor_UAID_E8808871396DF32002_1147579061 Label:SM_Bld_Castle_Floor_Stone_5 SpatiallyLoaded:1 Bounds:IsValid=true, Min=(X=-0.000 Y=996.520 Z=-0.104), Max=(X=500.000 Y=1025.000 Z=500.000) RuntimeGrid:None EditorOnly:0 RuntimeOnly:0 HLODRelevant:1 ListedInSceneOutliner:1 IsMainWorldOnly:0
 |   |   |- Guid:CF3345DD4243A98B15B421A72D246DBC BaseClass: NativeClass:/Script/Engine.StaticMeshActor Name:StaticMeshActor_UAID_E8808871396DF42002_1217964266 Label:SM_Prop_Torch_7 SpatiallyLoaded:1 Bounds:IsValid=true, Min=(X=238.016 Y=961.812 Z=270.200), Max=(X=261.984 Y=1002.917 Z=334.904) RuntimeGrid:None EditorOnly:0 RuntimeOnly:0 HLODRelevant:1 ListedInSceneOutliner:1 IsMainWorldOnly:0
 |   |   |- Guid:E584D2734100F8C4205DA7A13473EF95 BaseClass: NativeClass:/Script/Engine.StaticMeshActor Name:StaticMeshActor_UAID_E8808871396DF42002_1540529270 Label:SM_Bld_Castle_Floor_Stone_4 SpatiallyLoaded:1 Bounds:IsValid=true, Min=(X=-0.104 Y=750.000 Z=-25.000), Max=(X=500.000 Y=1000.000 Z=3.480) RuntimeGrid:None EditorOnly:0 RuntimeOnly:0 HLODRelevant:1 ListedInSceneOutliner:1 IsMainWorldOnly:0
 |   |   |- Guid:E758439C4996483098396FBFFA2F6AB1 BaseClass: NativeClass:/Script/Engine.PointLight Name:PointLight_UAID_E8808871396DF42002_1181752264 Label:PointLight4 SpatiallyLoaded:1 Bounds:IsValid=true, Min=(X=-1750.000 Y=-1050.000 Z=-1700.000), Max=(X=2250.000 Y=2950.000 Z=2300.000) RuntimeGrid:None EditorOnly:0 RuntimeOnly:0 HLODRelevant:0 ListedInSceneOutliner:1 IsMainWorldOnly:0
 |   |   |- Guid:F85C49174001CFD6749DF382121B42B1 BaseClass:/Game/Blueprint/Portals/portal/BP_Gate.BP_Gate_C NativeClass:/Script/Engine.Actor Name:BP_Gate_C_UAID_0A002700000D4C2202_1870285822 Label:BP_Gate2 SpatiallyLoaded:1 Bounds:IsValid=true, Min=(X=339.440 Y=-488.800 Z=446.880), Max=(X=520.560 Y=8.800 Z=473.120) RuntimeGrid:None EditorOnly:0 RuntimeOnly:0 HLODRelevant:0 ListedInSceneOutliner:1 IsMainWorldOnly:0
 |   |- [+] Clusters:
 |   |   |- [+] [  0]
 |   |   |   |- Guid:03342CDC4D210C9D2FCEE9BA2F3059AF BaseClass: NativeClass:/Script/Engine.StaticMeshActor Name:StaticMeshActor_UAID_E8808871396DF42002_1989771273 Label:SM_Bld_Castle_Floor_Stone_13 SpatiallyLoaded:1 Bounds:IsValid=true, Min=(X=-0.000 Y=-503.480 Z=-0.104), Max=(X=500.000 Y=-475.000 Z=500.000) RuntimeGrid:None EditorOnly:0 RuntimeOnly:0 HLODRelevant:1 ListedInSceneOutliner:1 IsMainWorldOnly:0
 |   |   |- [+] [  1]
 |   |   |   |- Guid:12125DEE4294B875965C028F0CC96315 BaseClass: NativeClass:/Script/Engine.StaticMeshActor Name:StaticMeshActor_UAID_6C2408545297502202_1525132489 Label:SM_Wep_Siege_Tower_01_Static SpatiallyLoaded:1 Bounds:IsValid=true, Min=(X=199.564 Y=71.416 Z=-0.100), Max=(X=260.436 Y=125.381 Z=145.680) RuntimeGrid:None EditorOnly:0 RuntimeOnly:0 HLODRelevant:1 ListedInSceneOutliner:1 IsMainWorldOnly:0
 |   |   |- [+] [  2]
 |   |   |   |- Guid:18550A4741BA51C5CD06359450F6C5E1 BaseClass: NativeClass:/Script/Engine.StaticMeshActor Name:StaticMeshActor_UAID_0A002700000D332202_1493233378 Label:SM_Bld_Stairs_Straight_Wide_01 SpatiallyLoaded:1 Bounds:IsValid=true, Min=(X=349.999 Y=-552.223 Z=-502.223), Max=(X=548.600 Y=452.223 Z=502.223) RuntimeGrid:None EditorOnly:0 RuntimeOnly:0 HLODRelevant:1 ListedInSceneOutliner:1 IsMainWorldOnly:0
 |   |   |- [+] [  3]
 |   |   |   |- Guid:194103E74C45325B81D9C3AF1C5B0B7F BaseClass: NativeClass:/Script/Engine.PlayerStart Name:PlayerStart_UAID_0A002700000D1E2202_1702406687 Label:PlayerStart SpatiallyLoaded:0 Bounds:IsValid=true, Min=(X=360.000 Y=10.000 Z=18.000), Max=(X=440.000 Y=90.000 Z=202.000) RuntimeGrid:None EditorOnly:0 RuntimeOnly:0 HLODRelevant:0 ListedInSceneOutliner:1 IsMainWorldOnly:0
 |   |   |- [+] [  4]
 |   |   |   |- Guid:2017D198498220308B28FD99278EDC9E BaseClass: NativeClass:/Script/Engine.StaticMeshActor Name:StaticMeshActor_UAID_E8808871396DF42002_1637844272 Label:SM_Bld_Castle_Floor_Stone_12 SpatiallyLoaded:1 Bounds:IsValid=true, Min=(X=496.520 Y=500.000 Z=-0.104), Max=(X=525.000 Y=1000.000 Z=500.000) RuntimeGrid:None EditorOnly:0 RuntimeOnly:0 HLODRelevant:1 ListedInSceneOutliner:1 IsMainWorldOnly:0
 |   |   |- [+] [  5]
 |   |   |   |- Guid:20CEF879428BE5E55D6102A68F47844B BaseClass: NativeClass:/Script/Engine.StaticMeshActor Name:StaticMeshActor_UAID_E8808871396DF22002_1619271881 Label:SM_Bld_Castle_Floor_Stone_01 SpatiallyLoaded:1 Bounds:IsValid=true, Min=(X=-0.104 Y=-500.000 Z=-25.000), Max=(X=500.000 Y=0.000 Z=3.480) RuntimeGrid:None EditorOnly:0 RuntimeOnly:0 HLODRelevant:1 ListedInSceneOutliner:1 IsMainWorldOnly:0
 |   |   |- [+] [  6]
 |   |   |   |- Guid:2946478941EB0187042A6A8530CF7743 BaseClass: NativeClass:/Script/Engine.StaticMeshActor Name:StaticMeshActor_UAID_E8808871396DF42002_1288873267 Label:SM_Bld_Castle_Floor_Stone_11 SpatiallyLoaded:1 Bounds:IsValid=true, Min=(X=496.520 Y=-500.000 Z=-0.104), Max=(X=525.000 Y=0.000 Z=500.000) RuntimeGrid:None EditorOnly:0 RuntimeOnly:0 HLODRelevant:1 ListedInSceneOutliner:1 IsMainWorldOnly:0
 |   |   |- [+] [  7]
 |   |   |   |- Guid:3C302328470479E5C98E429B4ECE4F29 BaseClass:/Game/Blueprint/Portals/BP_Bounds.BP_Bounds_C NativeClass:/Script/Engine.Actor Name:BP_Bounds_C_UAID_0A002700000D1F2202_1513028886 Label:BP_Bounds SpatiallyLoaded:1 Bounds:IsValid=true, Min=(X=-29.575 Y=-479.120 Z=-17.840), Max=(X=9.575 Y=999.120 Z=537.840) RuntimeGrid:None EditorOnly:0 RuntimeOnly:0 HLODRelevant:0 ListedInSceneOutliner:1 IsMainWorldOnly:0
 |   |   |- [+] [  8]
 |   |   |   |- Guid:4057F8474EB41055BB5F68845DB4842D BaseClass: NativeClass:/Script/Engine.StaticMeshActor Name:StaticMeshActor_UAID_E8808871396DF42002_1164479263 Label:SM_Prop_Torch_5 SpatiallyLoaded:1 Bounds:IsValid=true, Min=(X=461.812 Y=738.016 Z=220.200), Max=(X=502.917 Y=761.984 Z=284.904) RuntimeGrid:None EditorOnly:0 RuntimeOnly:0 HLODRelevant:1 ListedInSceneOutliner:1 IsMainWorldOnly:0
 |   |   |- [+] [  9]
 |   |   |   |- Guid:40AEDCD14A4E06D48199F792A5393B9D BaseClass: NativeClass:/Script/Engine.StaticMeshActor Name:StaticMeshActor_UAID_E8808871396DF42002_1216147265 Label:SM_Prop_Torch_6 SpatiallyLoaded:1 Bounds:IsValid=true, Min=(X=238.016 Y=-482.917 Z=270.200), Max=(X=261.984 Y=-441.812 Z=334.904) RuntimeGrid:None EditorOnly:0 RuntimeOnly:0 HLODRelevant:1 ListedInSceneOutliner:1 IsMainWorldOnly:0
 |   |   |- [+] [ 10]
 |   |   |   |- Guid:43C14AA94749DCF358B15A85C0345206 BaseClass: NativeClass:/Script/Engine.PointLight Name:PointLight_UAID_E8808871396DF32002_1706056078 Label:PointLight SpatiallyLoaded:1 Bounds:IsValid=true, Min=(X=-1550.000 Y=-1750.000 Z=-1750.000), Max=(X=2450.000 Y=2250.000 Z=2250.000) RuntimeGrid:None EditorOnly:0 RuntimeOnly:0 HLODRelevant:0 ListedInSceneOutliner:1 IsMainWorldOnly:0
 |   |   |- [+] [ 11]
 |   |   |   |- Guid:48DF95E04910E3CBFA366AA48C0CD517 BaseClass: NativeClass:/Script/Engine.StaticMeshActor Name:StaticMeshActor_UAID_E8808871396DF32002_1670216077 Label:SM_Prop_Torch_3 SpatiallyLoaded:1 Bounds:IsValid=true, Min=(X=461.812 Y=238.016 Z=220.200), Max=(X=502.917 Y=261.984 Z=284.904) RuntimeGrid:None EditorOnly:0 RuntimeOnly:0 HLODRelevant:1 ListedInSceneOutliner:1 IsMainWorldOnly:0
 |   |   |- [+] [ 12]
 |   |   |   |- Guid:559F2213404437751135F7B73DF793B0 BaseClass: NativeClass:/Script/Engine.PointLight Name:PointLight_UAID_E8808871396DF32002_2007658085 Label:PointLight3 SpatiallyLoaded:1 Bounds:IsValid=true, Min=(X=-1750.000 Y=-2450.000 Z=-1700.000), Max=(X=2250.000 Y=1550.000 Z=2300.000) RuntimeGrid:None EditorOnly:0 RuntimeOnly:0 HLODRelevant:0 ListedInSceneOutliner:1 IsMainWorldOnly:0
 |   |   |- [+] [ 13]
 |   |   |   |- Guid:565209094F43BF7A719B3E9F21E49FE2 BaseClass: NativeClass:/Script/Engine.StaticMeshActor Name:StaticMeshActor_UAID_E8808871396DF32002_1173993062 Label:SM_Bld_Castle_Floor_Stone_6 SpatiallyLoaded:1 Bounds:IsValid=true, Min=(X=496.520 Y=0.000 Z=-0.104), Max=(X=525.000 Y=500.000 Z=500.000) RuntimeGrid:None EditorOnly:0 RuntimeOnly:0 HLODRelevant:1 ListedInSceneOutliner:1 IsMainWorldOnly:0
 |   |   |- [+] [ 14]
 |   |   |   |- Guid:6419D5D64FAF6478CF376B9B4B9036F8 BaseClass: NativeClass:/Script/Engine.StaticMeshActor Name:StaticMeshActor_UAID_E8808871396DF32002_1404156067 Label:SM_Bld_Stairs_Straight_Wide_01 SpatiallyLoaded:1 Bounds:IsValid=true, Min=(X=349.999 Y=-500.000 Z=0.000), Max=(X=500.000 Y=0.001 Z=497.385) RuntimeGrid:None EditorOnly:0 RuntimeOnly:0 HLODRelevant:1 ListedInSceneOutliner:1 IsMainWorldOnly:0
 |   |   |- [+] [ 15]
 |   |   |   |- Guid:7E8481C046CFC88804775E807B81B209 BaseClass: NativeClass:/Script/Engine.StaticMeshActor Name:StaticMeshActor_UAID_E8808871396DF32002_1100754058 Label:SM_Bld_Castle_Floor_Stone_2 SpatiallyLoaded:1 Bounds:IsValid=true, Min=(X=-0.104 Y=0.000 Z=-25.000), Max=(X=500.000 Y=500.000 Z=3.480) RuntimeGrid:None EditorOnly:0 RuntimeOnly:0 HLODRelevant:1 ListedInSceneOutliner:1 IsMainWorldOnly:0
 |   |   |- [+] [ 16]
 |   |   |   |- Guid:94AAB5C24C71C12F9EE2D5A52AB5835B BaseClass: NativeClass:/Script/Engine.WorldDataLayers Name:WorldDataLayers Label:WorldDataLayers SpatiallyLoaded:0 Bounds:Invalid RuntimeGrid:None EditorOnly:0 RuntimeOnly:0 HLODRelevant:0 ListedInSceneOutliner:1 IsMainWorldOnly:1
 |   |   |- [+] [ 17]
 |   |   |   |- Guid:96C70A224E4F5F9E11E8F6B99CA0F573 BaseClass:/Game/Blueprint/Portals/Item/BP_RandomGenerator.BP_RandomGenerator_C NativeClass:/Script/Engine.Actor Name:BP_RandomGenerator_C_UAID_6C2408545297012302_1564993650 Label:BP_RandomGenerator SpatiallyLoaded:1 Bounds:IsValid=true, Min=(X=450.000 Y=380.000 Z=0.000), Max=(X=450.000 Y=380.000 Z=0.000) RuntimeGrid:None EditorOnly:0 RuntimeOnly:0 HLODRelevant:0 ListedInSceneOutliner:1 IsMainWorldOnly:0
 |   |   |- [+] [ 18]
 |   |   |   |- Guid:9CB0928A401780AC8CAD72830D9A828D BaseClass: NativeClass:/Script/Engine.StaticMeshActor Name:StaticMeshActor_UAID_E8808871396DF32002_1109962059 Label:SM_Bld_Castle_Floor_Stone_3 SpatiallyLoaded:1 Bounds:IsValid=true, Min=(X=-0.104 Y=500.000 Z=-25.000), Max=(X=500.000 Y=750.000 Z=3.480) RuntimeGrid:None EditorOnly:0 RuntimeOnly:0 HLODRelevant:1 ListedInSceneOutliner:1 IsMainWorldOnly:0
 |   |   |- [+] [ 19]
 |   |   |   |- Guid:A5DBC52844FC3A8303B35D9C99F18FE7 BaseClass: NativeClass:/Script/Engine.PointLight Name:PointLight_UAID_E8808871396DF32002_1810998081 Label:PointLight2 SpatiallyLoaded:1 Bounds:IsValid=true, Min=(X=-1600.000 Y=-1250.000 Z=-1750.000), Max=(X=2400.000 Y=2750.000 Z=2250.000) RuntimeGrid:None EditorOnly:0 RuntimeOnly:0 HLODRelevant:0 ListedInSceneOutliner:1 IsMainWorldOnly:0
 |   |   |- [+] [ 20]
 |   |   |   |- Guid:B8CD64B84DC1A74191E4A29917D6B37A BaseClass: NativeClass:/Script/Engine.StaticMeshActor Name:StaticMeshActor_UAID_E8808871396DF32002_1147579061 Label:SM_Bld_Castle_Floor_Stone_5 SpatiallyLoaded:1 Bounds:IsValid=true, Min=(X=-0.000 Y=996.520 Z=-0.104), Max=(X=500.000 Y=1025.000 Z=500.000) RuntimeGrid:None EditorOnly:0 RuntimeOnly:0 HLODRelevant:1 ListedInSceneOutliner:1 IsMainWorldOnly:0
 |   |   |- [+] [ 21]
 |   |   |   |- Guid:CF3345DD4243A98B15B421A72D246DBC BaseClass: NativeClass:/Script/Engine.StaticMeshActor Name:StaticMeshActor_UAID_E8808871396DF42002_1217964266 Label:SM_Prop_Torch_7 SpatiallyLoaded:1 Bounds:IsValid=true, Min=(X=238.016 Y=961.812 Z=270.200), Max=(X=261.984 Y=1002.917 Z=334.904) RuntimeGrid:None EditorOnly:0 RuntimeOnly:0 HLODRelevant:1 ListedInSceneOutliner:1 IsMainWorldOnly:0
 |   |   |- [+] [ 22]
 |   |   |   |- Guid:E584D2734100F8C4205DA7A13473EF95 BaseClass: NativeClass:/Script/Engine.StaticMeshActor Name:StaticMeshActor_UAID_E8808871396DF42002_1540529270 Label:SM_Bld_Castle_Floor_Stone_4 SpatiallyLoaded:1 Bounds:IsValid=true, Min=(X=-0.104 Y=750.000 Z=-25.000), Max=(X=500.000 Y=1000.000 Z=3.480) RuntimeGrid:None EditorOnly:0 RuntimeOnly:0 HLODRelevant:1 ListedInSceneOutliner:1 IsMainWorldOnly:0
 |   |   |- [+] [ 23]
 |   |   |   |- Guid:E758439C4996483098396FBFFA2F6AB1 BaseClass: NativeClass:/Script/Engine.PointLight Name:PointLight_UAID_E8808871396DF42002_1181752264 Label:PointLight4 SpatiallyLoaded:1 Bounds:IsValid=true, Min=(X=-1750.000 Y=-1050.000 Z=-1700.000), Max=(X=2250.000 Y=2950.000 Z=2300.000) RuntimeGrid:None EditorOnly:0 RuntimeOnly:0 HLODRelevant:0 ListedInSceneOutliner:1 IsMainWorldOnly:0
 |   |   |- [+] [ 24]
 |   |   |   |- Guid:F85C49174001CFD6749DF382121B42B1 BaseClass:/Game/Blueprint/Portals/portal/BP_Gate.BP_Gate_C NativeClass:/Script/Engine.Actor Name:BP_Gate_C_UAID_0A002700000D4C2202_1870285822 Label:BP_Gate2 SpatiallyLoaded:1 Bounds:IsValid=true, Min=(X=339.440 Y=-488.800 Z=446.880), Max=(X=520.560 Y=8.800 Z=473.120) RuntimeGrid:None EditorOnly:0 RuntimeOnly:0 HLODRelevant:0 ListedInSceneOutliner:1 IsMainWorldOnly:0
 |- ContainerInstances:
 |- [+] MainContainer:
 |   |-        ID: 00000000000000000000000000000000
 |   |-  ParentID: 00000000000000000000000000000000
 |   |-    Bounds: IsValid=true, Min=(X=-1750.000 Y=-2450.000 Z=-1750.000), Max=(X=2450.000 Y=2950.000 Z=2300.000)
 |   |- Transform: 0.000000,0.000000,0.000000|0.000000,0.000000,-0.000000|1.000000,1.000000,1.000000
 |   |- Container: /Game/Maps/room_up___stop
----------------------------------------------------------------------------------------------------------------
room_up___stop - Persistent Level
----------------------------------------------------------------------------------------------------------------
[+] Content of room_up___stop Persistent Level
 |- Always loaded Actor Count: 2 
 |- Actor Path: /Game/Maps/room_up___stop.room_up___stop:PersistentLevel.PlayerStart_UAID_0A002700000D1E2202_1702406687
 |- Actor Package: /Game/__ExternalActors__/Maps/room_up___stop/1/NB/64EAOASFUAYCIN4UQKDSX4
 |- Actor Path: /Game/Maps/room_up___stop.room_up___stop:PersistentLevel.WorldDataLayers
 |- Actor Package: /Game/__ExternalActors__/Maps/room_up___stop/2/8C/OTSBHTG6DIHEGDBW11QG6I

----------------------------------------------------------------------------------------------------------------
room_up___stop - Runtime Hash Set
----------------------------------------------------------------------------------------------------------------
[+] Content of Cell room_up___stop_MainGrid_-1_0_0_0 (2YPA1XFU3H4MZBBXBVEQ5X9E0)
 |- Actor Count: 1
 |- [+] /Game/Maps/room_up___stop.room_up___stop:PersistentLevel.BP_Bounds_C_UAID_0A002700000D1F2202_1513028886
 |   |-         Package: /Game/__ExternalActors__/Maps/room_up___stop/2/9K/1YAUH8VIVRQESGG2ZGCEVO
 |   |-     Editor Only: 0
 |   |-   Instance Guid: 3C302328470479E5C98E429B4ECE4F29
 |   |- [+] Container:
 |   |   |-        ID: 00000000000000000000000000000000
 |   |   |- Transform: 0.000000,0.000000,0.000000|0.000000,0.000000,-0.000000|1.000000,1.000000,1.000000
[+] Content of Cell room_up___stop_MainGrid_0_-1_0_0 (4CFHVSZKVY7EFA28F8WYWVALM)
 |- Actor Count: 7
 |- [+] /Game/Maps/room_up___stop.room_up___stop:PersistentLevel.StaticMeshActor_UAID_E8808871396DF42002_1989771273
 |   |-         Package: /Game/__ExternalActors__/Maps/room_up___stop/E/P8/QR2WJW2W2SEGERRC574LEW
 |   |-     Editor Only: 0
 |   |-   Instance Guid: 03342CDC4D210C9D2FCEE9BA2F3059AF
 |   |- [+] Container:
 |   |   |-        ID: 00000000000000000000000000000000
 |   |   |- Transform: 0.000000,0.000000,0.000000|0.000000,0.000000,-0.000000|1.000000,1.000000,1.000000
 |- [+] /Game/Maps/room_up___stop.room_up___stop:PersistentLevel.StaticMeshActor_UAID_0A002700000D332202_1493233378
 |   |-         Package: /Game/__ExternalActors__/Maps/room_up___stop/C/A8/OTPRC2T3HKKFKVJ6B2OWRU
 |   |-     Editor Only: 0
 |   |-   Instance Guid: 18550A4741BA51C5CD06359450F6C5E1
 |   |- [+] Container:
 |   |   |-        ID: 00000000000000000000000000000000
 |   |   |- Transform: 0.000000,0.000000,0.000000|0.000000,0.000000,-0.000000|1.000000,1.000000,1.000000
 |- [+] /Game/Maps/room_up___stop.room_up___stop:PersistentLevel.StaticMeshActor_UAID_E8808871396DF42002_1288873267
 |   |-         Package: /Game/__ExternalActors__/Maps/room_up___stop/F/0B/HN5S3Z615DMQ0CK80T8QIV
 |   |-     Editor Only: 0
 |   |-   Instance Guid: 2946478941EB0187042A6A8530CF7743
 |   |- [+] Container:
 |   |   |-        ID: 00000000000000000000000000000000
 |   |   |- Transform: 0.000000,0.000000,0.000000|0.000000,0.000000,-0.000000|1.000000,1.000000,1.000000
 |- [+] /Game/Maps/room_up___stop.room_up___stop:PersistentLevel.StaticMeshActor_UAID_E8808871396DF42002_1216147265
 |   |-         Package: /Game/__ExternalActors__/Maps/room_up___stop/6/VM/VJNH59G82Y9MODHSAKWYBJ
 |   |-     Editor Only: 0
 |   |-   Instance Guid: 40AEDCD14A4E06D48199F792A5393B9D
 |   |- [+] Container:
 |   |   |-        ID: 00000000000000000000000000000000
 |   |   |- Transform: 0.000000,0.000000,0.000000|0.000000,0.000000,-0.000000|1.000000,1.000000,1.000000
 |- [+] /Game/Maps/room_up___stop.room_up___stop:PersistentLevel.PointLight_UAID_E8808871396DF32002_2007658085
 |   |-         Package: /Game/__ExternalActors__/Maps/room_up___stop/A/QA/P8WARA0Y3GGO23QQIWD7FY
 |   |-     Editor Only: 0
 |   |-   Instance Guid: 559F2213404437751135F7B73DF793B0
 |   |- [+] Container:
 |   |   |-        ID: 00000000000000000000000000000000
 |   |   |- Transform: 0.000000,0.000000,0.000000|0.000000,0.000000,-0.000000|1.000000,1.000000,1.000000
 |- [+] /Game/Maps/room_up___stop.room_up___stop:PersistentLevel.StaticMeshActor_UAID_E8808871396DF32002_1404156067
 |   |-         Package: /Game/__ExternalActors__/Maps/room_up___stop/C/37/PN2Q7VH7OMXNAC3TYJH9DH
 |   |-     Editor Only: 0
 |   |-   Instance Guid: 6419D5D64FAF6478CF376B9B4B9036F8
 |   |- [+] Container:
 |   |   |-        ID: 00000000000000000000000000000000
 |   |   |- Transform: 0.000000,0.000000,0.000000|0.000000,0.000000,-0.000000|1.000000,1.000000,1.000000
 |- [+] /Game/Maps/room_up___stop.room_up___stop:PersistentLevel.BP_Gate_C_UAID_0A002700000D4C2202_1870285822
 |   |-         Package: /Game/__ExternalActors__/Maps/room_up___stop/A/OE/O9TLNMABUTB41K6OMGLR7E
 |   |-     Editor Only: 0
 |   |-   Instance Guid: F85C49174001CFD6749DF382121B42B1
 |   |- [+] Container:
 |   |   |-        ID: 00000000000000000000000000000000
 |   |   |- Transform: 0.000000,0.000000,0.000000|0.000000,0.000000,-0.000000|1.000000,1.000000,1.000000
[+] Content of Cell room_up___stop_MainGrid_0_-1_-1_0 (8C747IV6W10FD27BCW8UMG2U3)
 |- Actor Count: 1
 |- [+] /Game/Maps/room_up___stop.room_up___stop:PersistentLevel.StaticMeshActor_UAID_E8808871396DF22002_1619271881
 |   |-         Package: /Game/__ExternalActors__/Maps/room_up___stop/0/4R/DLRTPGP3LHI5RGKLDWMZIN
 |   |-     Editor Only: 0
 |   |-   Instance Guid: 20CEF879428BE5E55D6102A68F47844B
 |   |- [+] Container:
 |   |   |-        ID: 00000000000000000000000000000000
 |   |   |- Transform: 0.000000,0.000000,0.000000|0.000000,0.000000,-0.000000|1.000000,1.000000,1.000000
[+] Content of Cell room_up___stop_MainGrid_0_0_0_0 (CO7FUODUYU6AIBJSSRXG6DSUE)
 |- Actor Count: 11
 |- [+] /Game/Maps/room_up___stop.room_up___stop:PersistentLevel.StaticMeshActor_UAID_6C2408545297502202_1525132489
 |   |-         Package: /Game/__ExternalActors__/Maps/room_up___stop/E/GR/OOR32NIVTXWX2V1MCOZ24J
 |   |-     Editor Only: 0
 |   |-   Instance Guid: 12125DEE4294B875965C028F0CC96315
 |   |- [+] Container:
 |   |   |-        ID: 00000000000000000000000000000000
 |   |   |- Transform: 0.000000,0.000000,0.000000|0.000000,0.000000,-0.000000|1.000000,1.000000,1.000000
 |- [+] /Game/Maps/room_up___stop.room_up___stop:PersistentLevel.StaticMeshActor_UAID_E8808871396DF42002_1637844272
 |   |-         Package: /Game/__ExternalActors__/Maps/room_up___stop/6/V7/ZM6HHZK41ATWIJ9EG4NBIZ
 |   |-     Editor Only: 0
 |   |-   Instance Guid: 2017D198498220308B28FD99278EDC9E
 |   |- [+] Container:
 |   |   |-        ID: 00000000000000000000000000000000
 |   |   |- Transform: 0.000000,0.000000,0.000000|0.000000,0.000000,-0.000000|1.000000,1.000000,1.000000
 |- [+] /Game/Maps/room_up___stop.room_up___stop:PersistentLevel.StaticMeshActor_UAID_E8808871396DF42002_1164479263
 |   |-         Package: /Game/__ExternalActors__/Maps/room_up___stop/9/4O/O0Q904324WXAPI0K83F458
 |   |-     Editor Only: 0
 |   |-   Instance Guid: 4057F8474EB41055BB5F68845DB4842D
 |   |- [+] Container:
 |   |   |-        ID: 00000000000000000000000000000000
 |   |   |- Transform: 0.000000,0.000000,0.000000|0.000000,0.000000,-0.000000|1.000000,1.000000,1.000000
 |- [+] /Game/Maps/room_up___stop.room_up___stop:PersistentLevel.PointLight_UAID_E8808871396DF32002_1706056078
 |   |-         Package: /Game/__ExternalActors__/Maps/room_up___stop/6/3D/20LTN2BVWEMUXUXM7FWMAN
 |   |-     Editor Only: 0
 |   |-   Instance Guid: 43C14AA94749DCF358B15A85C0345206
 |   |- [+] Container:
 |   |   |-        ID: 00000000000000000000000000000000
 |   |   |- Transform: 0.000000,0.000000,0.000000|0.000000,0.000000,-0.000000|1.000000,1.000000,1.000000
 |- [+] /Game/Maps/room_up___stop.room_up___stop:PersistentLevel.StaticMeshActor_UAID_E8808871396DF32002_1670216077
 |   |-         Package: /Game/__ExternalActors__/Maps/room_up___stop/4/6R/LXRR0Y3OLGMF13OOF95E2W
 |   |-     Editor Only: 0
 |   |-   Instance Guid: 48DF95E04910E3CBFA366AA48C0CD517
 |   |- [+] Container:
 |   |   |-        ID: 00000000000000000000000000000000
 |   |   |- Transform: 0.000000,0.000000,0.000000|0.000000,0.000000,-0.000000|1.000000,1.000000,1.000000
 |- [+] /Game/Maps/room_up___stop.room_up___stop:PersistentLevel.StaticMeshActor_UAID_E8808871396DF32002_1173993062
 |   |-         Package: /Game/__ExternalActors__/Maps/room_up___stop/2/79/1H0O13ZWW5E7MADIN8J6EK
 |   |-     Editor Only: 0
 |   |-   Instance Guid: 565209094F43BF7A719B3E9F21E49FE2
 |   |- [+] Container:
 |   |   |-        ID: 00000000000000000000000000000000
 |   |   |- Transform: 0.000000,0.000000,0.000000|0.000000,0.000000,-0.000000|1.000000,1.000000,1.000000
 |- [+] /Game/Maps/room_up___stop.room_up___stop:PersistentLevel.BP_RandomGenerator_C_UAID_6C2408545297012302_1564993650
 |   |-         Package: /Game/__ExternalActors__/Maps/room_up___stop/C/VB/DY9PSVNOA10A1L0D69FGBR
 |   |-     Editor Only: 0
 |   |-   Instance Guid: 96C70A224E4F5F9E11E8F6B99CA0F573
 |   |- [+] Container:
 |   |   |-        ID: 00000000000000000000000000000000
 |   |   |- Transform: 0.000000,0.000000,0.000000|0.000000,0.000000,-0.000000|1.000000,1.000000,1.000000
 |- [+] /Game/Maps/room_up___stop.room_up___stop:PersistentLevel.PointLight_UAID_E8808871396DF32002_1810998081
 |   |-         Package: /Game/__ExternalActors__/Maps/room_up___stop/6/VN/EMH0FM3C03775IKI7NYATA
 |   |-     Editor Only: 0
 |   |-   Instance Guid: A5DBC52844FC3A8303B35D9C99F18FE7
 |   |- [+] Container:
 |   |   |-        ID: 00000000000000000000000000000000
 |   |   |- Transform: 0.000000,0.000000,0.000000|0.000000,0.000000,-0.000000|1.000000,1.000000,1.000000
 |- [+] /Game/Maps/room_up___stop.room_up___stop:PersistentLevel.StaticMeshActor_UAID_E8808871396DF32002_1147579061
 |   |-         Package: /Game/__ExternalActors__/Maps/room_up___stop/5/YR/VTRP03QA2EAC51OUZCK73X
 |   |-     Editor Only: 0
 |   |-   Instance Guid: B8CD64B84DC1A74191E4A29917D6B37A
 |   |- [+] Container:
 |   |   |-        ID: 00000000000000000000000000000000
 |   |   |- Transform: 0.000000,0.000000,0.000000|0.000000,0.000000,-0.000000|1.000000,1.000000,1.000000
 |- [+] /Game/Maps/room_up___stop.room_up___stop:PersistentLevel.StaticMeshActor_UAID_E8808871396DF42002_1217964266
 |   |-         Package: /Game/__ExternalActors__/Maps/room_up___stop/5/ZJ/8ILWVIIEZCJG6KMAL459YD
 |   |-     Editor Only: 0
 |   |-   Instance Guid: CF3345DD4243A98B15B421A72D246DBC
 |   |- [+] Container:
 |   |   |-        ID: 00000000000000000000000000000000
 |   |   |- Transform: 0.000000,0.000000,0.000000|0.000000,0.000000,-0.000000|1.000000,1.000000,1.000000
 |- [+] /Game/Maps/room_up___stop.room_up___stop:PersistentLevel.PointLight_UAID_E8808871396DF42002_1181752264
 |   |-         Package: /Game/__ExternalActors__/Maps/room_up___stop/C/J6/XLXV2SO3ZLW2R2DTEWMMMN
 |   |-     Editor Only: 0
 |   |-   Instance Guid: E758439C4996483098396FBFFA2F6AB1
 |   |- [+] Container:
 |   |   |-        ID: 00000000000000000000000000000000
 |   |   |- Transform: 0.000000,0.000000,0.000000|0.000000,0.000000,-0.000000|1.000000,1.000000,1.000000
[+] Content of Cell room_up___stop_MainGrid_0_0_-1_0 (D74V8L0AAFD8F8L8OV2FA7O5C)
 |- Actor Count: 3
 |- [+] /Game/Maps/room_up___stop.room_up___stop:PersistentLevel.StaticMeshActor_UAID_E8808871396DF32002_1100754058
 |   |-         Package: /Game/__ExternalActors__/Maps/room_up___stop/2/D0/PDJROSYB7AXMSKFWYKLU7W
 |   |-     Editor Only: 0
 |   |-   Instance Guid: 7E8481C046CFC88804775E807B81B209
 |   |- [+] Container:
 |   |   |-        ID: 00000000000000000000000000000000
 |   |   |- Transform: 0.000000,0.000000,0.000000|0.000000,0.000000,-0.000000|1.000000,1.000000,1.000000
 |- [+] /Game/Maps/room_up___stop.room_up___stop:PersistentLevel.StaticMeshActor_UAID_E8808871396DF32002_1109962059
 |   |-         Package: /Game/__ExternalActors__/Maps/room_up___stop/2/W3/6L3G9BSSONEBPZNR2Z7MDE
 |   |-     Editor Only: 0
 |   |-   Instance Guid: 9CB0928A401780AC8CAD72830D9A828D
 |   |- [+] Container:
 |   |   |-        ID: 00000000000000000000000000000000
 |   |   |- Transform: 0.000000,0.000000,0.000000|0.000000,0.000000,-0.000000|1.000000,1.000000,1.000000
 |- [+] /Game/Maps/room_up___stop.room_up___stop:PersistentLevel.StaticMeshActor_UAID_E8808871396DF42002_1540529270
 |   |-         Package: /Game/__ExternalActors__/Maps/room_up___stop/8/AM/YLEHVDBK8TB3VTCW28SOYD
 |   |-     Editor Only: 0
 |   |-   Instance Guid: E584D2734100F8C4205DA7A13473EF95
 |   |- [+] Container:
 |   |   |-        ID: 00000000000000000000000000000000
 |   |   |- Transform: 0.000000,0.000000,0.000000|0.000000,0.000000,-0.000000|1.000000,1.000000,1.000000

